====================================================================
Time Encountered: January 23, 2014, 10:04:53 AM
Error Type: Warning (Error #2)
Error String: gethostbyaddr(): Address is not a valid IPv4 or IPv6 address
Error File: /home/u878484976/public_html/flash.php
Error Line: 53
====================================================================
====================================================================
Time Encountered: January 23, 2014, 10:06:04 AM
Error Type: Warning (Error #2)
Error String: gethostbyaddr(): Address is not a valid IPv4 or IPv6 address
Error File: /home/u878484976/public_html/flash.php
Error Line: 53
====================================================================
====================================================================
Time Encountered: January 23, 2014, 10:06:58 AM
Error Type: Warning (Error #2)
Error String: gethostbyaddr(): Address is not a valid IPv4 or IPv6 address
Error File: /home/u878484976/public_html/shower.php
Error Line: 53
====================================================================
====================================================================
Time Encountered: January 23, 2014, 1:05:52 PM
Error Type: Warning (Error #2)
Error String: gethostbyaddr(): Address is not a valid IPv4 or IPv6 address
Error File: /home/u878484976/public_html/news.php
Error Line: 53
====================================================================
====================================================================
Time Encountered: January 23, 2014, 1:07:10 PM
Error Type: Warning (Error #2)
Error String: gethostbyaddr(): Address is not a valid IPv4 or IPv6 address
Error File: /home/u878484976/public_html/news.php
Error Line: 53
====================================================================
====================================================================
Time Encountered: January 23, 2014, 1:07:56 PM
Error Type: Warning (Error #2)
Error String: gethostbyaddr(): Address is not a valid IPv4 or IPv6 address
Error File: /home/u878484976/public_html/news.php
Error Line: 53
====================================================================
====================================================================
Time Encountered: January 23, 2014, 1:08:31 PM
Error Type: Warning (Error #2)
Error String: gethostbyaddr(): Address is not a valid IPv4 or IPv6 address
Error File: /home/u878484976/public_html/news.php
Error Line: 53
====================================================================
====================================================================
Time Encountered: January 23, 2014, 1:08:57 PM
Error Type: Warning (Error #2)
Error String: gethostbyaddr(): Address is not a valid IPv4 or IPv6 address
Error File: /home/u878484976/public_html/news.php
Error Line: 53
====================================================================
====================================================================
Time Encountered: January 23, 2014, 1:09:47 PM
Error Type: Warning (Error #2)
Error String: gethostbyaddr(): Address is not a valid IPv4 or IPv6 address
Error File: /home/u878484976/public_html/news.php
Error Line: 53
====================================================================
====================================================================
Time Encountered: January 23, 2014, 1:11:31 PM
Error Type: Warning (Error #2)
Error String: gethostbyaddr(): Address is not a valid IPv4 or IPv6 address
Error File: /home/u878484976/public_html/news.php
Error Line: 53
====================================================================
