====================================================================
Time Encountered: January 28, 2014, 10:07:30 PM
Error Type: Warning (Error #2)
Error String: gethostbyaddr(): Address is not a valid IPv4 or IPv6 address
Error File: /home/u878484976/public_html/news.php
Error Line: 53
====================================================================
====================================================================
Time Encountered: January 28, 2014, 10:08:26 PM
Error Type: Warning (Error #2)
Error String: gethostbyaddr(): Address is not a valid IPv4 or IPv6 address
Error File: /home/u878484976/public_html/news.php
Error Line: 53
====================================================================
====================================================================
Time Encountered: January 28, 2014, 10:15:53 PM
Error Type: Warning (Error #2)
Error String: gethostbyaddr(): Address is not a valid IPv4 or IPv6 address
Error File: /home/u878484976/public_html/news.php
Error Line: 53
====================================================================
====================================================================
Time Encountered: January 28, 2014, 10:16:25 PM
Error Type: Warning (Error #2)
Error String: gethostbyaddr(): Address is not a valid IPv4 or IPv6 address
Error File: /home/u878484976/public_html/news.php
Error Line: 53
====================================================================
====================================================================
Time Encountered: January 28, 2014, 10:19:14 PM
Error Type: Warning (Error #2)
Error String: gethostbyaddr(): Address is not a valid IPv4 or IPv6 address
Error File: /home/u878484976/public_html/shower.php
Error Line: 53
====================================================================
====================================================================
Time Encountered: January 28, 2014, 10:19:39 PM
Error Type: Warning (Error #2)
Error String: gethostbyaddr(): Address is not a valid IPv4 or IPv6 address
Error File: /home/u878484976/public_html/news.php
Error Line: 53
====================================================================
