====================================================================
Time Encountered: February 5, 2014, 6:53:05 AM
Error Type: Warning (Error #2)
Error String: gethostbyaddr(): Address is not a valid IPv4 or IPv6 address
Error File: /home/u415325995/public_html/news.php
Error Line: 53
====================================================================
====================================================================
Time Encountered: February 5, 2014, 6:53:10 AM
Error Type: Warning (Error #2)
Error String: gethostbyaddr(): Address is not a valid IPv4 or IPv6 address
Error File: /home/u415325995/public_html/flash.php
Error Line: 53
====================================================================
====================================================================
Time Encountered: February 5, 2014, 7:17:07 AM
Error Type: Warning (Error #2)
Error String: gethostbyaddr(): Address is not a valid IPv4 or IPv6 address
Error File: /home/u415325995/public_html/flash.php
Error Line: 53
====================================================================
====================================================================
Time Encountered: February 5, 2014, 7:17:13 AM
Error Type: Warning (Error #2)
Error String: gethostbyaddr(): Address is not a valid IPv4 or IPv6 address
Error File: /home/u415325995/public_html/news.php
Error Line: 53
====================================================================
====================================================================
Time Encountered: February 5, 2014, 7:47:42 AM
Error Type: Warning (Error #2)
Error String: gethostbyaddr(): Address is not a valid IPv4 or IPv6 address
Error File: /home/u415325995/public_html/news.php
Error Line: 53
====================================================================
====================================================================
Time Encountered: February 5, 2014, 7:48:52 AM
Error Type: Warning (Error #2)
Error String: gethostbyaddr(): Address is not a valid IPv4 or IPv6 address
Error File: /home/u415325995/public_html/flash.php
Error Line: 53
====================================================================
====================================================================
Time Encountered: February 5, 2014, 4:25:14 PM
Error Type: Warning (Error #2)
Error String: gethostbyaddr(): Address is not a valid IPv4 or IPv6 address
Error File: /home/u415325995/public_html/flash.php
Error Line: 53
====================================================================
