====================================================================
Time Encountered: February 6, 2014, 12:04:53 AM
Error Type: Warning (Error #2)
Error String: gethostbyaddr(): Address is not a valid IPv4 or IPv6 address
Error File: /home/u415325995/public_html/news.php
Error Line: 53
====================================================================
====================================================================
Time Encountered: February 6, 2014, 12:56:07 AM
Error Type: Warning (Error #2)
Error String: gethostbyaddr(): Address is not a valid IPv4 or IPv6 address
Error File: /home/u415325995/public_html/news.php
Error Line: 53
====================================================================
====================================================================
Time Encountered: February 6, 2014, 12:56:15 AM
Error Type: Warning (Error #2)
Error String: gethostbyaddr(): Address is not a valid IPv4 or IPv6 address
Error File: /home/u415325995/public_html/flash.php
Error Line: 53
====================================================================
====================================================================
Time Encountered: February 6, 2014, 11:04:33 AM
Error Type: Warning (Error #2)
Error String: gethostbyaddr(): Address is not a valid IPv4 or IPv6 address
Error File: /home/u415325995/public_html/flash.php
Error Line: 53
====================================================================
