====================================================================
Time Encountered: February 11, 2014, 12:32:23 PM
Error Type: Warning (Error #2)
Error String: gethostbyaddr(): Address is not a valid IPv4 or IPv6 address
Error File: /home/u415325995/public_html/news.php
Error Line: 53
====================================================================
====================================================================
Time Encountered: February 11, 2014, 12:41:16 PM
Error Type: Warning (Error #2)
Error String: gethostbyaddr(): Address is not a valid IPv4 or IPv6 address
Error File: /home/u415325995/public_html/flash.php
Error Line: 53
====================================================================
====================================================================
Time Encountered: February 11, 2014, 12:47:09 PM
Error Type: Warning (Error #2)
Error String: gethostbyaddr(): Address is not a valid IPv4 or IPv6 address
Error File: /home/u415325995/public_html/news.php
Error Line: 53
====================================================================
====================================================================
Time Encountered: February 11, 2014, 1:11:18 PM
Error Type: Warning (Error #2)
Error String: gethostbyaddr(): Address is not a valid IPv4 or IPv6 address
Error File: /home/u415325995/public_html/flash.php
Error Line: 53
====================================================================
