====================================================================
Time Encountered: March 25, 2018, 8:51:16 PM
Error Type: Warning (Error #2)
Error String: ob_start(): second array member is not a valid method
Error File: C:\wamp\www\imgwolf\source\includes\data.php
Error Line: 78
====================================================================
====================================================================
Time Encountered: March 25, 2018, 8:51:24 PM
Error Type: Warning (Error #2)
Error String: ob_start(): second array member is not a valid method
Error File: C:\wamp\www\imgwolf\source\includes\data.php
Error Line: 78
====================================================================
====================================================================
Time Encountered: March 25, 2018, 8:51:36 PM
Error Type: Warning (Error #2)
Error String: ob_start(): second array member is not a valid method
Error File: C:\wamp\www\imgwolf\source\includes\data.php
Error Line: 78
====================================================================
====================================================================
Time Encountered: March 25, 2018, 8:55:36 PM
Error Type: Warning (Error #2)
Error String: ob_start(): second array member is not a valid method
Error File: C:\wamp\www\imgwolf\source\includes\data.php
Error Line: 78
====================================================================
====================================================================
Time Encountered: March 25, 2018, 9:06:00 PM
Error Type: Warning (Error #2)
Error String: ob_start(): second array member is not a valid method
Error File: C:\wamp\www\imgwolf\source\includes\data.php
Error Line: 78
====================================================================
====================================================================
Time Encountered: March 25, 2018, 9:11:59 PM
Error Type: Warning (Error #2)
Error String: ob_start(): second array member is not a valid method
Error File: C:\wamp\www\imgwolf\source\includes\data.php
Error Line: 78
====================================================================
====================================================================
Time Encountered: March 25, 2018, 9:12:01 PM
Error Type: Warning (Error #2)
Error String: ob_start(): second array member is not a valid method
Error File: C:\wamp\www\imgwolf\source\includes\data.php
Error Line: 78
====================================================================
====================================================================
Time Encountered: March 25, 2018, 9:12:04 PM
Error Type: Warning (Error #2)
Error String: ob_start(): second array member is not a valid method
Error File: C:\wamp\www\imgwolf\source\includes\data.php
Error Line: 78
====================================================================
====================================================================
Time Encountered: March 25, 2018, 9:12:06 PM
Error Type: Warning (Error #2)
Error String: ob_start(): second array member is not a valid method
Error File: C:\wamp\www\imgwolf\source\includes\data.php
Error Line: 78
====================================================================
====================================================================
Time Encountered: March 25, 2018, 9:12:07 PM
Error Type: Warning (Error #2)
Error String: ob_start(): second array member is not a valid method
Error File: C:\wamp\www\imgwolf\source\includes\data.php
Error Line: 78
====================================================================
====================================================================
Time Encountered: March 25, 2018, 9:13:07 PM
Error Type: Warning (Error #2)
Error String: ob_start(): second array member is not a valid method
Error File: C:\wamp\www\imgwolf\source\includes\data.php
Error Line: 78
====================================================================
====================================================================
Time Encountered: March 25, 2018, 9:13:08 PM
Error Type: Warning (Error #2)
Error String: mysql_connect(): php_network_getaddresses: getaddrinfo failed: Host desconocido. 
Error File: C:\wamp\www\imgwolf\source\includes\database.php
Error Line: 20
====================================================================
====================================================================
Time Encountered: March 25, 2018, 9:13:08 PM
Error Type: Warning (Error #2)
Error String: mysql_connect(): php_network_getaddresses: getaddrinfo failed: Host desconocido. 
Error File: C:\wamp\www\imgwolf\source\includes\database.php
Error Line: 20
====================================================================
