====================================================================
Time Encountered: May 4, 2016, 3:15:47 PM
Error Type: Warning (Error #2)
Error String: ob_start(): second array member is not a valid method
Error File: C:\wamp\www\ImgWolf\source\includes\data.php
Error Line: 78
====================================================================
====================================================================
Time Encountered: May 4, 2016, 4:59:57 PM
Error Type: Warning (Error #2)
Error String: ob_start(): second array member is not a valid method
Error File: C:\wamp\www\ImgWolf\source\includes\data.php
Error Line: 78
====================================================================
====================================================================
Time Encountered: May 4, 2016, 5:00:00 PM
Error Type: Warning (Error #2)
Error String: ob_start(): second array member is not a valid method
Error File: C:\wamp\www\ImgWolf\source\includes\data.php
Error Line: 78
====================================================================
====================================================================
Time Encountered: May 4, 2016, 5:00:02 PM
Error Type: Warning (Error #2)
Error String: ob_start(): second array member is not a valid method
Error File: C:\wamp\www\ImgWolf\source\includes\data.php
Error Line: 78
====================================================================
====================================================================
Time Encountered: May 4, 2016, 5:00:10 PM
Error Type: Warning (Error #2)
Error String: ob_start(): second array member is not a valid method
Error File: C:\wamp\www\ImgWolf\source\includes\data.php
Error Line: 78
====================================================================
====================================================================
Time Encountered: May 4, 2016, 5:00:13 PM
Error Type: Warning (Error #2)
Error String: ob_start(): second array member is not a valid method
Error File: C:\wamp\www\ImgWolf\source\includes\data.php
Error Line: 78
====================================================================
====================================================================
Time Encountered: May 4, 2016, 5:00:24 PM
Error Type: Warning (Error #2)
Error String: ob_start(): second array member is not a valid method
Error File: C:\wamp\www\ImgWolf\source\includes\data.php
Error Line: 78
====================================================================
====================================================================
Time Encountered: May 4, 2016, 5:00:26 PM
Error Type: Warning (Error #2)
Error String: ob_start(): second array member is not a valid method
Error File: C:\wamp\www\ImgWolf\source\includes\data.php
Error Line: 78
====================================================================
====================================================================
Time Encountered: May 4, 2016, 5:00:35 PM
Error Type: Warning (Error #2)
Error String: ob_start(): second array member is not a valid method
Error File: C:\wamp\www\ImgWolf\source\includes\data.php
Error Line: 78
====================================================================
====================================================================
Time Encountered: May 4, 2016, 5:00:40 PM
Error Type: Warning (Error #2)
Error String: ob_start(): second array member is not a valid method
Error File: C:\wamp\www\ImgWolf\source\includes\data.php
Error Line: 78
====================================================================
====================================================================
Time Encountered: May 4, 2016, 5:00:49 PM
Error Type: Warning (Error #2)
Error String: ob_start(): second array member is not a valid method
Error File: C:\wamp\www\ImgWolf\source\includes\data.php
Error Line: 78
====================================================================
====================================================================
Time Encountered: May 4, 2016, 5:00:51 PM
Error Type: Warning (Error #2)
Error String: ob_start(): second array member is not a valid method
Error File: C:\wamp\www\ImgWolf\source\includes\data.php
Error Line: 78
====================================================================
====================================================================
Time Encountered: May 4, 2016, 5:00:55 PM
Error Type: Warning (Error #2)
Error String: ob_start(): second array member is not a valid method
Error File: C:\wamp\www\ImgWolf\source\includes\data.php
Error Line: 78
====================================================================
====================================================================
Time Encountered: May 4, 2016, 5:01:07 PM
Error Type: Warning (Error #2)
Error String: ob_start(): second array member is not a valid method
Error File: C:\wamp\www\ImgWolf\source\includes\data.php
Error Line: 78
====================================================================
====================================================================
Time Encountered: May 4, 2016, 5:01:10 PM
Error Type: Warning (Error #2)
Error String: ob_start(): second array member is not a valid method
Error File: C:\wamp\www\ImgWolf\source\includes\data.php
Error Line: 78
====================================================================
====================================================================
Time Encountered: May 4, 2016, 5:01:12 PM
Error Type: Warning (Error #2)
Error String: ob_start(): second array member is not a valid method
Error File: C:\wamp\www\ImgWolf\source\includes\data.php
Error Line: 78
====================================================================
====================================================================
Time Encountered: May 4, 2016, 5:01:26 PM
Error Type: Warning (Error #2)
Error String: ob_start(): second array member is not a valid method
Error File: C:\wamp\www\ImgWolf\source\includes\data.php
Error Line: 78
====================================================================
====================================================================
Time Encountered: May 4, 2016, 5:01:35 PM
Error Type: Warning (Error #2)
Error String: ob_start(): second array member is not a valid method
Error File: C:\wamp\www\ImgWolf\source\includes\data.php
Error Line: 78
====================================================================
====================================================================
Time Encountered: May 4, 2016, 5:01:43 PM
Error Type: Warning (Error #2)
Error String: ob_start(): second array member is not a valid method
Error File: C:\wamp\www\ImgWolf\source\includes\data.php
Error Line: 78
====================================================================
====================================================================
Time Encountered: May 4, 2016, 5:01:44 PM
Error Type: Warning (Error #2)
Error String: ob_start(): second array member is not a valid method
Error File: C:\wamp\www\ImgWolf\source\includes\data.php
Error Line: 78
====================================================================
====================================================================
Time Encountered: May 4, 2016, 5:01:48 PM
Error Type: Warning (Error #2)
Error String: ob_start(): second array member is not a valid method
Error File: C:\wamp\www\ImgWolf\source\includes\data.php
Error Line: 78
====================================================================
====================================================================
Time Encountered: May 4, 2016, 5:01:50 PM
Error Type: Warning (Error #2)
Error String: ob_start(): second array member is not a valid method
Error File: C:\wamp\www\ImgWolf\source\includes\data.php
Error Line: 78
====================================================================
====================================================================
Time Encountered: May 4, 2016, 5:01:57 PM
Error Type: Warning (Error #2)
Error String: ob_start(): second array member is not a valid method
Error File: C:\wamp\www\ImgWolf\source\includes\data.php
Error Line: 78
====================================================================
====================================================================
Time Encountered: May 4, 2016, 5:02:03 PM
Error Type: Warning (Error #2)
Error String: ob_start(): second array member is not a valid method
Error File: C:\wamp\www\ImgWolf\source\includes\data.php
Error Line: 78
====================================================================
====================================================================
Time Encountered: May 4, 2016, 5:02:09 PM
Error Type: Warning (Error #2)
Error String: ob_start(): second array member is not a valid method
Error File: C:\wamp\www\ImgWolf\source\includes\data.php
Error Line: 78
====================================================================
====================================================================
Time Encountered: May 4, 2016, 5:02:24 PM
Error Type: Warning (Error #2)
Error String: ob_start(): second array member is not a valid method
Error File: C:\wamp\www\ImgWolf\source\includes\data.php
Error Line: 78
====================================================================
====================================================================
Time Encountered: May 4, 2016, 5:02:27 PM
Error Type: Warning (Error #2)
Error String: ob_start(): second array member is not a valid method
Error File: C:\wamp\www\ImgWolf\source\includes\data.php
Error Line: 78
====================================================================
====================================================================
Time Encountered: May 4, 2016, 5:02:30 PM
Error Type: Warning (Error #2)
Error String: ob_start(): second array member is not a valid method
Error File: C:\wamp\www\ImgWolf\source\includes\data.php
Error Line: 78
====================================================================
====================================================================
Time Encountered: May 4, 2016, 5:02:33 PM
Error Type: Warning (Error #2)
Error String: ob_start(): second array member is not a valid method
Error File: C:\wamp\www\ImgWolf\source\includes\data.php
Error Line: 78
====================================================================
====================================================================
Time Encountered: May 4, 2016, 5:02:34 PM
Error Type: Warning (Error #2)
Error String: ob_start(): second array member is not a valid method
Error File: C:\wamp\www\ImgWolf\source\includes\data.php
Error Line: 78
====================================================================
====================================================================
Time Encountered: May 4, 2016, 5:02:50 PM
Error Type: Warning (Error #2)
Error String: ob_start(): second array member is not a valid method
Error File: C:\wamp\www\ImgWolf\source\includes\data.php
Error Line: 78
====================================================================
====================================================================
Time Encountered: May 4, 2016, 5:02:52 PM
Error Type: Warning (Error #2)
Error String: ob_start(): second array member is not a valid method
Error File: C:\wamp\www\ImgWolf\source\includes\data.php
Error Line: 78
====================================================================
====================================================================
Time Encountered: May 4, 2016, 5:03:05 PM
Error Type: Warning (Error #2)
Error String: ob_start(): second array member is not a valid method
Error File: C:\wamp\www\ImgWolf\source\includes\data.php
Error Line: 78
====================================================================
====================================================================
Time Encountered: May 4, 2016, 5:03:08 PM
Error Type: Warning (Error #2)
Error String: ob_start(): second array member is not a valid method
Error File: C:\wamp\www\ImgWolf\source\includes\data.php
Error Line: 78
====================================================================
====================================================================
Time Encountered: May 4, 2016, 5:03:15 PM
Error Type: Warning (Error #2)
Error String: ob_start(): second array member is not a valid method
Error File: C:\wamp\www\ImgWolf\source\includes\data.php
Error Line: 78
====================================================================
====================================================================
Time Encountered: May 4, 2016, 5:03:27 PM
Error Type: Warning (Error #2)
Error String: ob_start(): second array member is not a valid method
Error File: C:\wamp\www\ImgWolf\source\includes\data.php
Error Line: 78
====================================================================
====================================================================
Time Encountered: May 4, 2016, 5:03:30 PM
Error Type: Warning (Error #2)
Error String: ob_start(): second array member is not a valid method
Error File: C:\wamp\www\ImgWolf\source\includes\data.php
Error Line: 78
====================================================================
====================================================================
Time Encountered: May 4, 2016, 5:03:33 PM
Error Type: Warning (Error #2)
Error String: ob_start(): second array member is not a valid method
Error File: C:\wamp\www\ImgWolf\source\includes\data.php
Error Line: 78
====================================================================
====================================================================
Time Encountered: May 4, 2016, 5:03:41 PM
Error Type: Warning (Error #2)
Error String: ob_start(): second array member is not a valid method
Error File: C:\wamp\www\ImgWolf\source\includes\data.php
Error Line: 78
====================================================================
====================================================================
Time Encountered: May 4, 2016, 5:04:24 PM
Error Type: Warning (Error #2)
Error String: ob_start(): second array member is not a valid method
Error File: C:\wamp\www\ImgWolf\source\includes\data.php
Error Line: 78
====================================================================
====================================================================
Time Encountered: May 4, 2016, 5:04:37 PM
Error Type: Warning (Error #2)
Error String: ob_start(): second array member is not a valid method
Error File: C:\wamp\www\ImgWolf\source\includes\data.php
Error Line: 78
====================================================================
====================================================================
Time Encountered: May 4, 2016, 5:04:41 PM
Error Type: Warning (Error #2)
Error String: ob_start(): second array member is not a valid method
Error File: C:\wamp\www\ImgWolf\source\includes\data.php
Error Line: 78
====================================================================
====================================================================
Time Encountered: May 4, 2016, 5:04:49 PM
Error Type: Warning (Error #2)
Error String: ob_start(): second array member is not a valid method
Error File: C:\wamp\www\ImgWolf\source\includes\data.php
Error Line: 78
====================================================================
====================================================================
Time Encountered: May 4, 2016, 5:04:50 PM
Error Type: Warning (Error #2)
Error String: ob_start(): second array member is not a valid method
Error File: C:\wamp\www\ImgWolf\source\includes\data.php
Error Line: 78
====================================================================
====================================================================
Time Encountered: May 4, 2016, 5:04:52 PM
Error Type: Warning (Error #2)
Error String: ob_start(): second array member is not a valid method
Error File: C:\wamp\www\ImgWolf\source\includes\data.php
Error Line: 78
====================================================================
====================================================================
Time Encountered: May 4, 2016, 5:04:56 PM
Error Type: Warning (Error #2)
Error String: ob_start(): second array member is not a valid method
Error File: C:\wamp\www\ImgWolf\source\includes\data.php
Error Line: 78
====================================================================
====================================================================
Time Encountered: May 4, 2016, 5:05:07 PM
Error Type: Warning (Error #2)
Error String: ob_start(): second array member is not a valid method
Error File: C:\wamp\www\ImgWolf\source\includes\data.php
Error Line: 78
====================================================================
====================================================================
Time Encountered: May 4, 2016, 5:05:12 PM
Error Type: Warning (Error #2)
Error String: ob_start(): second array member is not a valid method
Error File: C:\wamp\www\ImgWolf\source\includes\data.php
Error Line: 78
====================================================================
====================================================================
Time Encountered: May 4, 2016, 5:06:58 PM
Error Type: Warning (Error #2)
Error String: ob_start(): second array member is not a valid method
Error File: C:\wamp\www\ImgWolf\source\includes\data.php
Error Line: 78
====================================================================
====================================================================
Time Encountered: May 4, 2016, 5:07:47 PM
Error Type: Warning (Error #2)
Error String: ob_start(): second array member is not a valid method
Error File: C:\wamp\www\ImgWolf\source\includes\data.php
Error Line: 78
====================================================================
====================================================================
Time Encountered: May 4, 2016, 5:09:07 PM
Error Type: Warning (Error #2)
Error String: ob_start(): second array member is not a valid method
Error File: C:\wamp\www\ImgWolf\source\includes\data.php
Error Line: 78
====================================================================
====================================================================
Time Encountered: May 4, 2016, 5:10:55 PM
Error Type: Warning (Error #2)
Error String: ob_start(): second array member is not a valid method
Error File: C:\wamp\www\ImgWolf\source\includes\data.php
Error Line: 78
====================================================================
====================================================================
Time Encountered: May 4, 2016, 5:11:03 PM
Error Type: Warning (Error #2)
Error String: ob_start(): second array member is not a valid method
Error File: C:\wamp\www\ImgWolf\source\includes\data.php
Error Line: 78
====================================================================
====================================================================
Time Encountered: May 4, 2016, 5:11:09 PM
Error Type: Warning (Error #2)
Error String: ob_start(): second array member is not a valid method
Error File: C:\wamp\www\ImgWolf\source\includes\data.php
Error Line: 78
====================================================================
====================================================================
Time Encountered: May 4, 2016, 5:14:57 PM
Error Type: Warning (Error #2)
Error String: ob_start(): second array member is not a valid method
Error File: C:\wamp\www\ImgWolf\source\includes\data.php
Error Line: 78
====================================================================
====================================================================
Time Encountered: May 4, 2016, 5:15:05 PM
Error Type: Warning (Error #2)
Error String: ob_start(): second array member is not a valid method
Error File: C:\wamp\www\ImgWolf\source\includes\data.php
Error Line: 78
====================================================================
====================================================================
Time Encountered: May 4, 2016, 5:16:23 PM
Error Type: Warning (Error #2)
Error String: ob_start(): second array member is not a valid method
Error File: C:\wamp\www\ImgWolf\source\includes\data.php
Error Line: 78
====================================================================
====================================================================
Time Encountered: May 4, 2016, 5:19:53 PM
Error Type: Warning (Error #2)
Error String: ob_start(): second array member is not a valid method
Error File: C:\wamp\www\ImgWolf\source\includes\data.php
Error Line: 78
====================================================================
====================================================================
Time Encountered: May 4, 2016, 5:21:22 PM
Error Type: Warning (Error #2)
Error String: ob_start(): second array member is not a valid method
Error File: C:\wamp\www\ImgWolf\source\includes\data.php
Error Line: 78
====================================================================
====================================================================
Time Encountered: May 4, 2016, 5:21:25 PM
Error Type: Warning (Error #2)
Error String: ob_start(): second array member is not a valid method
Error File: C:\wamp\www\ImgWolf\source\includes\data.php
Error Line: 78
====================================================================
====================================================================
Time Encountered: May 4, 2016, 5:21:37 PM
Error Type: Warning (Error #2)
Error String: ob_start(): second array member is not a valid method
Error File: C:\wamp\www\ImgWolf\source\includes\data.php
Error Line: 78
====================================================================
====================================================================
Time Encountered: May 4, 2016, 5:21:43 PM
Error Type: Warning (Error #2)
Error String: ob_start(): second array member is not a valid method
Error File: C:\wamp\www\ImgWolf\source\includes\data.php
Error Line: 78
====================================================================
====================================================================
Time Encountered: May 4, 2016, 5:21:53 PM
Error Type: Warning (Error #2)
Error String: ob_start(): second array member is not a valid method
Error File: C:\wamp\www\ImgWolf\source\includes\data.php
Error Line: 78
====================================================================
====================================================================
Time Encountered: May 4, 2016, 5:22:09 PM
Error Type: Warning (Error #2)
Error String: ob_start(): second array member is not a valid method
Error File: C:\wamp\www\ImgWolf\source\includes\data.php
Error Line: 78
====================================================================
====================================================================
Time Encountered: May 4, 2016, 5:22:11 PM
Error Type: Warning (Error #2)
Error String: ob_start(): second array member is not a valid method
Error File: C:\wamp\www\ImgWolf\source\includes\data.php
Error Line: 78
====================================================================
====================================================================
Time Encountered: May 4, 2016, 5:22:13 PM
Error Type: Warning (Error #2)
Error String: ob_start(): second array member is not a valid method
Error File: C:\wamp\www\ImgWolf\source\includes\data.php
Error Line: 78
====================================================================
====================================================================
Time Encountered: May 4, 2016, 5:22:20 PM
Error Type: Warning (Error #2)
Error String: ob_start(): second array member is not a valid method
Error File: C:\wamp\www\ImgWolf\source\includes\data.php
Error Line: 78
====================================================================
====================================================================
Time Encountered: May 4, 2016, 5:22:23 PM
Error Type: Warning (Error #2)
Error String: ob_start(): second array member is not a valid method
Error File: C:\wamp\www\ImgWolf\source\includes\data.php
Error Line: 78
====================================================================
====================================================================
Time Encountered: May 4, 2016, 5:22:39 PM
Error Type: Warning (Error #2)
Error String: ob_start(): second array member is not a valid method
Error File: C:\wamp\www\ImgWolf\source\includes\data.php
Error Line: 78
====================================================================
====================================================================
Time Encountered: May 4, 2016, 5:22:48 PM
Error Type: Warning (Error #2)
Error String: ob_start(): second array member is not a valid method
Error File: C:\wamp\www\ImgWolf\source\includes\data.php
Error Line: 78
====================================================================
====================================================================
Time Encountered: May 4, 2016, 5:23:09 PM
Error Type: Warning (Error #2)
Error String: ob_start(): second array member is not a valid method
Error File: C:\wamp\www\ImgWolf\source\includes\data.php
Error Line: 78
====================================================================
====================================================================
Time Encountered: May 4, 2016, 5:23:13 PM
Error Type: Warning (Error #2)
Error String: ob_start(): second array member is not a valid method
Error File: C:\wamp\www\ImgWolf\source\includes\data.php
Error Line: 78
====================================================================
====================================================================
Time Encountered: May 4, 2016, 5:23:44 PM
Error Type: Warning (Error #2)
Error String: ob_start(): second array member is not a valid method
Error File: C:\wamp\www\ImgWolf\source\includes\data.php
Error Line: 78
====================================================================
====================================================================
Time Encountered: May 4, 2016, 5:24:22 PM
Error Type: Warning (Error #2)
Error String: ob_start(): second array member is not a valid method
Error File: C:\wamp\www\ImgWolf\source\includes\data.php
Error Line: 78
====================================================================
====================================================================
Time Encountered: May 4, 2016, 5:24:33 PM
Error Type: Warning (Error #2)
Error String: ob_start(): second array member is not a valid method
Error File: C:\wamp\www\ImgWolf\source\includes\data.php
Error Line: 78
====================================================================
====================================================================
Time Encountered: May 4, 2016, 5:24:59 PM
Error Type: Warning (Error #2)
Error String: ob_start(): second array member is not a valid method
Error File: C:\wamp\www\ImgWolf\source\includes\data.php
Error Line: 78
====================================================================
====================================================================
Time Encountered: May 4, 2016, 5:25:06 PM
Error Type: Warning (Error #2)
Error String: ob_start(): second array member is not a valid method
Error File: C:\wamp\www\ImgWolf\source\includes\data.php
Error Line: 78
====================================================================
====================================================================
Time Encountered: May 4, 2016, 5:25:24 PM
Error Type: Warning (Error #2)
Error String: ob_start(): second array member is not a valid method
Error File: C:\wamp\www\ImgWolf\source\includes\data.php
Error Line: 78
====================================================================
====================================================================
Time Encountered: May 4, 2016, 5:25:36 PM
Error Type: Warning (Error #2)
Error String: ob_start(): second array member is not a valid method
Error File: C:\wamp\www\ImgWolf\source\includes\data.php
Error Line: 78
====================================================================
====================================================================
Time Encountered: May 4, 2016, 5:25:43 PM
Error Type: Warning (Error #2)
Error String: ob_start(): second array member is not a valid method
Error File: C:\wamp\www\ImgWolf\source\includes\data.php
Error Line: 78
====================================================================
====================================================================
Time Encountered: May 4, 2016, 5:30:37 PM
Error Type: Warning (Error #2)
Error String: ob_start(): second array member is not a valid method
Error File: C:\wamp\www\ImgWolf\source\includes\data.php
Error Line: 78
====================================================================
====================================================================
Time Encountered: May 4, 2016, 5:30:43 PM
Error Type: Warning (Error #2)
Error String: ob_start(): second array member is not a valid method
Error File: C:\wamp\www\ImgWolf\source\includes\data.php
Error Line: 78
====================================================================
====================================================================
Time Encountered: May 4, 2016, 5:30:52 PM
Error Type: Warning (Error #2)
Error String: ob_start(): second array member is not a valid method
Error File: C:\wamp\www\ImgWolf\source\includes\data.php
Error Line: 78
====================================================================
====================================================================
Time Encountered: May 4, 2016, 5:30:56 PM
Error Type: Warning (Error #2)
Error String: ob_start(): second array member is not a valid method
Error File: C:\wamp\www\ImgWolf\source\includes\data.php
Error Line: 78
====================================================================
====================================================================
Time Encountered: May 4, 2016, 5:30:59 PM
Error Type: Warning (Error #2)
Error String: ob_start(): second array member is not a valid method
Error File: C:\wamp\www\ImgWolf\source\includes\data.php
Error Line: 78
====================================================================
====================================================================
Time Encountered: May 4, 2016, 5:31:02 PM
Error Type: Warning (Error #2)
Error String: ob_start(): second array member is not a valid method
Error File: C:\wamp\www\ImgWolf\source\includes\data.php
Error Line: 78
====================================================================
====================================================================
Time Encountered: May 4, 2016, 5:31:04 PM
Error Type: Warning (Error #2)
Error String: ob_start(): second array member is not a valid method
Error File: C:\wamp\www\ImgWolf\source\includes\data.php
Error Line: 78
====================================================================
====================================================================
Time Encountered: May 4, 2016, 5:31:07 PM
Error Type: Warning (Error #2)
Error String: ob_start(): second array member is not a valid method
Error File: C:\wamp\www\ImgWolf\source\includes\data.php
Error Line: 78
====================================================================
====================================================================
Time Encountered: May 4, 2016, 5:31:10 PM
Error Type: Warning (Error #2)
Error String: ob_start(): second array member is not a valid method
Error File: C:\wamp\www\ImgWolf\source\includes\data.php
Error Line: 78
====================================================================
====================================================================
Time Encountered: May 4, 2016, 5:31:13 PM
Error Type: Warning (Error #2)
Error String: ob_start(): second array member is not a valid method
Error File: C:\wamp\www\ImgWolf\source\includes\data.php
Error Line: 78
====================================================================
====================================================================
Time Encountered: May 4, 2016, 5:31:15 PM
Error Type: Warning (Error #2)
Error String: ob_start(): second array member is not a valid method
Error File: C:\wamp\www\ImgWolf\source\includes\data.php
Error Line: 78
====================================================================
====================================================================
Time Encountered: May 4, 2016, 5:32:34 PM
Error Type: Warning (Error #2)
Error String: ob_start(): second array member is not a valid method
Error File: C:\wamp\www\ImgWolf\source\includes\data.php
Error Line: 78
====================================================================
====================================================================
Time Encountered: May 4, 2016, 5:32:40 PM
Error Type: Warning (Error #2)
Error String: ob_start(): second array member is not a valid method
Error File: C:\wamp\www\ImgWolf\source\includes\data.php
Error Line: 78
====================================================================
====================================================================
Time Encountered: May 4, 2016, 5:32:49 PM
Error Type: Warning (Error #2)
Error String: ob_start(): second array member is not a valid method
Error File: C:\wamp\www\ImgWolf\source\includes\data.php
Error Line: 78
====================================================================
====================================================================
Time Encountered: May 4, 2016, 5:32:57 PM
Error Type: Warning (Error #2)
Error String: ob_start(): second array member is not a valid method
Error File: C:\wamp\www\ImgWolf\source\includes\data.php
Error Line: 78
====================================================================
====================================================================
Time Encountered: May 4, 2016, 5:33:04 PM
Error Type: Warning (Error #2)
Error String: ob_start(): second array member is not a valid method
Error File: C:\wamp\www\ImgWolf\source\includes\data.php
Error Line: 78
====================================================================
====================================================================
Time Encountered: May 4, 2016, 5:33:11 PM
Error Type: Warning (Error #2)
Error String: ob_start(): second array member is not a valid method
Error File: C:\wamp\www\ImgWolf\source\includes\data.php
Error Line: 78
====================================================================
====================================================================
Time Encountered: May 4, 2016, 5:33:21 PM
Error Type: Warning (Error #2)
Error String: ob_start(): second array member is not a valid method
Error File: C:\wamp\www\ImgWolf\source\includes\data.php
Error Line: 78
====================================================================
====================================================================
Time Encountered: May 4, 2016, 5:33:23 PM
Error Type: Warning (Error #2)
Error String: ob_start(): second array member is not a valid method
Error File: C:\wamp\www\ImgWolf\source\includes\data.php
Error Line: 78
====================================================================
====================================================================
Time Encountered: May 4, 2016, 5:33:28 PM
Error Type: Warning (Error #2)
Error String: ob_start(): second array member is not a valid method
Error File: C:\wamp\www\ImgWolf\source\includes\data.php
Error Line: 78
====================================================================
====================================================================
Time Encountered: May 4, 2016, 5:33:54 PM
Error Type: Warning (Error #2)
Error String: ob_start(): second array member is not a valid method
Error File: C:\wamp\www\ImgWolf\source\includes\data.php
Error Line: 78
====================================================================
====================================================================
Time Encountered: May 4, 2016, 5:34:05 PM
Error Type: Warning (Error #2)
Error String: ob_start(): second array member is not a valid method
Error File: C:\wamp\www\ImgWolf\source\includes\data.php
Error Line: 78
====================================================================
====================================================================
Time Encountered: May 4, 2016, 5:34:09 PM
Error Type: Warning (Error #2)
Error String: ob_start(): second array member is not a valid method
Error File: C:\wamp\www\ImgWolf\source\includes\data.php
Error Line: 78
====================================================================
====================================================================
Time Encountered: May 4, 2016, 5:34:15 PM
Error Type: Warning (Error #2)
Error String: ob_start(): second array member is not a valid method
Error File: C:\wamp\www\ImgWolf\source\includes\data.php
Error Line: 78
====================================================================
====================================================================
Time Encountered: May 4, 2016, 5:34:26 PM
Error Type: Warning (Error #2)
Error String: ob_start(): second array member is not a valid method
Error File: C:\wamp\www\ImgWolf\source\includes\data.php
Error Line: 78
====================================================================
====================================================================
Time Encountered: May 4, 2016, 5:35:35 PM
Error Type: Warning (Error #2)
Error String: ob_start(): second array member is not a valid method
Error File: C:\wamp\www\ImgWolf\source\includes\data.php
Error Line: 78
====================================================================
====================================================================
Time Encountered: May 4, 2016, 5:35:40 PM
Error Type: Warning (Error #2)
Error String: ob_start(): second array member is not a valid method
Error File: C:\wamp\www\ImgWolf\source\includes\data.php
Error Line: 78
====================================================================
====================================================================
Time Encountered: May 4, 2016, 5:35:51 PM
Error Type: Warning (Error #2)
Error String: ob_start(): second array member is not a valid method
Error File: C:\wamp\www\ImgWolf\source\includes\data.php
Error Line: 78
====================================================================
====================================================================
Time Encountered: May 4, 2016, 5:35:56 PM
Error Type: Warning (Error #2)
Error String: ob_start(): second array member is not a valid method
Error File: C:\wamp\www\ImgWolf\source\includes\data.php
Error Line: 78
====================================================================
====================================================================
Time Encountered: May 4, 2016, 5:35:58 PM
Error Type: Warning (Error #2)
Error String: ob_start(): second array member is not a valid method
Error File: C:\wamp\www\ImgWolf\source\includes\data.php
Error Line: 78
====================================================================
====================================================================
Time Encountered: May 4, 2016, 5:36:01 PM
Error Type: Warning (Error #2)
Error String: ob_start(): second array member is not a valid method
Error File: C:\wamp\www\ImgWolf\source\includes\data.php
Error Line: 78
====================================================================
====================================================================
Time Encountered: May 4, 2016, 5:36:03 PM
Error Type: Warning (Error #2)
Error String: ob_start(): second array member is not a valid method
Error File: C:\wamp\www\ImgWolf\source\includes\data.php
Error Line: 78
====================================================================
====================================================================
Time Encountered: May 4, 2016, 5:36:07 PM
Error Type: Warning (Error #2)
Error String: ob_start(): second array member is not a valid method
Error File: C:\wamp\www\ImgWolf\source\includes\data.php
Error Line: 78
====================================================================
====================================================================
Time Encountered: May 4, 2016, 5:36:09 PM
Error Type: Warning (Error #2)
Error String: ob_start(): second array member is not a valid method
Error File: C:\wamp\www\ImgWolf\source\includes\data.php
Error Line: 78
====================================================================
====================================================================
Time Encountered: May 4, 2016, 5:36:15 PM
Error Type: Warning (Error #2)
Error String: ob_start(): second array member is not a valid method
Error File: C:\wamp\www\ImgWolf\source\includes\data.php
Error Line: 78
====================================================================
====================================================================
Time Encountered: May 4, 2016, 5:36:32 PM
Error Type: Warning (Error #2)
Error String: ob_start(): second array member is not a valid method
Error File: C:\wamp\www\ImgWolf\source\includes\data.php
Error Line: 78
====================================================================
====================================================================
Time Encountered: May 4, 2016, 5:36:52 PM
Error Type: Warning (Error #2)
Error String: ob_start(): second array member is not a valid method
Error File: C:\wamp\www\ImgWolf\source\includes\data.php
Error Line: 78
====================================================================
====================================================================
Time Encountered: May 4, 2016, 5:37:11 PM
Error Type: Warning (Error #2)
Error String: ob_start(): second array member is not a valid method
Error File: C:\wamp\www\ImgWolf\source\includes\data.php
Error Line: 78
====================================================================
====================================================================
Time Encountered: May 4, 2016, 5:56:12 PM
Error Type: Warning (Error #2)
Error String: ob_start(): second array member is not a valid method
Error File: C:\wamp\www\ImgWolf\source\includes\data.php
Error Line: 78
====================================================================
====================================================================
Time Encountered: May 4, 2016, 11:30:18 PM
Error Type: Warning (Error #2)
Error String: ob_start(): second array member is not a valid method
Error File: C:\wamp\www\ImgWolf\source\includes\data.php
Error Line: 78
====================================================================
====================================================================
Time Encountered: May 4, 2016, 11:30:22 PM
Error Type: Warning (Error #2)
Error String: ob_start(): second array member is not a valid method
Error File: C:\wamp\www\ImgWolf\source\includes\data.php
Error Line: 78
====================================================================
====================================================================
Time Encountered: May 4, 2016, 11:30:30 PM
Error Type: Warning (Error #2)
Error String: ob_start(): second array member is not a valid method
Error File: C:\wamp\www\ImgWolf\source\includes\data.php
Error Line: 78
====================================================================
====================================================================
Time Encountered: May 4, 2016, 11:30:33 PM
Error Type: Warning (Error #2)
Error String: ob_start(): second array member is not a valid method
Error File: C:\wamp\www\ImgWolf\source\includes\data.php
Error Line: 78
====================================================================
====================================================================
Time Encountered: May 4, 2016, 11:30:43 PM
Error Type: Warning (Error #2)
Error String: ob_start(): second array member is not a valid method
Error File: C:\wamp\www\ImgWolf\source\includes\data.php
Error Line: 78
====================================================================
====================================================================
Time Encountered: May 4, 2016, 11:30:45 PM
Error Type: Warning (Error #2)
Error String: ob_start(): second array member is not a valid method
Error File: C:\wamp\www\ImgWolf\source\includes\data.php
Error Line: 78
====================================================================
====================================================================
Time Encountered: May 4, 2016, 11:30:58 PM
Error Type: Warning (Error #2)
Error String: ob_start(): second array member is not a valid method
Error File: C:\wamp\www\ImgWolf\source\includes\data.php
Error Line: 78
====================================================================
====================================================================
Time Encountered: May 4, 2016, 11:31:01 PM
Error Type: Warning (Error #2)
Error String: ob_start(): second array member is not a valid method
Error File: C:\wamp\www\ImgWolf\source\includes\data.php
Error Line: 78
====================================================================
====================================================================
Time Encountered: May 4, 2016, 11:31:41 PM
Error Type: Warning (Error #2)
Error String: ob_start(): second array member is not a valid method
Error File: C:\wamp\www\ImgWolf\source\includes\data.php
Error Line: 78
====================================================================
====================================================================
Time Encountered: May 4, 2016, 11:32:01 PM
Error Type: Warning (Error #2)
Error String: ob_start(): second array member is not a valid method
Error File: C:\wamp\www\ImgWolf\source\includes\data.php
Error Line: 78
====================================================================
====================================================================
Time Encountered: May 4, 2016, 11:32:07 PM
Error Type: Warning (Error #2)
Error String: ob_start(): second array member is not a valid method
Error File: C:\wamp\www\ImgWolf\source\includes\data.php
Error Line: 78
====================================================================
====================================================================
Time Encountered: May 4, 2016, 11:32:14 PM
Error Type: Warning (Error #2)
Error String: ob_start(): second array member is not a valid method
Error File: C:\wamp\www\ImgWolf\source\includes\data.php
Error Line: 78
====================================================================
====================================================================
Time Encountered: May 4, 2016, 11:32:16 PM
Error Type: Warning (Error #2)
Error String: ob_start(): second array member is not a valid method
Error File: C:\wamp\www\ImgWolf\source\includes\data.php
Error Line: 78
====================================================================
====================================================================
Time Encountered: May 4, 2016, 11:32:21 PM
Error Type: Warning (Error #2)
Error String: ob_start(): second array member is not a valid method
Error File: C:\wamp\www\ImgWolf\source\includes\data.php
Error Line: 78
====================================================================
====================================================================
Time Encountered: May 4, 2016, 11:32:23 PM
Error Type: Warning (Error #2)
Error String: gethostbyaddr(): Address is not a valid IPv4 or IPv6 address
Error File: C:\wamp\www\ImgWolf\flash.php
Error Line: 53
====================================================================
====================================================================
Time Encountered: May 4, 2016, 11:32:30 PM
Error Type: Warning (Error #2)
Error String: ob_start(): second array member is not a valid method
Error File: C:\wamp\www\ImgWolf\source\includes\data.php
Error Line: 78
====================================================================
====================================================================
Time Encountered: May 4, 2016, 11:32:46 PM
Error Type: Warning (Error #2)
Error String: ob_start(): second array member is not a valid method
Error File: C:\wamp\www\ImgWolf\source\includes\data.php
Error Line: 78
====================================================================
====================================================================
Time Encountered: May 4, 2016, 11:32:47 PM
Error Type: Warning (Error #2)
Error String: ob_start(): second array member is not a valid method
Error File: C:\wamp\www\ImgWolf\source\includes\data.php
Error Line: 78
====================================================================
====================================================================
Time Encountered: May 4, 2016, 11:32:48 PM
Error Type: Warning (Error #2)
Error String: ob_start(): second array member is not a valid method
Error File: C:\wamp\www\ImgWolf\source\includes\data.php
Error Line: 78
====================================================================
====================================================================
Time Encountered: May 4, 2016, 11:32:55 PM
Error Type: Warning (Error #2)
Error String: ob_start(): second array member is not a valid method
Error File: C:\wamp\www\ImgWolf\source\includes\data.php
Error Line: 78
====================================================================
====================================================================
Time Encountered: May 4, 2016, 11:32:58 PM
Error Type: Warning (Error #2)
Error String: ob_start(): second array member is not a valid method
Error File: C:\wamp\www\ImgWolf\source\includes\data.php
Error Line: 78
====================================================================
====================================================================
Time Encountered: May 4, 2016, 11:33:01 PM
Error Type: Warning (Error #2)
Error String: ob_start(): second array member is not a valid method
Error File: C:\wamp\www\ImgWolf\source\includes\data.php
Error Line: 78
====================================================================
