====================================================================
Time Encountered: June 15, 2014, 1:53:55 AM
Error Type: Warning (Error #2)
Error String: mysql_connect(): Access denied for user 'u632601500_host'@'10.1.2.28' (using password: YES)
Error File: /home/u743284955/public_html/source/includes/database.php
Error Line: 20
====================================================================
====================================================================
Time Encountered: June 15, 2014, 2:01:53 AM
Error Type: Warning (Error #2)
Error String: gethostbyaddr(): Address is not a valid IPv4 or IPv6 address
Error File: /home/u743284955/public_html/flash.php
Error Line: 53
====================================================================
====================================================================
Time Encountered: June 15, 2014, 10:44:35 AM
Error Type: Warning (Error #2)
Error String: gethostbyaddr(): Address is not a valid IPv4 or IPv6 address
Error File: /home/u743284955/public_html/flash.php
Error Line: 53
====================================================================
====================================================================
Time Encountered: June 15, 2014, 10:45:01 AM
Error Type: Warning (Error #2)
Error String: gethostbyaddr(): Address is not a valid IPv4 or IPv6 address
Error File: /home/u743284955/public_html/flash.php
Error Line: 53
====================================================================
====================================================================
Time Encountered: June 15, 2014, 8:30:05 PM
Error Type: Warning (Error #2)
Error String: gethostbyaddr(): Address is not a valid IPv4 or IPv6 address
Error File: /home/u743284955/public_html/flash.php
Error Line: 53
====================================================================
====================================================================
Time Encountered: June 15, 2014, 8:35:58 PM
Error Type: Warning (Error #2)
Error String: gethostbyaddr(): Address is not a valid IPv4 or IPv6 address
Error File: /home/u743284955/public_html/flash.php
Error Line: 53
====================================================================
