====================================================================
Time Encountered: June 28, 2014, 10:10:49 AM
Error Type: Warning (Error #2)
Error String: Division by zero
Error File: /home/u743284955/public_html/source/includes/template.php
Error Line: 257
====================================================================
====================================================================
Time Encountered: June 28, 2014, 10:10:50 AM
Error Type: Warning (Error #2)
Error String: Division by zero
Error File: /home/u743284955/public_html/source/includes/template.php
Error Line: 257
====================================================================
====================================================================
Time Encountered: June 28, 2014, 10:12:17 AM
Error Type: Warning (Error #2)
Error String: Division by zero
Error File: /home/u743284955/public_html/source/includes/template.php
Error Line: 257
====================================================================
====================================================================
Time Encountered: June 28, 2014, 10:12:18 AM
Error Type: Warning (Error #2)
Error String: Division by zero
Error File: /home/u743284955/public_html/source/includes/template.php
Error Line: 257
====================================================================
====================================================================
Time Encountered: June 28, 2014, 10:12:28 AM
Error Type: Warning (Error #2)
Error String: Division by zero
Error File: /home/u743284955/public_html/source/includes/template.php
Error Line: 257
====================================================================
====================================================================
Time Encountered: June 28, 2014, 10:12:29 AM
Error Type: Warning (Error #2)
Error String: Division by zero
Error File: /home/u743284955/public_html/source/includes/template.php
Error Line: 257
====================================================================
====================================================================
Time Encountered: June 28, 2014, 1:10:24 PM
Error Type: Warning (Error #2)
Error String: Division by zero
Error File: /home/u743284955/public_html/source/includes/template.php
Error Line: 257
====================================================================
====================================================================
Time Encountered: June 28, 2014, 1:10:25 PM
Error Type: Warning (Error #2)
Error String: Division by zero
Error File: /home/u743284955/public_html/source/includes/template.php
Error Line: 257
====================================================================
====================================================================
Time Encountered: June 28, 2014, 11:11:26 PM
Error Type: Warning (Error #2)
Error String: gethostbyaddr(): Address is not a valid IPv4 or IPv6 address
Error File: /home/u743284955/public_html/flash.php
Error Line: 53
====================================================================
====================================================================
Time Encountered: June 28, 2014, 11:11:27 PM
Error Type: Warning (Error #2)
Error String: gethostbyaddr(): Address is not a valid IPv4 or IPv6 address
Error File: /home/u743284955/public_html/flash.php
Error Line: 53
====================================================================
====================================================================
Time Encountered: June 28, 2014, 11:12:41 PM
Error Type: Warning (Error #2)
Error String: gethostbyaddr(): Address is not a valid IPv4 or IPv6 address
Error File: /home/u743284955/public_html/flash.php
Error Line: 53
====================================================================
====================================================================
Time Encountered: June 28, 2014, 11:12:42 PM
Error Type: Warning (Error #2)
Error String: gethostbyaddr(): Address is not a valid IPv4 or IPv6 address
Error File: /home/u743284955/public_html/flash.php
Error Line: 53
====================================================================
====================================================================
Time Encountered: June 28, 2014, 11:44:14 PM
Error Type: Warning (Error #2)
Error String: gethostbyaddr(): Address is not a valid IPv4 or IPv6 address
Error File: /home/u743284955/public_html/flash.php
Error Line: 53
====================================================================
