====================================================================
Time Encountered: June 24, 2014, 1:40:03 AM
Error Type: Warning (Error #2)
Error String: gethostbyaddr(): Address is not a valid IPv4 or IPv6 address
Error File: /home/u743284955/public_html/flash.php
Error Line: 53
====================================================================
====================================================================
Time Encountered: June 24, 2014, 8:11:39 AM
Error Type: Warning (Error #2)
Error String: gethostbyaddr(): Address is not a valid IPv4 or IPv6 address
Error File: /home/u743284955/public_html/flash.php
Error Line: 53
====================================================================
====================================================================
Time Encountered: June 24, 2014, 10:25:29 AM
Error Type: Warning (Error #2)
Error String: gethostbyaddr(): Address is not a valid IPv4 or IPv6 address
Error File: /home/u743284955/public_html/flash.php
Error Line: 53
====================================================================
