====================================================================
Time Encountered: July 4, 2014, 4:29:37 AM
Error Type: Warning (Error #2)
Error String: mysql_connect(): User u743284955_host already has more than 'max_user_connections' active connections
Error File: /home/u743284955/public_html/configuracion.php
Error Line: 6
====================================================================
====================================================================
Time Encountered: July 4, 2014, 4:29:37 AM
Error Type: Warning (Error #2)
Error String: mysql_select_db() expects parameter 2 to be resource, boolean given
Error File: /home/u743284955/public_html/configuracion.php
Error Line: 7
====================================================================
====================================================================
Time Encountered: July 4, 2014, 4:29:37 AM
Error Type: Warning (Error #2)
Error String: mysql_connect(): User u743284955_host already has more than 'max_user_connections' active connections
Error File: /home/u743284955/public_html/configuracion.php
Error Line: 6
====================================================================
====================================================================
Time Encountered: July 4, 2014, 4:29:37 AM
Error Type: Warning (Error #2)
Error String: mysql_select_db() expects parameter 2 to be resource, boolean given
Error File: /home/u743284955/public_html/configuracion.php
Error Line: 7
====================================================================
====================================================================
Time Encountered: July 4, 2014, 4:29:37 AM
Error Type: Warning (Error #2)
Error String: mysql_connect(): User u743284955_host already has more than 'max_user_connections' active connections
Error File: /home/u743284955/public_html/configuracion.php
Error Line: 6
====================================================================
====================================================================
Time Encountered: July 4, 2014, 4:29:37 AM
Error Type: Warning (Error #2)
Error String: mysql_select_db() expects parameter 2 to be resource, boolean given
Error File: /home/u743284955/public_html/configuracion.php
Error Line: 7
====================================================================
====================================================================
Time Encountered: July 4, 2014, 4:29:39 AM
Error Type: Warning (Error #2)
Error String: mysql_connect(): User u743284955_host already has more than 'max_user_connections' active connections
Error File: /home/u743284955/public_html/configuracion.php
Error Line: 6
====================================================================
====================================================================
Time Encountered: July 4, 2014, 4:29:39 AM
Error Type: Warning (Error #2)
Error String: mysql_select_db() expects parameter 2 to be resource, boolean given
Error File: /home/u743284955/public_html/configuracion.php
Error Line: 7
====================================================================
====================================================================
Time Encountered: July 4, 2014, 4:29:41 AM
Error Type: Warning (Error #2)
Error String: mysql_connect(): User u743284955_host already has more than 'max_user_connections' active connections
Error File: /home/u743284955/public_html/configuracion.php
Error Line: 6
====================================================================
====================================================================
Time Encountered: July 4, 2014, 4:29:41 AM
Error Type: Warning (Error #2)
Error String: mysql_select_db() expects parameter 2 to be resource, boolean given
Error File: /home/u743284955/public_html/configuracion.php
Error Line: 7
====================================================================
====================================================================
Time Encountered: July 4, 2014, 4:29:42 AM
Error Type: Warning (Error #2)
Error String: mysql_connect(): User u743284955_host already has more than 'max_user_connections' active connections
Error File: /home/u743284955/public_html/configuracion.php
Error Line: 6
====================================================================
====================================================================
Time Encountered: July 4, 2014, 4:29:42 AM
Error Type: Warning (Error #2)
Error String: mysql_select_db() expects parameter 2 to be resource, boolean given
Error File: /home/u743284955/public_html/configuracion.php
Error Line: 7
====================================================================
====================================================================
Time Encountered: July 4, 2014, 4:29:42 AM
Error Type: Warning (Error #2)
Error String: mysql_connect(): User u743284955_host already has more than 'max_user_connections' active connections
Error File: /home/u743284955/public_html/configuracion.php
Error Line: 6
====================================================================
====================================================================
Time Encountered: July 4, 2014, 4:29:42 AM
Error Type: Warning (Error #2)
Error String: mysql_select_db() expects parameter 2 to be resource, boolean given
Error File: /home/u743284955/public_html/configuracion.php
Error Line: 7
====================================================================
====================================================================
Time Encountered: July 4, 2014, 4:29:44 AM
Error Type: Warning (Error #2)
Error String: mysql_connect(): User u743284955_host already has more than 'max_user_connections' active connections
Error File: /home/u743284955/public_html/configuracion.php
Error Line: 6
====================================================================
====================================================================
Time Encountered: July 4, 2014, 4:29:44 AM
Error Type: Warning (Error #2)
Error String: mysql_select_db() expects parameter 2 to be resource, boolean given
Error File: /home/u743284955/public_html/configuracion.php
Error Line: 7
====================================================================
====================================================================
Time Encountered: July 4, 2014, 4:29:45 AM
Error Type: Warning (Error #2)
Error String: mysql_connect(): User u743284955_host already has more than 'max_user_connections' active connections
Error File: /home/u743284955/public_html/configuracion.php
Error Line: 6
====================================================================
====================================================================
Time Encountered: July 4, 2014, 4:29:45 AM
Error Type: Warning (Error #2)
Error String: mysql_select_db() expects parameter 2 to be resource, boolean given
Error File: /home/u743284955/public_html/configuracion.php
Error Line: 7
====================================================================
====================================================================
Time Encountered: July 4, 2014, 4:29:46 AM
Error Type: Warning (Error #2)
Error String: mysql_connect(): User u743284955_host already has more than 'max_user_connections' active connections
Error File: /home/u743284955/public_html/configuracion.php
Error Line: 6
====================================================================
====================================================================
Time Encountered: July 4, 2014, 4:29:46 AM
Error Type: Warning (Error #2)
Error String: mysql_select_db() expects parameter 2 to be resource, boolean given
Error File: /home/u743284955/public_html/configuracion.php
Error Line: 7
====================================================================
====================================================================
Time Encountered: July 4, 2014, 4:29:49 AM
Error Type: Warning (Error #2)
Error String: mysql_connect(): User u743284955_host already has more than 'max_user_connections' active connections
Error File: /home/u743284955/public_html/configuracion.php
Error Line: 6
====================================================================
====================================================================
Time Encountered: July 4, 2014, 4:29:49 AM
Error Type: Warning (Error #2)
Error String: mysql_select_db() expects parameter 2 to be resource, boolean given
Error File: /home/u743284955/public_html/configuracion.php
Error Line: 7
====================================================================
====================================================================
Time Encountered: July 4, 2014, 4:29:51 AM
Error Type: Warning (Error #2)
Error String: mysql_connect(): User u743284955_host already has more than 'max_user_connections' active connections
Error File: /home/u743284955/public_html/configuracion.php
Error Line: 6
====================================================================
====================================================================
Time Encountered: July 4, 2014, 4:29:51 AM
Error Type: Warning (Error #2)
Error String: mysql_select_db() expects parameter 2 to be resource, boolean given
Error File: /home/u743284955/public_html/configuracion.php
Error Line: 7
====================================================================
====================================================================
Time Encountered: July 4, 2014, 4:29:51 AM
Error Type: Warning (Error #2)
Error String: mysql_connect(): User u743284955_host already has more than 'max_user_connections' active connections
Error File: /home/u743284955/public_html/configuracion.php
Error Line: 6
====================================================================
====================================================================
Time Encountered: July 4, 2014, 4:29:51 AM
Error Type: Warning (Error #2)
Error String: mysql_select_db() expects parameter 2 to be resource, boolean given
Error File: /home/u743284955/public_html/configuracion.php
Error Line: 7
====================================================================
====================================================================
Time Encountered: July 4, 2014, 6:02:54 AM
Error Type: Warning (Error #2)
Error String: gethostbyaddr(): Address is not a valid IPv4 or IPv6 address
Error File: /home/u743284955/public_html/flash.php
Error Line: 53
====================================================================
