====================================================================
Time Encountered: September 7, 2018, 12:27:12 AM
Error Type: Warning (Error #2)
Error String: ob_start(): second array member is not a valid method
Error File: C:\wamp\www\imgwolf\source\includes\data.php
Error Line: 78
====================================================================
====================================================================
Time Encountered: September 7, 2018, 12:27:27 AM
Error Type: Warning (Error #2)
Error String: ob_start(): second array member is not a valid method
Error File: C:\wamp\www\imgwolf\source\includes\data.php
Error Line: 78
====================================================================
====================================================================
Time Encountered: September 7, 2018, 12:27:27 AM
Error Type: Warning (Error #2)
Error String: mysql_connect(): Access denied for user 'wi791254_colo'@'localhost' (using password: YES)
Error File: C:\wamp\www\imgwolf\conexion.php
Error Line: 6
====================================================================
====================================================================
Time Encountered: September 7, 2018, 12:27:27 AM
Error Type: Warning (Error #2)
Error String: mysql_select_db() expects parameter 2 to be resource, boolean given
Error File: C:\wamp\www\imgwolf\conexion.php
Error Line: 7
====================================================================
====================================================================
Time Encountered: September 7, 2018, 12:27:31 AM
Error Type: Warning (Error #2)
Error String: ob_start(): second array member is not a valid method
Error File: C:\wamp\www\imgwolf\source\includes\data.php
Error Line: 78
====================================================================
====================================================================
Time Encountered: September 7, 2018, 12:27:31 AM
Error Type: Warning (Error #2)
Error String: mysql_connect(): Access denied for user 'wi791254_colo'@'localhost' (using password: YES)
Error File: C:\wamp\www\imgwolf\conexion.php
Error Line: 6
====================================================================
====================================================================
Time Encountered: September 7, 2018, 12:27:31 AM
Error Type: Warning (Error #2)
Error String: mysql_select_db() expects parameter 2 to be resource, boolean given
Error File: C:\wamp\www\imgwolf\conexion.php
Error Line: 7
====================================================================
====================================================================
Time Encountered: September 7, 2018, 12:27:36 AM
Error Type: Warning (Error #2)
Error String: ob_start(): second array member is not a valid method
Error File: C:\wamp\www\imgwolf\source\includes\data.php
Error Line: 78
====================================================================
====================================================================
Time Encountered: September 7, 2018, 12:27:43 AM
Error Type: Warning (Error #2)
Error String: ob_start(): second array member is not a valid method
Error File: C:\wamp\www\imgwolf\source\includes\data.php
Error Line: 78
====================================================================
====================================================================
Time Encountered: September 7, 2018, 12:27:49 AM
Error Type: Warning (Error #2)
Error String: ob_start(): second array member is not a valid method
Error File: C:\wamp\www\imgwolf\source\includes\data.php
Error Line: 78
====================================================================
====================================================================
Time Encountered: September 7, 2018, 12:28:05 AM
Error Type: Warning (Error #2)
Error String: ob_start(): second array member is not a valid method
Error File: C:\wamp\www\imgwolf\source\includes\data.php
Error Line: 78
====================================================================
====================================================================
Time Encountered: September 7, 2018, 12:28:10 AM
Error Type: Warning (Error #2)
Error String: ob_start(): second array member is not a valid method
Error File: C:\wamp\www\imgwolf\source\includes\data.php
Error Line: 78
====================================================================
====================================================================
Time Encountered: September 7, 2018, 12:28:10 AM
Error Type: Warning (Error #2)
Error String: ob_start(): second array member is not a valid method
Error File: C:\wamp\www\imgwolf\source\includes\data.php
Error Line: 78
====================================================================
====================================================================
Time Encountered: September 7, 2018, 12:28:13 AM
Error Type: Warning (Error #2)
Error String: ob_start(): second array member is not a valid method
Error File: C:\wamp\www\imgwolf\source\includes\data.php
Error Line: 78
====================================================================
====================================================================
Time Encountered: September 7, 2018, 12:28:15 AM
Error Type: Warning (Error #2)
Error String: ob_start(): second array member is not a valid method
Error File: C:\wamp\www\imgwolf\source\includes\data.php
Error Line: 78
====================================================================
====================================================================
Time Encountered: September 7, 2018, 12:28:18 AM
Error Type: Warning (Error #2)
Error String: ob_start(): second array member is not a valid method
Error File: C:\wamp\www\imgwolf\source\includes\data.php
Error Line: 78
====================================================================
====================================================================
Time Encountered: September 7, 2018, 12:28:24 AM
Error Type: Warning (Error #2)
Error String: ob_start(): second array member is not a valid method
Error File: C:\wamp\www\imgwolf\source\includes\data.php
Error Line: 78
====================================================================
====================================================================
Time Encountered: September 7, 2018, 12:29:29 AM
Error Type: Warning (Error #2)
Error String: ob_start(): second array member is not a valid method
Error File: C:\wamp\www\imgwolf\source\includes\data.php
Error Line: 78
====================================================================
====================================================================
Time Encountered: September 7, 2018, 12:29:30 AM
Error Type: Warning (Error #2)
Error String: ob_start(): second array member is not a valid method
Error File: C:\wamp\www\imgwolf\source\includes\data.php
Error Line: 78
====================================================================
====================================================================
Time Encountered: September 7, 2018, 12:29:51 AM
Error Type: Warning (Error #2)
Error String: ob_start(): second array member is not a valid method
Error File: C:\wamp\www\imgwolf\source\includes\data.php
Error Line: 78
====================================================================
====================================================================
Time Encountered: September 7, 2018, 12:29:52 AM
Error Type: Warning (Error #2)
Error String: ob_start(): second array member is not a valid method
Error File: C:\wamp\www\imgwolf\source\includes\data.php
Error Line: 78
====================================================================
====================================================================
Time Encountered: September 7, 2018, 12:29:54 AM
Error Type: Warning (Error #2)
Error String: ob_start(): second array member is not a valid method
Error File: C:\wamp\www\imgwolf\source\includes\data.php
Error Line: 78
====================================================================
====================================================================
Time Encountered: September 7, 2018, 12:29:57 AM
Error Type: Warning (Error #2)
Error String: ob_start(): second array member is not a valid method
Error File: C:\wamp\www\imgwolf\source\includes\data.php
Error Line: 78
====================================================================
====================================================================
Time Encountered: September 7, 2018, 12:30:04 AM
Error Type: Warning (Error #2)
Error String: ob_start(): second array member is not a valid method
Error File: C:\wamp\www\imgwolf\source\includes\data.php
Error Line: 78
====================================================================
====================================================================
Time Encountered: September 7, 2018, 12:30:05 AM
Error Type: Warning (Error #2)
Error String: ob_start(): second array member is not a valid method
Error File: C:\wamp\www\imgwolf\source\includes\data.php
Error Line: 78
====================================================================
====================================================================
Time Encountered: September 7, 2018, 12:30:07 AM
Error Type: Warning (Error #2)
Error String: ob_start(): second array member is not a valid method
Error File: C:\wamp\www\imgwolf\source\includes\data.php
Error Line: 78
====================================================================
====================================================================
Time Encountered: September 7, 2018, 12:30:18 AM
Error Type: Warning (Error #2)
Error String: ob_start(): second array member is not a valid method
Error File: C:\wamp\www\imgwolf\source\includes\data.php
Error Line: 78
====================================================================
====================================================================
Time Encountered: September 7, 2018, 12:31:50 AM
Error Type: Warning (Error #2)
Error String: ob_start(): second array member is not a valid method
Error File: C:\wamp\www\imgwolf\source\includes\data.php
Error Line: 78
====================================================================
====================================================================
Time Encountered: September 7, 2018, 12:31:54 AM
Error Type: Warning (Error #2)
Error String: ob_start(): second array member is not a valid method
Error File: C:\wamp\www\imgwolf\source\includes\data.php
Error Line: 78
====================================================================
====================================================================
Time Encountered: September 7, 2018, 12:31:55 AM
Error Type: Warning (Error #2)
Error String: ob_start(): second array member is not a valid method
Error File: C:\wamp\www\imgwolf\source\includes\data.php
Error Line: 78
====================================================================
====================================================================
Time Encountered: September 7, 2018, 12:32:06 AM
Error Type: Warning (Error #2)
Error String: ob_start(): second array member is not a valid method
Error File: C:\wamp\www\imgwolf\source\includes\data.php
Error Line: 78
====================================================================
====================================================================
Time Encountered: September 7, 2018, 12:32:08 AM
Error Type: Warning (Error #2)
Error String: ob_start(): second array member is not a valid method
Error File: C:\wamp\www\imgwolf\source\includes\data.php
Error Line: 78
====================================================================
====================================================================
Time Encountered: September 7, 2018, 12:32:10 AM
Error Type: Warning (Error #2)
Error String: ob_start(): second array member is not a valid method
Error File: C:\wamp\www\imgwolf\source\includes\data.php
Error Line: 78
====================================================================
====================================================================
Time Encountered: September 7, 2018, 12:32:12 AM
Error Type: Warning (Error #2)
Error String: ob_start(): second array member is not a valid method
Error File: C:\wamp\www\imgwolf\source\includes\data.php
Error Line: 78
====================================================================
====================================================================
Time Encountered: September 7, 2018, 12:32:51 AM
Error Type: Warning (Error #2)
Error String: ob_start(): second array member is not a valid method
Error File: C:\wamp\www\imgwolf\source\includes\data.php
Error Line: 78
====================================================================
====================================================================
Time Encountered: September 7, 2018, 12:33:11 AM
Error Type: Warning (Error #2)
Error String: ob_start(): second array member is not a valid method
Error File: C:\wamp\www\imgwolf\source\includes\data.php
Error Line: 78
====================================================================
====================================================================
Time Encountered: September 7, 2018, 12:33:11 AM
Error Type: Warning (Error #2)
Error String: ob_start(): second array member is not a valid method
Error File: C:\wamp\www\imgwolf\source\includes\data.php
Error Line: 78
====================================================================
====================================================================
Time Encountered: September 7, 2018, 12:33:11 AM
Error Type: User Error (Error #256)
Error String: mmhclass->image->is_image(): image does not exist. (C:wamptmpphp35AE.tmp)
Error File: C:\wamp\www\imgwolf\source\includes\imagemagick.php
Error Line: 68
====================================================================
====================================================================
Time Encountered: September 7, 2018, 12:33:15 AM
Error Type: Warning (Error #2)
Error String: ob_start(): second array member is not a valid method
Error File: C:\wamp\www\imgwolf\source\includes\data.php
Error Line: 78
====================================================================
====================================================================
Time Encountered: September 7, 2018, 12:33:16 AM
Error Type: Warning (Error #2)
Error String: ob_start(): second array member is not a valid method
Error File: C:\wamp\www\imgwolf\source\includes\data.php
Error Line: 78
====================================================================
====================================================================
Time Encountered: September 7, 2018, 12:33:26 AM
Error Type: Warning (Error #2)
Error String: ob_start(): second array member is not a valid method
Error File: C:\wamp\www\imgwolf\source\includes\data.php
Error Line: 78
====================================================================
====================================================================
Time Encountered: September 7, 2018, 12:33:27 AM
Error Type: Warning (Error #2)
Error String: ob_start(): second array member is not a valid method
Error File: C:\wamp\www\imgwolf\source\includes\data.php
Error Line: 78
====================================================================
====================================================================
Time Encountered: September 7, 2018, 12:33:28 AM
Error Type: Warning (Error #2)
Error String: ob_start(): second array member is not a valid method
Error File: C:\wamp\www\imgwolf\source\includes\data.php
Error Line: 78
====================================================================
====================================================================
Time Encountered: September 7, 2018, 12:33:29 AM
Error Type: Warning (Error #2)
Error String: ob_start(): second array member is not a valid method
Error File: C:\wamp\www\imgwolf\source\includes\data.php
Error Line: 78
====================================================================
====================================================================
Time Encountered: September 7, 2018, 12:33:50 AM
Error Type: Warning (Error #2)
Error String: ob_start(): second array member is not a valid method
Error File: C:\wamp\www\imgwolf\source\includes\data.php
Error Line: 78
====================================================================
====================================================================
Time Encountered: September 7, 2018, 12:33:53 AM
Error Type: Warning (Error #2)
Error String: ob_start(): second array member is not a valid method
Error File: C:\wamp\www\imgwolf\source\includes\data.php
Error Line: 78
====================================================================
====================================================================
Time Encountered: September 7, 2018, 12:33:54 AM
Error Type: Warning (Error #2)
Error String: ob_start(): second array member is not a valid method
Error File: C:\wamp\www\imgwolf\source\includes\data.php
Error Line: 78
====================================================================
====================================================================
Time Encountered: September 7, 2018, 9:40:46 AM
Error Type: Warning (Error #2)
Error String: ob_start(): second array member is not a valid method
Error File: C:\wamp\www\imgwolf\source\includes\data.php
Error Line: 78
====================================================================
====================================================================
Time Encountered: September 7, 2018, 10:33:45 AM
Error Type: Warning (Error #2)
Error String: ob_start(): second array member is not a valid method
Error File: C:\wamp\www\imgwolf\source\includes\data.php
Error Line: 78
====================================================================
====================================================================
Time Encountered: September 7, 2018, 10:33:49 AM
Error Type: Warning (Error #2)
Error String: ob_start(): second array member is not a valid method
Error File: C:\wamp\www\imgwolf\source\includes\data.php
Error Line: 78
====================================================================
====================================================================
Time Encountered: September 7, 2018, 10:33:50 AM
Error Type: Warning (Error #2)
Error String: ob_start(): second array member is not a valid method
Error File: C:\wamp\www\imgwolf\source\includes\data.php
Error Line: 78
====================================================================
====================================================================
Time Encountered: September 7, 2018, 10:33:50 AM
Error Type: User Error (Error #256)
Error String: mmhclass->image->is_image(): image does not exist. (C:wamptmpphp7641.tmp)
Error File: C:\wamp\www\imgwolf\source\includes\imagemagick.php
Error Line: 68
====================================================================
====================================================================
Time Encountered: September 7, 2018, 12:32:28 PM
Error Type: Warning (Error #2)
Error String: ob_start(): second array member is not a valid method
Error File: C:\wamp\www\imgwolf\source\includes\data.php
Error Line: 78
====================================================================
====================================================================
Time Encountered: September 7, 2018, 12:32:28 PM
Error Type: Warning (Error #2)
Error String: mysql_connect(): Access denied for user 'id7050524_imgwolf'@'localhost' (using password: YES)
Error File: C:\wamp\www\imgwolf\source\includes\database.php
Error Line: 20
====================================================================
====================================================================
Time Encountered: September 7, 2018, 1:17:29 PM
Error Type: Warning (Error #2)
Error String: ob_start(): second array member is not a valid method
Error File: C:\wamp\www\imgwolf\source\includes\data.php
Error Line: 78
====================================================================
====================================================================
Time Encountered: September 7, 2018, 1:17:29 PM
Error Type: Warning (Error #2)
Error String: mysql_connect(): Access denied for user 'id7050524_imgwolf'@'localhost' (using password: YES)
Error File: C:\wamp\www\imgwolf\source\includes\database.php
Error Line: 20
====================================================================
====================================================================
Time Encountered: September 7, 2018, 1:18:09 PM
Error Type: Warning (Error #2)
Error String: ob_start(): second array member is not a valid method
Error File: C:\wamp\www\imgwolf\source\includes\data.php
Error Line: 78
====================================================================
====================================================================
Time Encountered: September 7, 2018, 1:46:40 PM
Error Type: Warning (Error #2)
Error String: ob_start(): second array member is not a valid method
Error File: C:\wamp\www\imgwolf\source\includes\data.php
Error Line: 78
====================================================================
====================================================================
Time Encountered: September 7, 2018, 1:46:53 PM
Error Type: Warning (Error #2)
Error String: ob_start(): second array member is not a valid method
Error File: C:\wamp\www\imgwolf\source\includes\data.php
Error Line: 78
====================================================================
====================================================================
Time Encountered: September 7, 2018, 1:54:42 PM
Error Type: Warning (Error #2)
Error String: ob_start(): second array member is not a valid method
Error File: C:\wamp\www\imgwolf\source\includes\data.php
Error Line: 78
====================================================================
====================================================================
Time Encountered: September 7, 2018, 1:54:44 PM
Error Type: Warning (Error #2)
Error String: ob_start(): second array member is not a valid method
Error File: C:\wamp\www\imgwolf\source\includes\data.php
Error Line: 78
====================================================================
====================================================================
Time Encountered: September 7, 2018, 1:54:45 PM
Error Type: Warning (Error #2)
Error String: ob_start(): second array member is not a valid method
Error File: C:\wamp\www\imgwolf\source\includes\data.php
Error Line: 78
====================================================================
====================================================================
Time Encountered: September 7, 2018, 1:54:45 PM
Error Type: Warning (Error #2)
Error String: ob_start(): second array member is not a valid method
Error File: C:\wamp\www\imgwolf\source\includes\data.php
Error Line: 78
====================================================================
====================================================================
Time Encountered: September 7, 2018, 1:54:46 PM
Error Type: Warning (Error #2)
Error String: ob_start(): second array member is not a valid method
Error File: C:\wamp\www\imgwolf\source\includes\data.php
Error Line: 78
====================================================================
====================================================================
Time Encountered: September 7, 2018, 1:54:48 PM
Error Type: Warning (Error #2)
Error String: ob_start(): second array member is not a valid method
Error File: C:\wamp\www\imgwolf\source\includes\data.php
Error Line: 78
====================================================================
====================================================================
Time Encountered: September 7, 2018, 1:54:51 PM
Error Type: Warning (Error #2)
Error String: ob_start(): second array member is not a valid method
Error File: C:\wamp\www\imgwolf\source\includes\data.php
Error Line: 78
====================================================================
====================================================================
Time Encountered: September 7, 2018, 1:54:51 PM
Error Type: Warning (Error #2)
Error String: ob_start(): second array member is not a valid method
Error File: C:\wamp\www\imgwolf\source\includes\data.php
Error Line: 78
====================================================================
====================================================================
Time Encountered: September 7, 2018, 1:54:51 PM
Error Type: User Error (Error #256)
Error String: mmhclass->image->is_image(): image does not exist. (C:wamptmpphp29B6.tmp)
Error File: C:\wamp\www\imgwolf\source\includes\imagemagick.php
Error Line: 68
====================================================================
====================================================================
Time Encountered: September 7, 2018, 1:54:53 PM
Error Type: Warning (Error #2)
Error String: ob_start(): second array member is not a valid method
Error File: C:\wamp\www\imgwolf\source\includes\data.php
Error Line: 78
====================================================================
====================================================================
Time Encountered: September 7, 2018, 1:54:54 PM
Error Type: Warning (Error #2)
Error String: ob_start(): second array member is not a valid method
Error File: C:\wamp\www\imgwolf\source\includes\data.php
Error Line: 78
====================================================================
====================================================================
Time Encountered: September 7, 2018, 1:55:00 PM
Error Type: Warning (Error #2)
Error String: ob_start(): second array member is not a valid method
Error File: C:\wamp\www\imgwolf\source\includes\data.php
Error Line: 78
====================================================================
====================================================================
Time Encountered: September 7, 2018, 1:55:02 PM
Error Type: Warning (Error #2)
Error String: ob_start(): second array member is not a valid method
Error File: C:\wamp\www\imgwolf\source\includes\data.php
Error Line: 78
====================================================================
====================================================================
Time Encountered: September 7, 2018, 1:55:04 PM
Error Type: Warning (Error #2)
Error String: ob_start(): second array member is not a valid method
Error File: C:\wamp\www\imgwolf\source\includes\data.php
Error Line: 78
====================================================================
====================================================================
Time Encountered: September 7, 2018, 1:55:19 PM
Error Type: Warning (Error #2)
Error String: ob_start(): second array member is not a valid method
Error File: C:\wamp\www\imgwolf\source\includes\data.php
Error Line: 78
====================================================================
====================================================================
Time Encountered: September 7, 2018, 1:55:27 PM
Error Type: Warning (Error #2)
Error String: ob_start(): second array member is not a valid method
Error File: C:\wamp\www\imgwolf\source\includes\data.php
Error Line: 78
====================================================================
====================================================================
Time Encountered: September 7, 2018, 1:55:28 PM
Error Type: Warning (Error #2)
Error String: ob_start(): second array member is not a valid method
Error File: C:\wamp\www\imgwolf\source\includes\data.php
Error Line: 78
====================================================================
====================================================================
Time Encountered: September 7, 2018, 1:55:32 PM
Error Type: Warning (Error #2)
Error String: ob_start(): second array member is not a valid method
Error File: C:\wamp\www\imgwolf\source\includes\data.php
Error Line: 78
====================================================================
====================================================================
Time Encountered: September 7, 2018, 1:55:33 PM
Error Type: Warning (Error #2)
Error String: ob_start(): second array member is not a valid method
Error File: C:\wamp\www\imgwolf\source\includes\data.php
Error Line: 78
====================================================================
====================================================================
Time Encountered: September 7, 2018, 1:55:37 PM
Error Type: Warning (Error #2)
Error String: ob_start(): second array member is not a valid method
Error File: C:\wamp\www\imgwolf\source\includes\data.php
Error Line: 78
====================================================================
====================================================================
Time Encountered: September 7, 2018, 2:02:00 PM
Error Type: Warning (Error #2)
Error String: ob_start(): second array member is not a valid method
Error File: C:\wamp\www\imgwolf\source\includes\data.php
Error Line: 78
====================================================================
====================================================================
Time Encountered: September 7, 2018, 2:02:01 PM
Error Type: Warning (Error #2)
Error String: ob_start(): second array member is not a valid method
Error File: C:\wamp\www\imgwolf\source\includes\data.php
Error Line: 78
====================================================================
====================================================================
Time Encountered: September 7, 2018, 2:02:04 PM
Error Type: Warning (Error #2)
Error String: ob_start(): second array member is not a valid method
Error File: C:\wamp\www\imgwolf\source\includes\data.php
Error Line: 78
====================================================================
====================================================================
Time Encountered: September 7, 2018, 2:02:16 PM
Error Type: Warning (Error #2)
Error String: ob_start(): second array member is not a valid method
Error File: C:\wamp\www\imgwolf\source\includes\data.php
Error Line: 78
====================================================================
====================================================================
Time Encountered: September 7, 2018, 2:04:07 PM
Error Type: Warning (Error #2)
Error String: ob_start(): second array member is not a valid method
Error File: C:\wamp\www\imgwolf\source\includes\data.php
Error Line: 78
====================================================================
====================================================================
Time Encountered: September 7, 2018, 2:04:12 PM
Error Type: Warning (Error #2)
Error String: ob_start(): second array member is not a valid method
Error File: C:\wamp\www\imgwolf\source\includes\data.php
Error Line: 78
====================================================================
====================================================================
Time Encountered: September 7, 2018, 2:04:12 PM
Error Type: Warning (Error #2)
Error String: ob_start(): second array member is not a valid method
Error File: C:\wamp\www\imgwolf\source\includes\data.php
Error Line: 78
====================================================================
====================================================================
Time Encountered: September 7, 2018, 2:05:21 PM
Error Type: Warning (Error #2)
Error String: ob_start(): second array member is not a valid method
Error File: C:\wamp\www\imgwolf\source\includes\data.php
Error Line: 78
====================================================================
====================================================================
Time Encountered: September 7, 2018, 2:05:22 PM
Error Type: Warning (Error #2)
Error String: ob_start(): second array member is not a valid method
Error File: C:\wamp\www\imgwolf\source\includes\data.php
Error Line: 78
====================================================================
====================================================================
Time Encountered: September 7, 2018, 2:05:23 PM
Error Type: Warning (Error #2)
Error String: ob_start(): second array member is not a valid method
Error File: C:\wamp\www\imgwolf\source\includes\data.php
Error Line: 78
====================================================================
====================================================================
Time Encountered: September 7, 2018, 2:08:05 PM
Error Type: Warning (Error #2)
Error String: ob_start(): second array member is not a valid method
Error File: C:\wamp\www\imgwolf\source\includes\data.php
Error Line: 78
====================================================================
====================================================================
Time Encountered: September 7, 2018, 2:08:07 PM
Error Type: Warning (Error #2)
Error String: ob_start(): second array member is not a valid method
Error File: C:\wamp\www\imgwolf\source\includes\data.php
Error Line: 78
====================================================================
====================================================================
Time Encountered: September 7, 2018, 2:08:10 PM
Error Type: Warning (Error #2)
Error String: ob_start(): second array member is not a valid method
Error File: C:\wamp\www\imgwolf\source\includes\data.php
Error Line: 78
====================================================================
====================================================================
Time Encountered: September 7, 2018, 2:09:15 PM
Error Type: Warning (Error #2)
Error String: ob_start(): second array member is not a valid method
Error File: C:\wamp\www\imgwolf\source\includes\data.php
Error Line: 78
====================================================================
====================================================================
Time Encountered: September 7, 2018, 2:09:17 PM
Error Type: Warning (Error #2)
Error String: ob_start(): second array member is not a valid method
Error File: C:\wamp\www\imgwolf\source\includes\data.php
Error Line: 78
====================================================================
====================================================================
Time Encountered: September 7, 2018, 2:09:17 PM
Error Type: Warning (Error #2)
Error String: ob_start(): second array member is not a valid method
Error File: C:\wamp\www\imgwolf\source\includes\data.php
Error Line: 78
====================================================================
====================================================================
Time Encountered: September 7, 2018, 2:09:19 PM
Error Type: Warning (Error #2)
Error String: ob_start(): second array member is not a valid method
Error File: C:\wamp\www\imgwolf\source\includes\data.php
Error Line: 78
====================================================================
====================================================================
Time Encountered: September 7, 2018, 2:09:19 PM
Error Type: Warning (Error #2)
Error String: ob_start(): second array member is not a valid method
Error File: C:\wamp\www\imgwolf\source\includes\data.php
Error Line: 78
====================================================================
====================================================================
Time Encountered: September 7, 2018, 2:09:20 PM
Error Type: Warning (Error #2)
Error String: ob_start(): second array member is not a valid method
Error File: C:\wamp\www\imgwolf\source\includes\data.php
Error Line: 78
====================================================================
====================================================================
Time Encountered: September 7, 2018, 2:09:24 PM
Error Type: Warning (Error #2)
Error String: ob_start(): second array member is not a valid method
Error File: C:\wamp\www\imgwolf\source\includes\data.php
Error Line: 78
====================================================================
====================================================================
Time Encountered: September 7, 2018, 2:09:43 PM
Error Type: Warning (Error #2)
Error String: ob_start(): second array member is not a valid method
Error File: C:\wamp\www\imgwolf\source\includes\data.php
Error Line: 78
====================================================================
====================================================================
Time Encountered: September 7, 2018, 2:15:21 PM
Error Type: Warning (Error #2)
Error String: ob_start(): second array member is not a valid method
Error File: C:\wamp\www\imgwolf\source\includes\data.php
Error Line: 78
====================================================================
====================================================================
Time Encountered: September 7, 2018, 2:19:04 PM
Error Type: Warning (Error #2)
Error String: ob_start(): second array member is not a valid method
Error File: C:\wamp\www\imgwolf\source\includes\data.php
Error Line: 78
====================================================================
====================================================================
Time Encountered: September 7, 2018, 2:19:06 PM
Error Type: Warning (Error #2)
Error String: ob_start(): second array member is not a valid method
Error File: C:\wamp\www\imgwolf\source\includes\data.php
Error Line: 78
====================================================================
====================================================================
Time Encountered: September 7, 2018, 2:22:19 PM
Error Type: Warning (Error #2)
Error String: ob_start(): second array member is not a valid method
Error File: C:\wamp\www\imgwolf\source\includes\data.php
Error Line: 78
====================================================================
====================================================================
Time Encountered: September 7, 2018, 2:24:21 PM
Error Type: Warning (Error #2)
Error String: ob_start(): second array member is not a valid method
Error File: C:\wamp\www\imgwolf\source\includes\data.php
Error Line: 78
====================================================================
====================================================================
Time Encountered: September 7, 2018, 2:24:23 PM
Error Type: Warning (Error #2)
Error String: ob_start(): second array member is not a valid method
Error File: C:\wamp\www\imgwolf\source\includes\data.php
Error Line: 78
====================================================================
====================================================================
Time Encountered: September 7, 2018, 2:26:05 PM
Error Type: Warning (Error #2)
Error String: ob_start(): second array member is not a valid method
Error File: C:\wamp\www\imgwolf\source\includes\data.php
Error Line: 78
====================================================================
====================================================================
Time Encountered: September 7, 2018, 2:26:12 PM
Error Type: Warning (Error #2)
Error String: ob_start(): second array member is not a valid method
Error File: C:\wamp\www\imgwolf\source\includes\data.php
Error Line: 78
====================================================================
====================================================================
Time Encountered: September 7, 2018, 2:30:46 PM
Error Type: Warning (Error #2)
Error String: ob_start(): second array member is not a valid method
Error File: C:\wamp\www\imgwolf\source\includes\data.php
Error Line: 78
====================================================================
====================================================================
Time Encountered: September 7, 2018, 4:06:51 PM
Error Type: Warning (Error #2)
Error String: ob_start(): second array member is not a valid method
Error File: C:\wamp\www\imgwolf\source\includes\data.php
Error Line: 78
====================================================================
