====================================================================
Time Encountered: September 26, 2018, 12:07:34 AM
Error Type: Warning (Error #2)
Error String: ob_start(): second array member is not a valid method
Error File: C:\wamp\www\imgwolf\source\includes\data.php
Error Line: 78
====================================================================
====================================================================
Time Encountered: September 26, 2018, 12:08:46 AM
Error Type: Warning (Error #2)
Error String: ob_start(): second array member is not a valid method
Error File: C:\wamp\www\imgwolf\source\includes\data.php
Error Line: 78
====================================================================
====================================================================
Time Encountered: September 26, 2018, 12:09:49 AM
Error Type: Warning (Error #2)
Error String: ob_start(): second array member is not a valid method
Error File: C:\wamp\www\imgwolf\source\includes\data.php
Error Line: 78
====================================================================
====================================================================
Time Encountered: September 26, 2018, 12:10:28 AM
Error Type: Warning (Error #2)
Error String: ob_start(): second array member is not a valid method
Error File: C:\wamp\www\imgwolf\source\includes\data.php
Error Line: 78
====================================================================
====================================================================
Time Encountered: September 26, 2018, 12:11:01 AM
Error Type: Warning (Error #2)
Error String: ob_start(): second array member is not a valid method
Error File: C:\wamp\www\imgwolf\source\includes\data.php
Error Line: 78
====================================================================
====================================================================
Time Encountered: September 26, 2018, 12:11:14 AM
Error Type: Warning (Error #2)
Error String: ob_start(): second array member is not a valid method
Error File: C:\wamp\www\imgwolf\source\includes\data.php
Error Line: 78
====================================================================
====================================================================
Time Encountered: September 26, 2018, 12:11:49 AM
Error Type: Warning (Error #2)
Error String: ob_start(): second array member is not a valid method
Error File: C:\wamp\www\imgwolf\source\includes\data.php
Error Line: 78
====================================================================
====================================================================
Time Encountered: September 26, 2018, 12:11:50 AM
Error Type: Warning (Error #2)
Error String: ob_start(): second array member is not a valid method
Error File: C:\wamp\www\imgwolf\source\includes\data.php
Error Line: 78
====================================================================
====================================================================
Time Encountered: September 26, 2018, 12:14:28 AM
Error Type: Warning (Error #2)
Error String: ob_start(): second array member is not a valid method
Error File: C:\wamp\www\imgwolf\source\includes\data.php
Error Line: 78
====================================================================
====================================================================
Time Encountered: September 26, 2018, 12:14:38 AM
Error Type: Warning (Error #2)
Error String: ob_start(): second array member is not a valid method
Error File: C:\wamp\www\imgwolf\source\includes\data.php
Error Line: 78
====================================================================
====================================================================
Time Encountered: September 26, 2018, 12:14:40 AM
Error Type: Warning (Error #2)
Error String: ob_start(): second array member is not a valid method
Error File: C:\wamp\www\imgwolf\source\includes\data.php
Error Line: 78
====================================================================
====================================================================
Time Encountered: September 26, 2018, 12:14:40 AM
Error Type: Warning (Error #2)
Error String: gethostbyaddr(): Address is not a valid IPv4 or IPv6 address
Error File: C:\wamp\www\imgwolf\flash.php
Error Line: 53
====================================================================
====================================================================
Time Encountered: September 26, 2018, 12:14:45 AM
Error Type: Warning (Error #2)
Error String: ob_start(): second array member is not a valid method
Error File: C:\wamp\www\imgwolf\source\includes\data.php
Error Line: 78
====================================================================
====================================================================
Time Encountered: September 26, 2018, 12:18:15 AM
Error Type: Warning (Error #2)
Error String: ob_start(): second array member is not a valid method
Error File: C:\wamp\www\imgwolf\source\includes\data.php
Error Line: 78
====================================================================
====================================================================
Time Encountered: September 26, 2018, 12:19:50 AM
Error Type: Warning (Error #2)
Error String: ob_start(): second array member is not a valid method
Error File: C:\wamp\www\imgwolf\source\includes\data.php
Error Line: 78
====================================================================
====================================================================
Time Encountered: September 26, 2018, 12:20:13 AM
Error Type: Warning (Error #2)
Error String: ob_start(): second array member is not a valid method
Error File: C:\wamp\www\imgwolf\source\includes\data.php
Error Line: 78
====================================================================
====================================================================
Time Encountered: September 26, 2018, 12:21:27 AM
Error Type: Warning (Error #2)
Error String: ob_start(): second array member is not a valid method
Error File: C:\wamp\www\imgwolf\source\includes\data.php
Error Line: 78
====================================================================
====================================================================
Time Encountered: September 26, 2018, 12:21:44 AM
Error Type: Warning (Error #2)
Error String: ob_start(): second array member is not a valid method
Error File: C:\wamp\www\imgwolf\source\includes\data.php
Error Line: 78
====================================================================
====================================================================
Time Encountered: September 26, 2018, 12:22:27 AM
Error Type: Warning (Error #2)
Error String: ob_start(): second array member is not a valid method
Error File: C:\wamp\www\imgwolf\source\includes\data.php
Error Line: 78
====================================================================
====================================================================
Time Encountered: September 26, 2018, 12:22:40 AM
Error Type: Warning (Error #2)
Error String: ob_start(): second array member is not a valid method
Error File: C:\wamp\www\imgwolf\source\includes\data.php
Error Line: 78
====================================================================
====================================================================
Time Encountered: September 26, 2018, 12:36:51 AM
Error Type: Warning (Error #2)
Error String: ob_start(): second array member is not a valid method
Error File: C:\wamp\www\imgwolf\source\includes\data.php
Error Line: 78
====================================================================
====================================================================
Time Encountered: September 26, 2018, 12:36:56 AM
Error Type: Warning (Error #2)
Error String: ob_start(): second array member is not a valid method
Error File: C:\wamp\www\imgwolf\source\includes\data.php
Error Line: 78
====================================================================
====================================================================
Time Encountered: September 26, 2018, 12:37:02 AM
Error Type: Warning (Error #2)
Error String: ob_start(): second array member is not a valid method
Error File: C:\wamp\www\imgwolf\source\includes\data.php
Error Line: 78
====================================================================
====================================================================
Time Encountered: September 26, 2018, 12:37:02 AM
Error Type: Warning (Error #2)
Error String: ob_start(): second array member is not a valid method
Error File: C:\wamp\www\imgwolf\source\includes\data.php
Error Line: 78
====================================================================
====================================================================
Time Encountered: September 26, 2018, 12:37:19 AM
Error Type: Warning (Error #2)
Error String: ob_start(): second array member is not a valid method
Error File: C:\wamp\www\imgwolf\source\includes\data.php
Error Line: 78
====================================================================
====================================================================
Time Encountered: September 26, 2018, 12:37:23 AM
Error Type: Warning (Error #2)
Error String: ob_start(): second array member is not a valid method
Error File: C:\wamp\www\imgwolf\source\includes\data.php
Error Line: 78
====================================================================
====================================================================
Time Encountered: September 26, 2018, 12:38:11 AM
Error Type: Warning (Error #2)
Error String: ob_start(): second array member is not a valid method
Error File: C:\wamp\www\imgwolf\source\includes\data.php
Error Line: 78
====================================================================
====================================================================
Time Encountered: September 26, 2018, 12:38:19 AM
Error Type: Warning (Error #2)
Error String: ob_start(): second array member is not a valid method
Error File: C:\wamp\www\imgwolf\source\includes\data.php
Error Line: 78
====================================================================
====================================================================
Time Encountered: September 26, 2018, 12:38:56 AM
Error Type: Warning (Error #2)
Error String: ob_start(): second array member is not a valid method
Error File: C:\wamp\www\imgwolf\source\includes\data.php
Error Line: 78
====================================================================
====================================================================
Time Encountered: September 26, 2018, 12:38:57 AM
Error Type: Warning (Error #2)
Error String: ob_start(): second array member is not a valid method
Error File: C:\wamp\www\imgwolf\source\includes\data.php
Error Line: 78
====================================================================
====================================================================
Time Encountered: September 26, 2018, 12:39:58 AM
Error Type: Warning (Error #2)
Error String: ob_start(): second array member is not a valid method
Error File: C:\wamp\www\imgwolf\source\includes\data.php
Error Line: 78
====================================================================
====================================================================
Time Encountered: September 26, 2018, 12:40:48 AM
Error Type: Warning (Error #2)
Error String: ob_start(): second array member is not a valid method
Error File: C:\wamp\www\imgwolf\source\includes\data.php
Error Line: 78
====================================================================
====================================================================
Time Encountered: September 26, 2018, 12:41:04 AM
Error Type: Warning (Error #2)
Error String: ob_start(): second array member is not a valid method
Error File: C:\wamp\www\imgwolf\source\includes\data.php
Error Line: 78
====================================================================
====================================================================
Time Encountered: September 26, 2018, 12:45:58 AM
Error Type: Warning (Error #2)
Error String: ob_start(): second array member is not a valid method
Error File: C:\wamp\www\imgwolf\source\includes\data.php
Error Line: 78
====================================================================
====================================================================
Time Encountered: September 26, 2018, 12:50:28 AM
Error Type: Warning (Error #2)
Error String: ob_start(): second array member is not a valid method
Error File: C:\wamp\www\imgwolf\source\includes\data.php
Error Line: 78
====================================================================
====================================================================
Time Encountered: September 26, 2018, 12:51:23 AM
Error Type: Warning (Error #2)
Error String: ob_start(): second array member is not a valid method
Error File: C:\wamp\www\imgwolf\source\includes\data.php
Error Line: 78
====================================================================
====================================================================
Time Encountered: September 26, 2018, 12:51:46 AM
Error Type: Warning (Error #2)
Error String: ob_start(): second array member is not a valid method
Error File: C:\wamp\www\imgwolf\source\includes\data.php
Error Line: 78
====================================================================
====================================================================
Time Encountered: September 26, 2018, 12:51:57 AM
Error Type: Warning (Error #2)
Error String: ob_start(): second array member is not a valid method
Error File: C:\wamp\www\imgwolf\source\includes\data.php
Error Line: 78
====================================================================
====================================================================
Time Encountered: September 26, 2018, 12:52:30 AM
Error Type: Warning (Error #2)
Error String: ob_start(): second array member is not a valid method
Error File: C:\wamp\www\imgwolf\source\includes\data.php
Error Line: 78
====================================================================
====================================================================
Time Encountered: September 26, 2018, 12:53:03 AM
Error Type: Warning (Error #2)
Error String: ob_start(): second array member is not a valid method
Error File: C:\wamp\www\imgwolf\source\includes\data.php
Error Line: 78
====================================================================
====================================================================
Time Encountered: September 26, 2018, 12:53:13 AM
Error Type: Warning (Error #2)
Error String: ob_start(): second array member is not a valid method
Error File: C:\wamp\www\imgwolf\source\includes\data.php
Error Line: 78
====================================================================
====================================================================
Time Encountered: September 26, 2018, 12:53:15 AM
Error Type: Warning (Error #2)
Error String: ob_start(): second array member is not a valid method
Error File: C:\wamp\www\imgwolf\source\includes\data.php
Error Line: 78
====================================================================
====================================================================
Time Encountered: September 26, 2018, 12:53:32 AM
Error Type: Warning (Error #2)
Error String: ob_start(): second array member is not a valid method
Error File: C:\wamp\www\imgwolf\source\includes\data.php
Error Line: 78
====================================================================
====================================================================
Time Encountered: September 26, 2018, 12:53:49 AM
Error Type: Warning (Error #2)
Error String: ob_start(): second array member is not a valid method
Error File: C:\wamp\www\imgwolf\source\includes\data.php
Error Line: 78
====================================================================
====================================================================
Time Encountered: September 26, 2018, 12:56:15 AM
Error Type: Warning (Error #2)
Error String: ob_start(): second array member is not a valid method
Error File: C:\wamp\www\imgwolf\source\includes\data.php
Error Line: 78
====================================================================
====================================================================
Time Encountered: September 26, 2018, 12:57:58 AM
Error Type: Warning (Error #2)
Error String: ob_start(): second array member is not a valid method
Error File: C:\wamp\www\imgwolf\source\includes\data.php
Error Line: 78
====================================================================
====================================================================
Time Encountered: September 26, 2018, 12:58:11 AM
Error Type: Warning (Error #2)
Error String: ob_start(): second array member is not a valid method
Error File: C:\wamp\www\imgwolf\source\includes\data.php
Error Line: 78
====================================================================
====================================================================
Time Encountered: September 26, 2018, 12:58:45 AM
Error Type: Warning (Error #2)
Error String: ob_start(): second array member is not a valid method
Error File: C:\wamp\www\imgwolf\source\includes\data.php
Error Line: 78
====================================================================
====================================================================
Time Encountered: September 26, 2018, 12:59:33 AM
Error Type: Warning (Error #2)
Error String: ob_start(): second array member is not a valid method
Error File: C:\wamp\www\imgwolf\source\includes\data.php
Error Line: 78
====================================================================
====================================================================
Time Encountered: September 26, 2018, 2:52:48 AM
Error Type: Warning (Error #2)
Error String: ob_start(): second array member is not a valid method
Error File: C:\wamp\www\imgwolf\source\includes\data.php
Error Line: 78
====================================================================
====================================================================
Time Encountered: September 26, 2018, 2:53:49 AM
Error Type: Warning (Error #2)
Error String: ob_start(): second array member is not a valid method
Error File: C:\wamp\www\imgwolf\source\includes\data.php
Error Line: 78
====================================================================
====================================================================
Time Encountered: September 26, 2018, 2:55:03 AM
Error Type: Warning (Error #2)
Error String: ob_start(): second array member is not a valid method
Error File: C:\wamp\www\imgwolf\source\includes\data.php
Error Line: 78
====================================================================
====================================================================
Time Encountered: September 26, 2018, 2:55:05 AM
Error Type: Warning (Error #2)
Error String: ob_start(): second array member is not a valid method
Error File: C:\wamp\www\imgwolf\source\includes\data.php
Error Line: 78
====================================================================
====================================================================
Time Encountered: September 26, 2018, 2:55:07 AM
Error Type: Warning (Error #2)
Error String: ob_start(): second array member is not a valid method
Error File: C:\wamp\www\imgwolf\source\includes\data.php
Error Line: 78
====================================================================
====================================================================
Time Encountered: September 26, 2018, 2:56:15 AM
Error Type: Warning (Error #2)
Error String: ob_start(): second array member is not a valid method
Error File: C:\wamp\www\imgwolf\source\includes\data.php
Error Line: 78
====================================================================
====================================================================
Time Encountered: September 26, 2018, 2:56:18 AM
Error Type: Warning (Error #2)
Error String: ob_start(): second array member is not a valid method
Error File: C:\wamp\www\imgwolf\source\includes\data.php
Error Line: 78
====================================================================
====================================================================
Time Encountered: September 26, 2018, 2:58:09 AM
Error Type: Warning (Error #2)
Error String: ob_start(): second array member is not a valid method
Error File: C:\wamp\www\imgwolf\source\includes\data.php
Error Line: 78
====================================================================
====================================================================
Time Encountered: September 26, 2018, 2:58:12 AM
Error Type: Warning (Error #2)
Error String: ob_start(): second array member is not a valid method
Error File: C:\wamp\www\imgwolf\source\includes\data.php
Error Line: 78
====================================================================
====================================================================
Time Encountered: September 26, 2018, 2:58:57 AM
Error Type: Warning (Error #2)
Error String: ob_start(): second array member is not a valid method
Error File: C:\wamp\www\imgwolf\source\includes\data.php
Error Line: 78
====================================================================
====================================================================
Time Encountered: September 26, 2018, 2:58:57 AM
Error Type: Warning (Error #2)
Error String: ob_start(): second array member is not a valid method
Error File: C:\wamp\www\imgwolf\source\includes\data.php
Error Line: 78
====================================================================
====================================================================
Time Encountered: September 26, 2018, 3:02:24 AM
Error Type: Warning (Error #2)
Error String: ob_start(): second array member is not a valid method
Error File: C:\wamp\www\imgwolf\source\includes\data.php
Error Line: 78
====================================================================
====================================================================
Time Encountered: September 26, 2018, 3:03:05 AM
Error Type: Warning (Error #2)
Error String: ob_start(): second array member is not a valid method
Error File: C:\wamp\www\imgwolf\source\includes\data.php
Error Line: 78
====================================================================
====================================================================
Time Encountered: September 26, 2018, 3:03:42 AM
Error Type: Warning (Error #2)
Error String: ob_start(): second array member is not a valid method
Error File: C:\wamp\www\imgwolf\source\includes\data.php
Error Line: 78
====================================================================
====================================================================
Time Encountered: September 26, 2018, 3:03:53 AM
Error Type: Warning (Error #2)
Error String: ob_start(): second array member is not a valid method
Error File: C:\wamp\www\imgwolf\source\includes\data.php
Error Line: 78
====================================================================
====================================================================
Time Encountered: September 26, 2018, 3:08:22 AM
Error Type: Warning (Error #2)
Error String: ob_start(): second array member is not a valid method
Error File: C:\wamp\www\imgwolf\source\includes\data.php
Error Line: 78
====================================================================
====================================================================
Time Encountered: September 26, 2018, 3:10:47 AM
Error Type: Warning (Error #2)
Error String: ob_start(): second array member is not a valid method
Error File: C:\wamp\www\imgwolf\source\includes\data.php
Error Line: 78
====================================================================
====================================================================
Time Encountered: September 26, 2018, 3:10:50 AM
Error Type: Warning (Error #2)
Error String: ob_start(): second array member is not a valid method
Error File: C:\wamp\www\imgwolf\source\includes\data.php
Error Line: 78
====================================================================
====================================================================
Time Encountered: September 26, 2018, 3:10:57 AM
Error Type: Warning (Error #2)
Error String: ob_start(): second array member is not a valid method
Error File: C:\wamp\www\imgwolf\source\includes\data.php
Error Line: 78
====================================================================
====================================================================
Time Encountered: September 26, 2018, 3:10:59 AM
Error Type: Warning (Error #2)
Error String: ob_start(): second array member is not a valid method
Error File: C:\wamp\www\imgwolf\source\includes\data.php
Error Line: 78
====================================================================
====================================================================
Time Encountered: September 26, 2018, 3:11:19 AM
Error Type: Warning (Error #2)
Error String: ob_start(): second array member is not a valid method
Error File: C:\wamp\www\imgwolf\source\includes\data.php
Error Line: 78
====================================================================
====================================================================
Time Encountered: September 26, 2018, 3:16:35 AM
Error Type: Warning (Error #2)
Error String: ob_start(): second array member is not a valid method
Error File: C:\wamp\www\imgwolf\source\includes\data.php
Error Line: 78
====================================================================
====================================================================
Time Encountered: September 26, 2018, 3:17:40 AM
Error Type: Warning (Error #2)
Error String: ob_start(): second array member is not a valid method
Error File: C:\wamp\www\imgwolf\source\includes\data.php
Error Line: 78
====================================================================
====================================================================
Time Encountered: September 26, 2018, 3:21:02 AM
Error Type: Warning (Error #2)
Error String: ob_start(): second array member is not a valid method
Error File: C:\wamp\www\imgwolf\source\includes\data.php
Error Line: 78
====================================================================
====================================================================
Time Encountered: September 26, 2018, 3:23:52 AM
Error Type: Warning (Error #2)
Error String: ob_start(): second array member is not a valid method
Error File: C:\wamp\www\imgwolf\source\includes\data.php
Error Line: 78
====================================================================
====================================================================
Time Encountered: September 26, 2018, 3:24:29 AM
Error Type: Warning (Error #2)
Error String: ob_start(): second array member is not a valid method
Error File: C:\wamp\www\imgwolf\source\includes\data.php
Error Line: 78
====================================================================
====================================================================
Time Encountered: September 26, 2018, 3:24:31 AM
Error Type: Warning (Error #2)
Error String: ob_start(): second array member is not a valid method
Error File: C:\wamp\www\imgwolf\source\includes\data.php
Error Line: 78
====================================================================
====================================================================
Time Encountered: September 26, 2018, 3:24:34 AM
Error Type: Warning (Error #2)
Error String: ob_start(): second array member is not a valid method
Error File: C:\wamp\www\imgwolf\source\includes\data.php
Error Line: 78
====================================================================
====================================================================
Time Encountered: September 26, 2018, 3:25:08 AM
Error Type: Warning (Error #2)
Error String: ob_start(): second array member is not a valid method
Error File: C:\wamp\www\imgwolf\source\includes\data.php
Error Line: 78
====================================================================
====================================================================
Time Encountered: September 26, 2018, 3:26:04 AM
Error Type: Warning (Error #2)
Error String: ob_start(): second array member is not a valid method
Error File: C:\wamp\www\imgwolf\source\includes\data.php
Error Line: 78
====================================================================
====================================================================
Time Encountered: September 26, 2018, 3:26:06 AM
Error Type: Warning (Error #2)
Error String: ob_start(): second array member is not a valid method
Error File: C:\wamp\www\imgwolf\source\includes\data.php
Error Line: 78
====================================================================
====================================================================
Time Encountered: September 26, 2018, 3:27:39 AM
Error Type: Warning (Error #2)
Error String: ob_start(): second array member is not a valid method
Error File: C:\wamp\www\imgwolf\source\includes\data.php
Error Line: 78
====================================================================
====================================================================
Time Encountered: September 26, 2018, 3:28:41 AM
Error Type: Warning (Error #2)
Error String: ob_start(): second array member is not a valid method
Error File: C:\wamp\www\imgwolf\source\includes\data.php
Error Line: 78
====================================================================
====================================================================
Time Encountered: September 26, 2018, 3:28:54 AM
Error Type: Warning (Error #2)
Error String: ob_start(): second array member is not a valid method
Error File: C:\wamp\www\imgwolf\source\includes\data.php
Error Line: 78
====================================================================
====================================================================
Time Encountered: September 26, 2018, 3:29:01 AM
Error Type: Warning (Error #2)
Error String: ob_start(): second array member is not a valid method
Error File: C:\wamp\www\imgwolf\source\includes\data.php
Error Line: 78
====================================================================
====================================================================
Time Encountered: September 26, 2018, 3:29:12 AM
Error Type: Warning (Error #2)
Error String: ob_start(): second array member is not a valid method
Error File: C:\wamp\www\imgwolf\source\includes\data.php
Error Line: 78
====================================================================
====================================================================
Time Encountered: September 26, 2018, 3:31:50 AM
Error Type: Warning (Error #2)
Error String: ob_start(): second array member is not a valid method
Error File: C:\wamp\www\imgwolf\source\includes\data.php
Error Line: 78
====================================================================
====================================================================
Time Encountered: September 26, 2018, 3:33:17 AM
Error Type: Warning (Error #2)
Error String: ob_start(): second array member is not a valid method
Error File: C:\wamp\www\imgwolf\source\includes\data.php
Error Line: 78
====================================================================
====================================================================
Time Encountered: September 26, 2018, 3:34:25 AM
Error Type: Warning (Error #2)
Error String: ob_start(): second array member is not a valid method
Error File: C:\wamp\www\imgwolf\source\includes\data.php
Error Line: 78
====================================================================
====================================================================
Time Encountered: September 26, 2018, 3:35:05 AM
Error Type: Warning (Error #2)
Error String: ob_start(): second array member is not a valid method
Error File: C:\wamp\www\imgwolf\source\includes\data.php
Error Line: 78
====================================================================
====================================================================
Time Encountered: September 26, 2018, 3:35:07 AM
Error Type: Warning (Error #2)
Error String: ob_start(): second array member is not a valid method
Error File: C:\wamp\www\imgwolf\source\includes\data.php
Error Line: 78
====================================================================
====================================================================
Time Encountered: September 26, 2018, 3:35:08 AM
Error Type: Warning (Error #2)
Error String: ob_start(): second array member is not a valid method
Error File: C:\wamp\www\imgwolf\source\includes\data.php
Error Line: 78
====================================================================
====================================================================
Time Encountered: September 26, 2018, 3:35:10 AM
Error Type: Warning (Error #2)
Error String: ob_start(): second array member is not a valid method
Error File: C:\wamp\www\imgwolf\source\includes\data.php
Error Line: 78
====================================================================
====================================================================
Time Encountered: September 26, 2018, 3:35:16 AM
Error Type: Warning (Error #2)
Error String: ob_start(): second array member is not a valid method
Error File: C:\wamp\www\imgwolf\source\includes\data.php
Error Line: 78
====================================================================
====================================================================
Time Encountered: September 26, 2018, 3:36:18 AM
Error Type: Warning (Error #2)
Error String: ob_start(): second array member is not a valid method
Error File: C:\wamp\www\imgwolf\source\includes\data.php
Error Line: 78
====================================================================
====================================================================
Time Encountered: September 26, 2018, 3:36:44 AM
Error Type: Warning (Error #2)
Error String: ob_start(): second array member is not a valid method
Error File: C:\wamp\www\imgwolf\source\includes\data.php
Error Line: 78
====================================================================
====================================================================
Time Encountered: September 26, 2018, 3:36:52 AM
Error Type: Warning (Error #2)
Error String: ob_start(): second array member is not a valid method
Error File: C:\wamp\www\imgwolf\source\includes\data.php
Error Line: 78
====================================================================
====================================================================
Time Encountered: September 26, 2018, 3:38:25 AM
Error Type: Warning (Error #2)
Error String: ob_start(): second array member is not a valid method
Error File: C:\wamp\www\imgwolf\source\includes\data.php
Error Line: 78
====================================================================
====================================================================
Time Encountered: September 26, 2018, 3:38:31 AM
Error Type: Warning (Error #2)
Error String: ob_start(): second array member is not a valid method
Error File: C:\wamp\www\imgwolf\source\includes\data.php
Error Line: 78
====================================================================
====================================================================
Time Encountered: September 26, 2018, 3:38:45 AM
Error Type: Warning (Error #2)
Error String: ob_start(): second array member is not a valid method
Error File: C:\wamp\www\imgwolf\source\includes\data.php
Error Line: 78
====================================================================
====================================================================
Time Encountered: September 26, 2018, 3:41:34 AM
Error Type: Warning (Error #2)
Error String: ob_start(): second array member is not a valid method
Error File: C:\wamp\www\imgwolf\source\includes\data.php
Error Line: 78
====================================================================
====================================================================
Time Encountered: September 26, 2018, 3:41:39 AM
Error Type: Warning (Error #2)
Error String: ob_start(): second array member is not a valid method
Error File: C:\wamp\www\imgwolf\source\includes\data.php
Error Line: 78
====================================================================
====================================================================
Time Encountered: September 26, 2018, 3:42:20 AM
Error Type: Warning (Error #2)
Error String: ob_start(): second array member is not a valid method
Error File: C:\wamp\www\imgwolf\source\includes\data.php
Error Line: 78
====================================================================
====================================================================
Time Encountered: September 26, 2018, 3:42:21 AM
Error Type: Warning (Error #2)
Error String: ob_start(): second array member is not a valid method
Error File: C:\wamp\www\imgwolf\source\includes\data.php
Error Line: 78
====================================================================
====================================================================
Time Encountered: September 26, 2018, 3:42:29 AM
Error Type: Warning (Error #2)
Error String: ob_start(): second array member is not a valid method
Error File: C:\wamp\www\imgwolf\source\includes\data.php
Error Line: 78
====================================================================
====================================================================
Time Encountered: September 26, 2018, 3:42:39 AM
Error Type: Warning (Error #2)
Error String: ob_start(): second array member is not a valid method
Error File: C:\wamp\www\imgwolf\source\includes\data.php
Error Line: 78
====================================================================
====================================================================
Time Encountered: September 26, 2018, 3:43:09 AM
Error Type: Warning (Error #2)
Error String: ob_start(): second array member is not a valid method
Error File: C:\wamp\www\imgwolf\source\includes\data.php
Error Line: 78
====================================================================
====================================================================
Time Encountered: September 26, 2018, 3:43:25 AM
Error Type: Warning (Error #2)
Error String: ob_start(): second array member is not a valid method
Error File: C:\wamp\www\imgwolf\source\includes\data.php
Error Line: 78
====================================================================
====================================================================
Time Encountered: September 26, 2018, 3:44:34 AM
Error Type: Warning (Error #2)
Error String: ob_start(): second array member is not a valid method
Error File: C:\wamp\www\imgwolf\source\includes\data.php
Error Line: 78
====================================================================
====================================================================
Time Encountered: September 26, 2018, 3:45:15 AM
Error Type: Warning (Error #2)
Error String: ob_start(): second array member is not a valid method
Error File: C:\wamp\www\imgwolf\source\includes\data.php
Error Line: 78
====================================================================
====================================================================
Time Encountered: September 26, 2018, 12:24:21 PM
Error Type: Warning (Error #2)
Error String: ob_start(): second array member is not a valid method
Error File: C:\wamp\www\imgwolf\source\includes\data.php
Error Line: 78
====================================================================
====================================================================
Time Encountered: September 26, 2018, 12:24:26 PM
Error Type: Warning (Error #2)
Error String: ob_start(): second array member is not a valid method
Error File: C:\wamp\www\imgwolf\source\includes\data.php
Error Line: 78
====================================================================
====================================================================
Time Encountered: September 26, 2018, 12:35:48 PM
Error Type: Warning (Error #2)
Error String: ob_start(): second array member is not a valid method
Error File: C:\wamp\www\imgwolf\source\includes\data.php
Error Line: 78
====================================================================
====================================================================
Time Encountered: September 26, 2018, 12:36:15 PM
Error Type: Warning (Error #2)
Error String: ob_start(): second array member is not a valid method
Error File: C:\wamp\www\imgwolf\source\includes\data.php
Error Line: 78
====================================================================
====================================================================
Time Encountered: September 26, 2018, 12:51:10 PM
Error Type: Warning (Error #2)
Error String: ob_start(): second array member is not a valid method
Error File: C:\wamp\www\imgwolf\source\includes\data.php
Error Line: 78
====================================================================
====================================================================
Time Encountered: September 26, 2018, 12:52:13 PM
Error Type: Warning (Error #2)
Error String: ob_start(): second array member is not a valid method
Error File: C:\wamp\www\imgwolf\source\includes\data.php
Error Line: 78
====================================================================
====================================================================
Time Encountered: September 26, 2018, 12:52:13 PM
Error Type: Warning (Error #2)
Error String: gethostbyaddr(): Address is not a valid IPv4 or IPv6 address
Error File: C:\wamp\www\imgwolf\flash.php
Error Line: 53
====================================================================
====================================================================
Time Encountered: September 26, 2018, 12:52:22 PM
Error Type: Warning (Error #2)
Error String: ob_start(): second array member is not a valid method
Error File: C:\wamp\www\imgwolf\source\includes\data.php
Error Line: 78
====================================================================
====================================================================
Time Encountered: September 26, 2018, 12:52:22 PM
Error Type: Warning (Error #2)
Error String: ob_start(): second array member is not a valid method
Error File: C:\wamp\www\imgwolf\source\includes\data.php
Error Line: 78
====================================================================
====================================================================
Time Encountered: September 26, 2018, 12:52:22 PM
Error Type: Warning (Error #2)
Error String: gethostbyaddr(): Address is not a valid IPv4 or IPv6 address
Error File: C:\wamp\www\imgwolf\shower.php
Error Line: 53
====================================================================
====================================================================
Time Encountered: September 26, 2018, 12:52:27 PM
Error Type: Warning (Error #2)
Error String: ob_start(): second array member is not a valid method
Error File: C:\wamp\www\imgwolf\source\includes\data.php
Error Line: 78
====================================================================
====================================================================
Time Encountered: September 26, 2018, 12:55:20 PM
Error Type: Warning (Error #2)
Error String: ob_start(): second array member is not a valid method
Error File: C:\wamp\www\imgwolf\source\includes\data.php
Error Line: 78
====================================================================
====================================================================
Time Encountered: September 26, 2018, 12:55:51 PM
Error Type: Warning (Error #2)
Error String: ob_start(): second array member is not a valid method
Error File: C:\wamp\www\imgwolf\source\includes\data.php
Error Line: 78
====================================================================
====================================================================
Time Encountered: September 26, 2018, 12:56:41 PM
Error Type: Warning (Error #2)
Error String: ob_start(): second array member is not a valid method
Error File: C:\wamp\www\imgwolf\source\includes\data.php
Error Line: 78
====================================================================
====================================================================
Time Encountered: September 26, 2018, 12:56:58 PM
Error Type: Warning (Error #2)
Error String: ob_start(): second array member is not a valid method
Error File: C:\wamp\www\imgwolf\source\includes\data.php
Error Line: 78
====================================================================
====================================================================
Time Encountered: September 26, 2018, 12:57:46 PM
Error Type: Warning (Error #2)
Error String: ob_start(): second array member is not a valid method
Error File: C:\wamp\www\imgwolf\source\includes\data.php
Error Line: 78
====================================================================
====================================================================
Time Encountered: September 26, 2018, 12:59:46 PM
Error Type: Warning (Error #2)
Error String: ob_start(): second array member is not a valid method
Error File: C:\wamp\www\imgwolf\source\includes\data.php
Error Line: 78
====================================================================
====================================================================
Time Encountered: September 26, 2018, 1:00:04 PM
Error Type: Warning (Error #2)
Error String: ob_start(): second array member is not a valid method
Error File: C:\wamp\www\imgwolf\source\includes\data.php
Error Line: 78
====================================================================
====================================================================
Time Encountered: September 26, 2018, 1:00:04 PM
Error Type: Warning (Error #2)
Error String: ob_start(): second array member is not a valid method
Error File: C:\wamp\www\imgwolf\source\includes\data.php
Error Line: 78
====================================================================
====================================================================
Time Encountered: September 26, 2018, 1:00:30 PM
Error Type: Warning (Error #2)
Error String: ob_start(): second array member is not a valid method
Error File: C:\wamp\www\imgwolf\source\includes\data.php
Error Line: 78
====================================================================
====================================================================
Time Encountered: September 26, 2018, 1:00:31 PM
Error Type: Warning (Error #2)
Error String: ob_start(): second array member is not a valid method
Error File: C:\wamp\www\imgwolf\source\includes\data.php
Error Line: 78
====================================================================
====================================================================
Time Encountered: September 26, 2018, 1:02:01 PM
Error Type: Warning (Error #2)
Error String: ob_start(): second array member is not a valid method
Error File: C:\wamp\www\imgwolf\source\includes\data.php
Error Line: 78
====================================================================
====================================================================
Time Encountered: September 26, 2018, 1:02:41 PM
Error Type: Warning (Error #2)
Error String: ob_start(): second array member is not a valid method
Error File: C:\wamp\www\imgwolf\source\includes\data.php
Error Line: 78
====================================================================
