====================================================================
Time Encountered: October 6, 2013, 5:50:14 PM
Error Type: Fatal Error (Error #1)
Error String: Class 'DateInterval' not found
Error File: /home/a8607771/public_html/stats.php
Error Line: 370
====================================================================
====================================================================
Time Encountered: October 6, 2013, 5:52:26 PM
Error Type: Fatal Error (Error #1)
Error String: Class 'DateInterval' not found
Error File: /home/a8607771/public_html/stats.php
Error Line: 370
====================================================================
====================================================================
Time Encountered: October 6, 2013, 6:40:12 PM
Error Type: Warning (Error #2)
Error String: shell_exec() has been disabled for security reasons
Error File: /home/a8607771/public_html/admin.php
Error Line: 26
====================================================================
====================================================================
Time Encountered: October 6, 2013, 6:40:16 PM
Error Type: Warning (Error #2)
Error String: shell_exec() has been disabled for security reasons
Error File: /home/a8607771/public_html/admin.php
Error Line: 57
====================================================================
====================================================================
Time Encountered: October 6, 2013, 6:40:16 PM
Error Type: Warning (Error #2)
Error String: shell_exec() has been disabled for security reasons
Error File: /home/a8607771/public_html/admin.php
Error Line: 82
====================================================================
====================================================================
Time Encountered: October 6, 2013, 6:40:16 PM
Error Type: Warning (Error #2)
Error String: shell_exec() has been disabled for security reasons
Error File: /home/a8607771/public_html/admin.php
Error Line: 94
====================================================================
====================================================================
Time Encountered: October 6, 2013, 6:40:16 PM
Error Type: Warning (Error #2)
Error String: shell_exec() has been disabled for security reasons
Error File: /home/a8607771/public_html/admin.php
Error Line: 104
====================================================================
====================================================================
Time Encountered: October 6, 2013, 6:40:16 PM
Error Type: Warning (Error #2)
Error String: Division by zero
Error File: /home/a8607771/public_html/admin.php
Error Line: 114
====================================================================
====================================================================
Time Encountered: October 6, 2013, 6:40:16 PM
Error Type: Warning (Error #2)
Error String: Division by zero
Error File: /home/a8607771/public_html/admin.php
Error Line: 115
====================================================================
