====================================================================
Time Encountered: October 8, 2013, 2:42:14 AM
Error Type: Warning (Error #2)
Error String: gethostbyaddr() [<a href='function.gethostbyaddr'>function.gethostbyaddr</a>]: Address is not a valid IPv4 or IPv6 address
Error File: /home/a8607771/public_html/flash.php
Error Line: 52
====================================================================
====================================================================
Time Encountered: October 8, 2013, 2:43:22 AM
Error Type: Warning (Error #2)
Error String: gethostbyaddr() [<a href='function.gethostbyaddr'>function.gethostbyaddr</a>]: Address is not a valid IPv4 or IPv6 address
Error File: /home/a8607771/public_html/shower.php
Error Line: 52
====================================================================
====================================================================
Time Encountered: October 8, 2013, 2:45:00 AM
Error Type: Warning (Error #2)
Error String: gethostbyaddr() [<a href='function.gethostbyaddr'>function.gethostbyaddr</a>]: Address is not a valid IPv4 or IPv6 address
Error File: /home/a8607771/public_html/flash.php
Error Line: 52
====================================================================
====================================================================
Time Encountered: October 8, 2013, 2:45:08 AM
Error Type: Warning (Error #2)
Error String: gethostbyaddr() [<a href='function.gethostbyaddr'>function.gethostbyaddr</a>]: Address is not a valid IPv4 or IPv6 address
Error File: /home/a8607771/public_html/shower.php
Error Line: 52
====================================================================
====================================================================
Time Encountered: October 8, 2013, 3:01:46 AM
Error Type: Fatal Error (Error #1)
Error String: Class 'DateInterval' not found
Error File: /home/a8607771/public_html/stats.php
Error Line: 370
====================================================================
====================================================================
Time Encountered: October 8, 2013, 3:01:53 AM
Error Type: Fatal Error (Error #1)
Error String: Class 'DateInterval' not found
Error File: /home/a8607771/public_html/stats.php
Error Line: 370
====================================================================
====================================================================
Time Encountered: October 8, 2013, 3:01:54 AM
Error Type: Fatal Error (Error #1)
Error String: Class 'DateInterval' not found
Error File: /home/a8607771/public_html/stats.php
Error Line: 370
====================================================================
====================================================================
Time Encountered: October 8, 2013, 3:17:11 PM
Error Type: Fatal Error (Error #1)
Error String: Class 'DateInterval' not found
Error File: /home/a8607771/public_html/stats.php
Error Line: 370
====================================================================
====================================================================
Time Encountered: October 8, 2013, 3:18:58 PM
Error Type: Fatal Error (Error #1)
Error String: Class 'DateInterval' not found
Error File: /home/a8607771/public_html/stats.php
Error Line: 370
====================================================================
====================================================================
Time Encountered: October 8, 2013, 3:21:41 PM
Error Type: Fatal Error (Error #1)
Error String: Class 'DateInterval' not found
Error File: /home/a8607771/public_html/stats.php
Error Line: 370
====================================================================
====================================================================
Time Encountered: October 8, 2013, 4:19:49 PM
Error Type: Warning (Error #2)
Error String: gethostbyaddr() [<a href='function.gethostbyaddr'>function.gethostbyaddr</a>]: Address is not a valid IPv4 or IPv6 address
Error File: /home/a8607771/public_html/flash.php
Error Line: 52
====================================================================
====================================================================
Time Encountered: October 8, 2013, 4:21:38 PM
Error Type: Warning (Error #2)
Error String: gethostbyaddr() [<a href='function.gethostbyaddr'>function.gethostbyaddr</a>]: Address is not a valid IPv4 or IPv6 address
Error File: /home/a8607771/public_html/flash.php
Error Line: 52
====================================================================
