====================================================================
Time Encountered: October 9, 2013, 3:29:59 AM
Error Type: Warning (Error #2)
Error String: gethostbyaddr() [<a href='function.gethostbyaddr'>function.gethostbyaddr</a>]: Address is not a valid IPv4 or IPv6 address
Error File: /home/a8607771/public_html/flash.php
Error Line: 52
====================================================================
====================================================================
Time Encountered: October 9, 2013, 3:33:48 AM
Error Type: Fatal Error (Error #1)
Error String: Class 'DateInterval' not found
Error File: /home/a8607771/public_html/stats.php
Error Line: 370
====================================================================
====================================================================
Time Encountered: October 9, 2013, 3:39:40 AM
Error Type: Fatal Error (Error #1)
Error String: Class 'DateInterval' not found
Error File: /home/a8607771/public_html/stats.php
Error Line: 370
====================================================================
====================================================================
Time Encountered: October 9, 2013, 3:40:01 AM
Error Type: Fatal Error (Error #1)
Error String: Class 'DateInterval' not found
Error File: /home/a8607771/public_html/stats.php
Error Line: 370
====================================================================
