====================================================================
Time Encountered: October 7, 2013, 2:18:22 AM
Error Type: Warning (Error #2)
Error String: gethostbyaddr() [<a href='function.gethostbyaddr'>function.gethostbyaddr</a>]: Address is not a valid IPv4 or IPv6 address
Error File: /home/a8607771/public_html/flash.php
Error Line: 50
====================================================================
====================================================================
Time Encountered: October 7, 2013, 2:20:20 AM
Error Type: Warning (Error #2)
Error String: gethostbyaddr() [<a href='function.gethostbyaddr'>function.gethostbyaddr</a>]: Address is not a valid IPv4 or IPv6 address
Error File: /home/a8607771/public_html/flash.php
Error Line: 50
====================================================================
====================================================================
Time Encountered: October 7, 2013, 2:36:14 AM
Error Type: Warning (Error #2)
Error String: gethostbyaddr() [<a href='function.gethostbyaddr'>function.gethostbyaddr</a>]: Address is not a valid IPv4 or IPv6 address
Error File: /home/a8607771/public_html/flash.php
Error Line: 50
====================================================================
====================================================================
Time Encountered: October 7, 2013, 4:16:03 AM
Error Type: Warning (Error #2)
Error String: Invalid argument supplied for foreach()
Error File: /home/a8607771/public_html/upload.php
Error Line: 154
====================================================================
====================================================================
Time Encountered: October 7, 2013, 4:24:39 AM
Error Type: Warning (Error #2)
Error String: Invalid argument supplied for foreach()
Error File: /home/a8607771/public_html/upload.php
Error Line: 154
====================================================================
====================================================================
Time Encountered: October 7, 2013, 4:25:40 AM
Error Type: Warning (Error #2)
Error String: Invalid argument supplied for foreach()
Error File: /home/a8607771/public_html/upload.php
Error Line: 154
====================================================================
====================================================================
Time Encountered: October 7, 2013, 4:26:00 AM
Error Type: Warning (Error #2)
Error String: Invalid argument supplied for foreach()
Error File: /home/a8607771/public_html/upload.php
Error Line: 154
====================================================================
====================================================================
Time Encountered: October 7, 2013, 4:26:36 AM
Error Type: Warning (Error #2)
Error String: Invalid argument supplied for foreach()
Error File: /home/a8607771/public_html/upload.php
Error Line: 154
====================================================================
====================================================================
Time Encountered: October 7, 2013, 4:52:14 AM
Error Type: Warning (Error #2)
Error String: Invalid argument supplied for foreach()
Error File: /home/a8607771/public_html/upload.php
Error Line: 154
====================================================================
====================================================================
Time Encountered: October 7, 2013, 4:55:24 AM
Error Type: Warning (Error #2)
Error String: Invalid argument supplied for foreach()
Error File: /home/a8607771/public_html/upload.php
Error Line: 155
====================================================================
====================================================================
Time Encountered: October 7, 2013, 5:03:15 AM
Error Type: Warning (Error #2)
Error String: Invalid argument supplied for foreach()
Error File: /home/a8607771/public_html/upload.php
Error Line: 154
====================================================================
====================================================================
Time Encountered: October 7, 2013, 5:03:35 AM
Error Type: Warning (Error #2)
Error String: Invalid argument supplied for foreach()
Error File: /home/a8607771/public_html/upload.php
Error Line: 154
====================================================================
====================================================================
Time Encountered: October 7, 2013, 5:06:14 AM
Error Type: Warning (Error #2)
Error String: Invalid argument supplied for foreach()
Error File: /home/a8607771/public_html/upload.php
Error Line: 155
====================================================================
====================================================================
Time Encountered: October 7, 2013, 5:08:28 AM
Error Type: Warning (Error #2)
Error String: Invalid argument supplied for foreach()
Error File: /home/a8607771/public_html/upload.php
Error Line: 155
====================================================================
====================================================================
Time Encountered: October 7, 2013, 5:16:40 AM
Error Type: Warning (Error #2)
Error String: Invalid argument supplied for foreach()
Error File: /home/a8607771/public_html/upload.php
Error Line: 155
====================================================================
====================================================================
Time Encountered: October 7, 2013, 5:24:00 AM
Error Type: Warning (Error #2)
Error String: Invalid argument supplied for foreach()
Error File: /home/a8607771/public_html/upload.php
Error Line: 155
====================================================================
====================================================================
Time Encountered: October 7, 2013, 5:24:46 AM
Error Type: Warning (Error #2)
Error String: Invalid argument supplied for foreach()
Error File: /home/a8607771/public_html/upload.php
Error Line: 155
====================================================================
====================================================================
Time Encountered: October 7, 2013, 5:26:16 AM
Error Type: Warning (Error #2)
Error String: Invalid argument supplied for foreach()
Error File: /home/a8607771/public_html/upload.php
Error Line: 155
====================================================================
====================================================================
Time Encountered: October 7, 2013, 5:44:01 AM
Error Type: Warning (Error #2)
Error String: Invalid argument supplied for foreach()
Error File: /home/a8607771/public_html/upload.php
Error Line: 155
====================================================================
====================================================================
Time Encountered: October 7, 2013, 5:49:02 AM
Error Type: Warning (Error #2)
Error String: Invalid argument supplied for foreach()
Error File: /home/a8607771/public_html/upload.php
Error Line: 155
====================================================================
====================================================================
Time Encountered: October 7, 2013, 6:02:28 AM
Error Type: Warning (Error #2)
Error String: Invalid argument supplied for foreach()
Error File: /home/a8607771/public_html/upload.php
Error Line: 155
====================================================================
====================================================================
Time Encountered: October 7, 2013, 6:05:26 AM
Error Type: Warning (Error #2)
Error String: Invalid argument supplied for foreach()
Error File: /home/a8607771/public_html/upload.php
Error Line: 155
====================================================================
====================================================================
Time Encountered: October 7, 2013, 6:08:17 AM
Error Type: Warning (Error #2)
Error String: Invalid argument supplied for foreach()
Error File: /home/a8607771/public_html/upload.php
Error Line: 155
====================================================================
====================================================================
Time Encountered: October 7, 2013, 6:13:02 AM
Error Type: Warning (Error #2)
Error String: Invalid argument supplied for foreach()
Error File: /home/a8607771/public_html/upload.php
Error Line: 155
====================================================================
====================================================================
Time Encountered: October 7, 2013, 6:13:49 AM
Error Type: Warning (Error #2)
Error String: Invalid argument supplied for foreach()
Error File: /home/a8607771/public_html/upload.php
Error Line: 155
====================================================================
====================================================================
Time Encountered: October 7, 2013, 6:17:02 AM
Error Type: Warning (Error #2)
Error String: Invalid argument supplied for foreach()
Error File: /home/a8607771/public_html/upload.php
Error Line: 155
====================================================================
====================================================================
Time Encountered: October 7, 2013, 6:22:53 AM
Error Type: Warning (Error #2)
Error String: Invalid argument supplied for foreach()
Error File: /home/a8607771/public_html/upload.php
Error Line: 155
====================================================================
====================================================================
Time Encountered: October 7, 2013, 6:25:46 AM
Error Type: Warning (Error #2)
Error String: Invalid argument supplied for foreach()
Error File: /home/a8607771/public_html/upload.php
Error Line: 155
====================================================================
====================================================================
Time Encountered: October 7, 2013, 7:29:53 AM
Error Type: Warning (Error #2)
Error String: date() expects at least 1 parameter, 0 given
Error File: /home/a8607771/public_html/upload.php
Error Line: 15
====================================================================
====================================================================
Time Encountered: October 7, 2013, 7:31:03 AM
Error Type: Warning (Error #2)
Error String: date() expects at least 1 parameter, 0 given
Error File: /home/a8607771/public_html/upload.php
Error Line: 15
====================================================================
====================================================================
Time Encountered: October 7, 2013, 7:32:25 AM
Error Type: Warning (Error #2)
Error String: date() expects at least 1 parameter, 0 given
Error File: /home/a8607771/public_html/upload.php
Error Line: 156
====================================================================
====================================================================
Time Encountered: October 7, 2013, 7:36:00 AM
Error Type: Warning (Error #2)
Error String: date() expects at least 1 parameter, 0 given
Error File: /home/a8607771/public_html/upload.php
Error Line: 13
====================================================================
====================================================================
Time Encountered: October 7, 2013, 8:03:47 AM
Error Type: Warning (Error #2)
Error String: gethostbyaddr() [<a href='function.gethostbyaddr'>function.gethostbyaddr</a>]: Address is not a valid IPv4 or IPv6 address
Error File: /home/a8607771/public_html/flash.php
Error Line: 52
====================================================================
====================================================================
Time Encountered: October 7, 2013, 8:04:08 AM
Error Type: Warning (Error #2)
Error String: gethostbyaddr() [<a href='function.gethostbyaddr'>function.gethostbyaddr</a>]: Address is not a valid IPv4 or IPv6 address
Error File: /home/a8607771/public_html/shower.php
Error Line: 52
====================================================================
====================================================================
Time Encountered: October 7, 2013, 8:08:31 AM
Error Type: Warning (Error #2)
Error String: gethostbyaddr() [<a href='function.gethostbyaddr'>function.gethostbyaddr</a>]: Address is not a valid IPv4 or IPv6 address
Error File: /home/a8607771/public_html/flash.php
Error Line: 52
====================================================================
====================================================================
Time Encountered: October 7, 2013, 8:11:05 AM
Error Type: Warning (Error #2)
Error String: gethostbyaddr() [<a href='function.gethostbyaddr'>function.gethostbyaddr</a>]: Address is not a valid IPv4 or IPv6 address
Error File: /home/a8607771/public_html/flash.php
Error Line: 52
====================================================================
====================================================================
Time Encountered: October 7, 2013, 8:11:31 AM
Error Type: Warning (Error #2)
Error String: gethostbyaddr() [<a href='function.gethostbyaddr'>function.gethostbyaddr</a>]: Address is not a valid IPv4 or IPv6 address
Error File: /home/a8607771/public_html/flash.php
Error Line: 52
====================================================================
====================================================================
Time Encountered: October 7, 2013, 8:11:43 AM
Error Type: Warning (Error #2)
Error String: gethostbyaddr() [<a href='function.gethostbyaddr'>function.gethostbyaddr</a>]: Address is not a valid IPv4 or IPv6 address
Error File: /home/a8607771/public_html/shower.php
Error Line: 52
====================================================================
====================================================================
Time Encountered: October 7, 2013, 3:11:07 PM
Error Type: Warning (Error #2)
Error String: gethostbyaddr() [<a href='function.gethostbyaddr'>function.gethostbyaddr</a>]: Address is not a valid IPv4 or IPv6 address
Error File: /home/a8607771/public_html/flash.php
Error Line: 52
====================================================================
====================================================================
Time Encountered: October 7, 2013, 3:14:04 PM
Error Type: Warning (Error #2)
Error String: gethostbyaddr() [<a href='function.gethostbyaddr'>function.gethostbyaddr</a>]: Address is not a valid IPv4 or IPv6 address
Error File: /home/a8607771/public_html/shower.php
Error Line: 52
====================================================================
====================================================================
Time Encountered: October 7, 2013, 3:36:12 PM
Error Type: Warning (Error #2)
Error String: gethostbyaddr() [<a href='function.gethostbyaddr'>function.gethostbyaddr</a>]: Address is not a valid IPv4 or IPv6 address
Error File: /home/a8607771/public_html/flash.php
Error Line: 52
====================================================================
====================================================================
Time Encountered: October 7, 2013, 3:36:57 PM
Error Type: Warning (Error #2)
Error String: gethostbyaddr() [<a href='function.gethostbyaddr'>function.gethostbyaddr</a>]: Address is not a valid IPv4 or IPv6 address
Error File: /home/a8607771/public_html/shower.php
Error Line: 52
====================================================================
====================================================================
Time Encountered: October 7, 2013, 3:38:01 PM
Error Type: Warning (Error #2)
Error String: gethostbyaddr() [<a href='function.gethostbyaddr'>function.gethostbyaddr</a>]: Address is not a valid IPv4 or IPv6 address
Error File: /home/a8607771/public_html/flash.php
Error Line: 52
====================================================================
====================================================================
Time Encountered: October 7, 2013, 3:39:41 PM
Error Type: Warning (Error #2)
Error String: gethostbyaddr() [<a href='function.gethostbyaddr'>function.gethostbyaddr</a>]: Address is not a valid IPv4 or IPv6 address
Error File: /home/a8607771/public_html/flash.php
Error Line: 50
====================================================================
====================================================================
Time Encountered: October 7, 2013, 3:39:52 PM
Error Type: Warning (Error #2)
Error String: gethostbyaddr() [<a href='function.gethostbyaddr'>function.gethostbyaddr</a>]: Address is not a valid IPv4 or IPv6 address
Error File: /home/a8607771/public_html/flash.php
Error Line: 50
====================================================================
====================================================================
Time Encountered: October 7, 2013, 3:40:12 PM
Error Type: Warning (Error #2)
Error String: gethostbyaddr() [<a href='function.gethostbyaddr'>function.gethostbyaddr</a>]: Address is not a valid IPv4 or IPv6 address
Error File: /home/a8607771/public_html/flash.php
Error Line: 50
====================================================================
====================================================================
Time Encountered: October 7, 2013, 3:40:48 PM
Error Type: Warning (Error #2)
Error String: gethostbyaddr() [<a href='function.gethostbyaddr'>function.gethostbyaddr</a>]: Address is not a valid IPv4 or IPv6 address
Error File: /home/a8607771/public_html/flash.php
Error Line: 50
====================================================================
====================================================================
Time Encountered: October 7, 2013, 3:41:01 PM
Error Type: Warning (Error #2)
Error String: gethostbyaddr() [<a href='function.gethostbyaddr'>function.gethostbyaddr</a>]: Address is not a valid IPv4 or IPv6 address
Error File: /home/a8607771/public_html/flash.php
Error Line: 50
====================================================================
====================================================================
Time Encountered: October 7, 2013, 3:41:37 PM
Error Type: Warning (Error #2)
Error String: gethostbyaddr() [<a href='function.gethostbyaddr'>function.gethostbyaddr</a>]: Address is not a valid IPv4 or IPv6 address
Error File: /home/a8607771/public_html/flash.php
Error Line: 52
====================================================================
====================================================================
Time Encountered: October 7, 2013, 3:42:16 PM
Error Type: Warning (Error #2)
Error String: gethostbyaddr() [<a href='function.gethostbyaddr'>function.gethostbyaddr</a>]: Address is not a valid IPv4 or IPv6 address
Error File: /home/a8607771/public_html/flash.php
Error Line: 52
====================================================================
====================================================================
Time Encountered: October 7, 2013, 3:42:57 PM
Error Type: Warning (Error #2)
Error String: gethostbyaddr() [<a href='function.gethostbyaddr'>function.gethostbyaddr</a>]: Address is not a valid IPv4 or IPv6 address
Error File: /home/a8607771/public_html/flash.php
Error Line: 52
====================================================================
====================================================================
Time Encountered: October 7, 2013, 3:43:21 PM
Error Type: Warning (Error #2)
Error String: gethostbyaddr() [<a href='function.gethostbyaddr'>function.gethostbyaddr</a>]: Address is not a valid IPv4 or IPv6 address
Error File: /home/a8607771/public_html/flash.php
Error Line: 52
====================================================================
====================================================================
Time Encountered: October 7, 2013, 3:44:10 PM
Error Type: Warning (Error #2)
Error String: gethostbyaddr() [<a href='function.gethostbyaddr'>function.gethostbyaddr</a>]: Address is not a valid IPv4 or IPv6 address
Error File: /home/a8607771/public_html/flash.php
Error Line: 52
====================================================================
====================================================================
Time Encountered: October 7, 2013, 3:44:38 PM
Error Type: Warning (Error #2)
Error String: gethostbyaddr() [<a href='function.gethostbyaddr'>function.gethostbyaddr</a>]: Address is not a valid IPv4 or IPv6 address
Error File: /home/a8607771/public_html/flash.php
Error Line: 52
====================================================================
====================================================================
Time Encountered: October 7, 2013, 3:45:32 PM
Error Type: Warning (Error #2)
Error String: gethostbyaddr() [<a href='function.gethostbyaddr'>function.gethostbyaddr</a>]: Address is not a valid IPv4 or IPv6 address
Error File: /home/a8607771/public_html/flash.php
Error Line: 52
====================================================================
====================================================================
Time Encountered: October 7, 2013, 3:45:46 PM
Error Type: Warning (Error #2)
Error String: gethostbyaddr() [<a href='function.gethostbyaddr'>function.gethostbyaddr</a>]: Address is not a valid IPv4 or IPv6 address
Error File: /home/a8607771/public_html/flash.php
Error Line: 52
====================================================================
====================================================================
Time Encountered: October 7, 2013, 3:46:08 PM
Error Type: Warning (Error #2)
Error String: gethostbyaddr() [<a href='function.gethostbyaddr'>function.gethostbyaddr</a>]: Address is not a valid IPv4 or IPv6 address
Error File: /home/a8607771/public_html/flash.php
Error Line: 52
====================================================================
====================================================================
Time Encountered: October 7, 2013, 3:46:24 PM
Error Type: Warning (Error #2)
Error String: gethostbyaddr() [<a href='function.gethostbyaddr'>function.gethostbyaddr</a>]: Address is not a valid IPv4 or IPv6 address
Error File: /home/a8607771/public_html/flash.php
Error Line: 52
====================================================================
====================================================================
Time Encountered: October 7, 2013, 3:47:00 PM
Error Type: Warning (Error #2)
Error String: gethostbyaddr() [<a href='function.gethostbyaddr'>function.gethostbyaddr</a>]: Address is not a valid IPv4 or IPv6 address
Error File: /home/a8607771/public_html/flash.php
Error Line: 52
====================================================================
====================================================================
Time Encountered: October 7, 2013, 3:47:33 PM
Error Type: Warning (Error #2)
Error String: gethostbyaddr() [<a href='function.gethostbyaddr'>function.gethostbyaddr</a>]: Address is not a valid IPv4 or IPv6 address
Error File: /home/a8607771/public_html/flash.php
Error Line: 52
====================================================================
====================================================================
Time Encountered: October 7, 2013, 3:47:50 PM
Error Type: Warning (Error #2)
Error String: gethostbyaddr() [<a href='function.gethostbyaddr'>function.gethostbyaddr</a>]: Address is not a valid IPv4 or IPv6 address
Error File: /home/a8607771/public_html/flash.php
Error Line: 52
====================================================================
====================================================================
Time Encountered: October 7, 2013, 3:47:59 PM
Error Type: Warning (Error #2)
Error String: gethostbyaddr() [<a href='function.gethostbyaddr'>function.gethostbyaddr</a>]: Address is not a valid IPv4 or IPv6 address
Error File: /home/a8607771/public_html/flash.php
Error Line: 52
====================================================================
====================================================================
Time Encountered: October 7, 2013, 3:48:18 PM
Error Type: Warning (Error #2)
Error String: gethostbyaddr() [<a href='function.gethostbyaddr'>function.gethostbyaddr</a>]: Address is not a valid IPv4 or IPv6 address
Error File: /home/a8607771/public_html/flash.php
Error Line: 52
====================================================================
====================================================================
Time Encountered: October 7, 2013, 3:48:53 PM
Error Type: Warning (Error #2)
Error String: gethostbyaddr() [<a href='function.gethostbyaddr'>function.gethostbyaddr</a>]: Address is not a valid IPv4 or IPv6 address
Error File: /home/a8607771/public_html/flash.php
Error Line: 52
====================================================================
====================================================================
Time Encountered: October 7, 2013, 3:49:43 PM
Error Type: Warning (Error #2)
Error String: gethostbyaddr() [<a href='function.gethostbyaddr'>function.gethostbyaddr</a>]: Address is not a valid IPv4 or IPv6 address
Error File: /home/a8607771/public_html/flash.php
Error Line: 52
====================================================================
====================================================================
Time Encountered: October 7, 2013, 3:53:48 PM
Error Type: Warning (Error #2)
Error String: gethostbyaddr() [<a href='function.gethostbyaddr'>function.gethostbyaddr</a>]: Address is not a valid IPv4 or IPv6 address
Error File: /home/a8607771/public_html/flash.php
Error Line: 52
====================================================================
====================================================================
Time Encountered: October 7, 2013, 3:54:04 PM
Error Type: Warning (Error #2)
Error String: gethostbyaddr() [<a href='function.gethostbyaddr'>function.gethostbyaddr</a>]: Address is not a valid IPv4 or IPv6 address
Error File: /home/a8607771/public_html/flash.php
Error Line: 52
====================================================================
====================================================================
Time Encountered: October 7, 2013, 3:55:38 PM
Error Type: Warning (Error #2)
Error String: gethostbyaddr() [<a href='function.gethostbyaddr'>function.gethostbyaddr</a>]: Address is not a valid IPv4 or IPv6 address
Error File: /home/a8607771/public_html/flash.php
Error Line: 52
====================================================================
====================================================================
Time Encountered: October 7, 2013, 3:56:18 PM
Error Type: Warning (Error #2)
Error String: gethostbyaddr() [<a href='function.gethostbyaddr'>function.gethostbyaddr</a>]: Address is not a valid IPv4 or IPv6 address
Error File: /home/a8607771/public_html/flash.php
Error Line: 52
====================================================================
====================================================================
Time Encountered: October 7, 2013, 3:56:36 PM
Error Type: Warning (Error #2)
Error String: gethostbyaddr() [<a href='function.gethostbyaddr'>function.gethostbyaddr</a>]: Address is not a valid IPv4 or IPv6 address
Error File: /home/a8607771/public_html/shower.php
Error Line: 52
====================================================================
====================================================================
Time Encountered: October 7, 2013, 3:57:10 PM
Error Type: Warning (Error #2)
Error String: gethostbyaddr() [<a href='function.gethostbyaddr'>function.gethostbyaddr</a>]: Address is not a valid IPv4 or IPv6 address
Error File: /home/a8607771/public_html/flash.php
Error Line: 52
====================================================================
====================================================================
Time Encountered: October 7, 2013, 3:57:28 PM
Error Type: Warning (Error #2)
Error String: gethostbyaddr() [<a href='function.gethostbyaddr'>function.gethostbyaddr</a>]: Address is not a valid IPv4 or IPv6 address
Error File: /home/a8607771/public_html/shower.php
Error Line: 52
====================================================================
====================================================================
Time Encountered: October 7, 2013, 3:57:59 PM
Error Type: Warning (Error #2)
Error String: gethostbyaddr() [<a href='function.gethostbyaddr'>function.gethostbyaddr</a>]: Address is not a valid IPv4 or IPv6 address
Error File: /home/a8607771/public_html/flash.php
Error Line: 52
====================================================================
====================================================================
Time Encountered: October 7, 2013, 3:58:18 PM
Error Type: Warning (Error #2)
Error String: gethostbyaddr() [<a href='function.gethostbyaddr'>function.gethostbyaddr</a>]: Address is not a valid IPv4 or IPv6 address
Error File: /home/a8607771/public_html/flash.php
Error Line: 52
====================================================================
====================================================================
Time Encountered: October 7, 2013, 3:58:32 PM
Error Type: Warning (Error #2)
Error String: gethostbyaddr() [<a href='function.gethostbyaddr'>function.gethostbyaddr</a>]: Address is not a valid IPv4 or IPv6 address
Error File: /home/a8607771/public_html/shower.php
Error Line: 52
====================================================================
====================================================================
Time Encountered: October 7, 2013, 3:58:45 PM
Error Type: Warning (Error #2)
Error String: gethostbyaddr() [<a href='function.gethostbyaddr'>function.gethostbyaddr</a>]: Address is not a valid IPv4 or IPv6 address
Error File: /home/a8607771/public_html/flash.php
Error Line: 52
====================================================================
====================================================================
Time Encountered: October 7, 2013, 3:59:54 PM
Error Type: Warning (Error #2)
Error String: gethostbyaddr() [<a href='function.gethostbyaddr'>function.gethostbyaddr</a>]: Address is not a valid IPv4 or IPv6 address
Error File: /home/a8607771/public_html/flash.php
Error Line: 52
====================================================================
====================================================================
Time Encountered: October 7, 2013, 4:00:16 PM
Error Type: Warning (Error #2)
Error String: gethostbyaddr() [<a href='function.gethostbyaddr'>function.gethostbyaddr</a>]: Address is not a valid IPv4 or IPv6 address
Error File: /home/a8607771/public_html/flash.php
Error Line: 52
====================================================================
====================================================================
Time Encountered: October 7, 2013, 4:00:43 PM
Error Type: Warning (Error #2)
Error String: gethostbyaddr() [<a href='function.gethostbyaddr'>function.gethostbyaddr</a>]: Address is not a valid IPv4 or IPv6 address
Error File: /home/a8607771/public_html/flash.php
Error Line: 52
====================================================================
====================================================================
Time Encountered: October 7, 2013, 4:00:58 PM
Error Type: Warning (Error #2)
Error String: gethostbyaddr() [<a href='function.gethostbyaddr'>function.gethostbyaddr</a>]: Address is not a valid IPv4 or IPv6 address
Error File: /home/a8607771/public_html/flash.php
Error Line: 52
====================================================================
====================================================================
Time Encountered: October 7, 2013, 4:02:47 PM
Error Type: Warning (Error #2)
Error String: gethostbyaddr() [<a href='function.gethostbyaddr'>function.gethostbyaddr</a>]: Address is not a valid IPv4 or IPv6 address
Error File: /home/a8607771/public_html/flash.php
Error Line: 52
====================================================================
====================================================================
Time Encountered: October 7, 2013, 4:09:54 PM
Error Type: Warning (Error #2)
Error String: gethostbyaddr() [<a href='function.gethostbyaddr'>function.gethostbyaddr</a>]: Address is not a valid IPv4 or IPv6 address
Error File: /home/a8607771/public_html/flash.php
Error Line: 52
====================================================================
====================================================================
Time Encountered: October 7, 2013, 4:10:15 PM
Error Type: Warning (Error #2)
Error String: gethostbyaddr() [<a href='function.gethostbyaddr'>function.gethostbyaddr</a>]: Address is not a valid IPv4 or IPv6 address
Error File: /home/a8607771/public_html/flash.php
Error Line: 52
====================================================================
====================================================================
Time Encountered: October 7, 2013, 4:10:19 PM
Error Type: Warning (Error #2)
Error String: gethostbyaddr() [<a href='function.gethostbyaddr'>function.gethostbyaddr</a>]: Address is not a valid IPv4 or IPv6 address
Error File: /home/a8607771/public_html/flash.php
Error Line: 52
====================================================================
====================================================================
Time Encountered: October 7, 2013, 4:10:34 PM
Error Type: Warning (Error #2)
Error String: gethostbyaddr() [<a href='function.gethostbyaddr'>function.gethostbyaddr</a>]: Address is not a valid IPv4 or IPv6 address
Error File: /home/a8607771/public_html/flash.php
Error Line: 52
====================================================================
====================================================================
Time Encountered: October 7, 2013, 4:11:18 PM
Error Type: Warning (Error #2)
Error String: gethostbyaddr() [<a href='function.gethostbyaddr'>function.gethostbyaddr</a>]: Address is not a valid IPv4 or IPv6 address
Error File: /home/a8607771/public_html/flash.php
Error Line: 52
====================================================================
====================================================================
Time Encountered: October 7, 2013, 4:11:26 PM
Error Type: Warning (Error #2)
Error String: gethostbyaddr() [<a href='function.gethostbyaddr'>function.gethostbyaddr</a>]: Address is not a valid IPv4 or IPv6 address
Error File: /home/a8607771/public_html/flash.php
Error Line: 52
====================================================================
====================================================================
Time Encountered: October 7, 2013, 4:11:38 PM
Error Type: Warning (Error #2)
Error String: gethostbyaddr() [<a href='function.gethostbyaddr'>function.gethostbyaddr</a>]: Address is not a valid IPv4 or IPv6 address
Error File: /home/a8607771/public_html/flash.php
Error Line: 52
====================================================================
====================================================================
Time Encountered: October 7, 2013, 4:12:03 PM
Error Type: Warning (Error #2)
Error String: gethostbyaddr() [<a href='function.gethostbyaddr'>function.gethostbyaddr</a>]: Address is not a valid IPv4 or IPv6 address
Error File: /home/a8607771/public_html/flash.php
Error Line: 52
====================================================================
====================================================================
Time Encountered: October 7, 2013, 4:12:07 PM
Error Type: Warning (Error #2)
Error String: gethostbyaddr() [<a href='function.gethostbyaddr'>function.gethostbyaddr</a>]: Address is not a valid IPv4 or IPv6 address
Error File: /home/a8607771/public_html/flash.php
Error Line: 52
====================================================================
====================================================================
Time Encountered: October 7, 2013, 4:13:01 PM
Error Type: Warning (Error #2)
Error String: gethostbyaddr() [<a href='function.gethostbyaddr'>function.gethostbyaddr</a>]: Address is not a valid IPv4 or IPv6 address
Error File: /home/a8607771/public_html/flash.php
Error Line: 52
====================================================================
====================================================================
Time Encountered: October 7, 2013, 4:13:40 PM
Error Type: Warning (Error #2)
Error String: gethostbyaddr() [<a href='function.gethostbyaddr'>function.gethostbyaddr</a>]: Address is not a valid IPv4 or IPv6 address
Error File: /home/a8607771/public_html/flash.php
Error Line: 52
====================================================================
====================================================================
Time Encountered: October 7, 2013, 4:13:53 PM
Error Type: Warning (Error #2)
Error String: gethostbyaddr() [<a href='function.gethostbyaddr'>function.gethostbyaddr</a>]: Address is not a valid IPv4 or IPv6 address
Error File: /home/a8607771/public_html/shower.php
Error Line: 52
====================================================================
====================================================================
Time Encountered: October 7, 2013, 4:15:06 PM
Error Type: Fatal Error (Error #1)
Error String: Class 'DateInterval' not found
Error File: /home/a8607771/public_html/stats.php
Error Line: 370
====================================================================
