====================================================================
Time Encountered: October 3, 2013, 3:21:50 PM
Error Type: Fatal Error (Error #1)
Error String: Class 'DateInterval' not found
Error File: /home/a8607771/public_html/stats.php
Error Line: 370
====================================================================
====================================================================
Time Encountered: October 3, 2013, 3:25:33 PM
Error Type: Fatal Error (Error #1)
Error String: Class 'DateInterval' not found
Error File: /home/a8607771/public_html/stats.php
Error Line: 370
====================================================================
====================================================================
Time Encountered: October 3, 2013, 3:25:39 PM
Error Type: Fatal Error (Error #1)
Error String: Class 'DateInterval' not found
Error File: /home/a8607771/public_html/stats.php
Error Line: 370
====================================================================
====================================================================
Time Encountered: October 3, 2013, 3:25:59 PM
Error Type: Fatal Error (Error #1)
Error String: Class 'DateInterval' not found
Error File: /home/a8607771/public_html/stats.php
Error Line: 370
====================================================================
====================================================================
Time Encountered: October 3, 2013, 3:32:05 PM
Error Type: Fatal Error (Error #1)
Error String: Class 'DateInterval' not found
Error File: /home/a8607771/public_html/stats.php
Error Line: 370
====================================================================
====================================================================
Time Encountered: October 3, 2013, 3:32:14 PM
Error Type: Fatal Error (Error #1)
Error String: Class 'DateInterval' not found
Error File: /home/a8607771/public_html/stats.php
Error Line: 370
====================================================================
====================================================================
Time Encountered: October 3, 2013, 3:32:30 PM
Error Type: Fatal Error (Error #1)
Error String: Class 'DateInterval' not found
Error File: /home/a8607771/public_html/stats.php
Error Line: 370
====================================================================
====================================================================
Time Encountered: October 3, 2013, 3:32:53 PM
Error Type: Fatal Error (Error #1)
Error String: Class 'DateInterval' not found
Error File: /home/a8607771/public_html/stats.php
Error Line: 370
====================================================================
