====================================================================
Time Encountered: October 17, 2018, 3:55:07 PM
Error Type: Warning (Error #2)
Error String: ob_start(): second array member is not a valid method
Error File: C:\wamp\www\imgwolf\source\includes\data.php
Error Line: 78
====================================================================
====================================================================
Time Encountered: October 17, 2018, 3:55:16 PM
Error Type: Warning (Error #2)
Error String: ob_start(): second array member is not a valid method
Error File: C:\wamp\www\imgwolf\source\includes\data.php
Error Line: 78
====================================================================
====================================================================
Time Encountered: October 17, 2018, 3:56:16 PM
Error Type: Warning (Error #2)
Error String: ob_start(): second array member is not a valid method
Error File: C:\wamp\www\imgwolf\source\includes\data.php
Error Line: 78
====================================================================
====================================================================
Time Encountered: October 17, 2018, 3:56:28 PM
Error Type: Warning (Error #2)
Error String: ob_start(): second array member is not a valid method
Error File: C:\wamp\www\imgwolf\source\includes\data.php
Error Line: 78
====================================================================
====================================================================
Time Encountered: October 17, 2018, 3:56:31 PM
Error Type: Warning (Error #2)
Error String: ob_start(): second array member is not a valid method
Error File: C:\wamp\www\imgwolf\source\includes\data.php
Error Line: 78
====================================================================
