====================================================================
Time Encountered: October 15, 2019, 7:42:23 AM
Error Type: Warning (Error #2)
Error String: ob_start(): second array member is not a valid method
Error File: /var/www/html/imgload/source/includes/data.php
Error Line: 78
====================================================================
====================================================================
Time Encountered: October 15, 2019, 7:42:23 AM
Error Type: Unknown Error (Error #8192)
Error String: mysql_connect(): The mysql extension is deprecated and will be removed in the future: use mysqli or PDO instead
Error File: /var/www/html/imgload/source/includes/database.php
Error Line: 20
====================================================================
====================================================================
Time Encountered: October 15, 2019, 7:42:23 AM
Error Type: Unknown Error (Error #8192)
Error String: mysql_connect(): The mysql extension is deprecated and will be removed in the future: use mysqli or PDO instead
Error File: /var/www/html/imgload/conexion.php
Error Line: 6
====================================================================
====================================================================
Time Encountered: October 15, 2019, 7:47:27 AM
Error Type: Warning (Error #2)
Error String: ob_start(): second array member is not a valid method
Error File: /var/www/html/imgload/source/includes/data.php
Error Line: 78
====================================================================
====================================================================
Time Encountered: October 15, 2019, 7:47:27 AM
Error Type: Unknown Error (Error #8192)
Error String: mysql_connect(): The mysql extension is deprecated and will be removed in the future: use mysqli or PDO instead
Error File: /var/www/html/imgload/source/includes/database.php
Error Line: 20
====================================================================
====================================================================
Time Encountered: October 15, 2019, 7:47:27 AM
Error Type: Unknown Error (Error #8192)
Error String: mysql_connect(): The mysql extension is deprecated and will be removed in the future: use mysqli or PDO instead
Error File: /var/www/html/imgload/conexion.php
Error Line: 6
====================================================================
====================================================================
Time Encountered: October 15, 2019, 7:47:40 AM
Error Type: Warning (Error #2)
Error String: ob_start(): second array member is not a valid method
Error File: /var/www/html/imgload/source/includes/data.php
Error Line: 78
====================================================================
====================================================================
Time Encountered: October 15, 2019, 7:47:40 AM
Error Type: Unknown Error (Error #8192)
Error String: mysql_connect(): The mysql extension is deprecated and will be removed in the future: use mysqli or PDO instead
Error File: /var/www/html/imgload/source/includes/database.php
Error Line: 20
====================================================================
====================================================================
Time Encountered: October 15, 2019, 7:47:40 AM
Error Type: Unknown Error (Error #8192)
Error String: mysql_connect(): The mysql extension is deprecated and will be removed in the future: use mysqli or PDO instead
Error File: /var/www/html/imgload/conexion.php
Error Line: 6
====================================================================
====================================================================
Time Encountered: October 15, 2019, 7:47:40 AM
Error Type: Warning (Error #2)
Error String: ob_start(): second array member is not a valid method
Error File: /var/www/html/imgload/source/includes/data.php
Error Line: 78
====================================================================
====================================================================
Time Encountered: October 15, 2019, 7:47:40 AM
Error Type: Unknown Error (Error #8192)
Error String: mysql_connect(): The mysql extension is deprecated and will be removed in the future: use mysqli or PDO instead
Error File: /var/www/html/imgload/source/includes/database.php
Error Line: 20
====================================================================
====================================================================
Time Encountered: October 15, 2019, 7:47:49 AM
Error Type: Warning (Error #2)
Error String: ob_start(): second array member is not a valid method
Error File: /var/www/html/imgload/source/includes/data.php
Error Line: 78
====================================================================
====================================================================
Time Encountered: October 15, 2019, 7:47:49 AM
Error Type: Unknown Error (Error #8192)
Error String: mysql_connect(): The mysql extension is deprecated and will be removed in the future: use mysqli or PDO instead
Error File: /var/www/html/imgload/source/includes/database.php
Error Line: 20
====================================================================
====================================================================
Time Encountered: October 15, 2019, 7:47:52 AM
Error Type: Warning (Error #2)
Error String: ob_start(): second array member is not a valid method
Error File: /var/www/html/imgload/source/includes/data.php
Error Line: 78
====================================================================
====================================================================
Time Encountered: October 15, 2019, 7:47:52 AM
Error Type: Unknown Error (Error #8192)
Error String: mysql_connect(): The mysql extension is deprecated and will be removed in the future: use mysqli or PDO instead
Error File: /var/www/html/imgload/source/includes/database.php
Error Line: 20
====================================================================
====================================================================
Time Encountered: October 15, 2019, 7:47:54 AM
Error Type: Warning (Error #2)
Error String: ob_start(): second array member is not a valid method
Error File: /var/www/html/imgload/source/includes/data.php
Error Line: 78
====================================================================
====================================================================
Time Encountered: October 15, 2019, 7:47:54 AM
Error Type: Unknown Error (Error #8192)
Error String: mysql_connect(): The mysql extension is deprecated and will be removed in the future: use mysqli or PDO instead
Error File: /var/www/html/imgload/source/includes/database.php
Error Line: 20
====================================================================
====================================================================
Time Encountered: October 15, 2019, 7:48:30 AM
Error Type: Warning (Error #2)
Error String: ob_start(): second array member is not a valid method
Error File: /var/www/html/imgload/source/includes/data.php
Error Line: 78
====================================================================
====================================================================
Time Encountered: October 15, 2019, 7:48:30 AM
Error Type: Unknown Error (Error #8192)
Error String: mysql_connect(): The mysql extension is deprecated and will be removed in the future: use mysqli or PDO instead
Error File: /var/www/html/imgload/source/includes/database.php
Error Line: 20
====================================================================
====================================================================
Time Encountered: October 15, 2019, 7:48:33 AM
Error Type: Warning (Error #2)
Error String: ob_start(): second array member is not a valid method
Error File: /var/www/html/imgload/source/includes/data.php
Error Line: 78
====================================================================
====================================================================
Time Encountered: October 15, 2019, 7:48:33 AM
Error Type: Unknown Error (Error #8192)
Error String: mysql_connect(): The mysql extension is deprecated and will be removed in the future: use mysqli or PDO instead
Error File: /var/www/html/imgload/source/includes/database.php
Error Line: 20
====================================================================
====================================================================
Time Encountered: October 15, 2019, 7:48:45 AM
Error Type: Warning (Error #2)
Error String: ob_start(): second array member is not a valid method
Error File: /var/www/html/imgload/source/includes/data.php
Error Line: 78
====================================================================
====================================================================
Time Encountered: October 15, 2019, 7:48:45 AM
Error Type: Unknown Error (Error #8192)
Error String: mysql_connect(): The mysql extension is deprecated and will be removed in the future: use mysqli or PDO instead
Error File: /var/www/html/imgload/source/includes/database.php
Error Line: 20
====================================================================
====================================================================
Time Encountered: October 15, 2019, 7:48:49 AM
Error Type: Warning (Error #2)
Error String: ob_start(): second array member is not a valid method
Error File: /var/www/html/imgload/source/includes/data.php
Error Line: 78
====================================================================
====================================================================
Time Encountered: October 15, 2019, 7:48:49 AM
Error Type: Unknown Error (Error #8192)
Error String: mysql_connect(): The mysql extension is deprecated and will be removed in the future: use mysqli or PDO instead
Error File: /var/www/html/imgload/source/includes/database.php
Error Line: 20
====================================================================
====================================================================
Time Encountered: October 15, 2019, 7:52:59 AM
Error Type: Warning (Error #2)
Error String: ob_start(): second array member is not a valid method
Error File: /var/www/html/imgload/source/includes/data.php
Error Line: 78
====================================================================
====================================================================
Time Encountered: October 15, 2019, 7:52:59 AM
Error Type: Unknown Error (Error #8192)
Error String: mysql_connect(): The mysql extension is deprecated and will be removed in the future: use mysqli or PDO instead
Error File: /var/www/html/imgload/source/includes/database.php
Error Line: 20
====================================================================
====================================================================
Time Encountered: October 15, 2019, 7:52:59 AM
Error Type: Unknown Error (Error #8192)
Error String: mysql_connect(): The mysql extension is deprecated and will be removed in the future: use mysqli or PDO instead
Error File: /var/www/html/imgload/conexion.php
Error Line: 6
====================================================================
====================================================================
Time Encountered: October 15, 2019, 7:53:08 AM
Error Type: Warning (Error #2)
Error String: ob_start(): second array member is not a valid method
Error File: /var/www/html/imgload/source/includes/data.php
Error Line: 78
====================================================================
====================================================================
Time Encountered: October 15, 2019, 7:53:08 AM
Error Type: Unknown Error (Error #8192)
Error String: mysql_connect(): The mysql extension is deprecated and will be removed in the future: use mysqli or PDO instead
Error File: /var/www/html/imgload/source/includes/database.php
Error Line: 20
====================================================================
====================================================================
Time Encountered: October 15, 2019, 7:53:08 AM
Error Type: Unknown Error (Error #8192)
Error String: mysql_connect(): The mysql extension is deprecated and will be removed in the future: use mysqli or PDO instead
Error File: /var/www/html/imgload/conexion.php
Error Line: 6
====================================================================
====================================================================
Time Encountered: October 15, 2019, 7:53:16 AM
Error Type: Warning (Error #2)
Error String: ob_start(): second array member is not a valid method
Error File: /var/www/html/imgload/source/includes/data.php
Error Line: 78
====================================================================
====================================================================
Time Encountered: October 15, 2019, 7:53:16 AM
Error Type: Unknown Error (Error #8192)
Error String: mysql_connect(): The mysql extension is deprecated and will be removed in the future: use mysqli or PDO instead
Error File: /var/www/html/imgload/source/includes/database.php
Error Line: 20
====================================================================
====================================================================
Time Encountered: October 15, 2019, 7:53:16 AM
Error Type: Unknown Error (Error #8192)
Error String: mysql_connect(): The mysql extension is deprecated and will be removed in the future: use mysqli or PDO instead
Error File: /var/www/html/imgload/conexion.php
Error Line: 6
====================================================================
====================================================================
Time Encountered: October 15, 2019, 7:53:16 AM
Error Type: Warning (Error #2)
Error String: ob_start(): second array member is not a valid method
Error File: /var/www/html/imgload/source/includes/data.php
Error Line: 78
====================================================================
====================================================================
Time Encountered: October 15, 2019, 7:53:16 AM
Error Type: Unknown Error (Error #8192)
Error String: mysql_connect(): The mysql extension is deprecated and will be removed in the future: use mysqli or PDO instead
Error File: /var/www/html/imgload/source/includes/database.php
Error Line: 20
====================================================================
====================================================================
Time Encountered: October 15, 2019, 7:53:46 AM
Error Type: Warning (Error #2)
Error String: ob_start(): second array member is not a valid method
Error File: /var/www/html/imgload/source/includes/data.php
Error Line: 78
====================================================================
====================================================================
Time Encountered: October 15, 2019, 7:53:46 AM
Error Type: Unknown Error (Error #8192)
Error String: mysql_connect(): The mysql extension is deprecated and will be removed in the future: use mysqli or PDO instead
Error File: /var/www/html/imgload/source/includes/database.php
Error Line: 20
====================================================================
====================================================================
Time Encountered: October 15, 2019, 7:57:03 AM
Error Type: Warning (Error #2)
Error String: ob_start(): second array member is not a valid method
Error File: /var/www/html/imgload/source/includes/data.php
Error Line: 78
====================================================================
====================================================================
Time Encountered: October 15, 2019, 7:57:03 AM
Error Type: Unknown Error (Error #8192)
Error String: mysql_connect(): The mysql extension is deprecated and will be removed in the future: use mysqli or PDO instead
Error File: /var/www/html/imgload/source/includes/database.php
Error Line: 20
====================================================================
====================================================================
Time Encountered: October 15, 2019, 7:57:07 AM
Error Type: Warning (Error #2)
Error String: ob_start(): second array member is not a valid method
Error File: /var/www/html/imgload/source/includes/data.php
Error Line: 78
====================================================================
====================================================================
Time Encountered: October 15, 2019, 7:57:07 AM
Error Type: Unknown Error (Error #8192)
Error String: mysql_connect(): The mysql extension is deprecated and will be removed in the future: use mysqli or PDO instead
Error File: /var/www/html/imgload/source/includes/database.php
Error Line: 20
====================================================================
====================================================================
Time Encountered: October 15, 2019, 7:57:07 AM
Error Type: Unknown Error (Error #8192)
Error String: mysql_connect(): The mysql extension is deprecated and will be removed in the future: use mysqli or PDO instead
Error File: /var/www/html/imgload/conexion.php
Error Line: 6
====================================================================
====================================================================
Time Encountered: October 15, 2019, 7:57:11 AM
Error Type: Warning (Error #2)
Error String: ob_start(): second array member is not a valid method
Error File: /var/www/html/imgload/source/includes/data.php
Error Line: 78
====================================================================
====================================================================
Time Encountered: October 15, 2019, 7:57:11 AM
Error Type: Unknown Error (Error #8192)
Error String: mysql_connect(): The mysql extension is deprecated and will be removed in the future: use mysqli or PDO instead
Error File: /var/www/html/imgload/source/includes/database.php
Error Line: 20
====================================================================
====================================================================
Time Encountered: October 15, 2019, 7:57:11 AM
Error Type: Unknown Error (Error #8192)
Error String: mysql_connect(): The mysql extension is deprecated and will be removed in the future: use mysqli or PDO instead
Error File: /var/www/html/imgload/conexion.php
Error Line: 6
====================================================================
====================================================================
Time Encountered: October 15, 2019, 7:57:16 AM
Error Type: Warning (Error #2)
Error String: ob_start(): second array member is not a valid method
Error File: /var/www/html/imgload/source/includes/data.php
Error Line: 78
====================================================================
====================================================================
Time Encountered: October 15, 2019, 7:57:16 AM
Error Type: Unknown Error (Error #8192)
Error String: mysql_connect(): The mysql extension is deprecated and will be removed in the future: use mysqli or PDO instead
Error File: /var/www/html/imgload/source/includes/database.php
Error Line: 20
====================================================================
====================================================================
Time Encountered: October 15, 2019, 7:57:22 AM
Error Type: Warning (Error #2)
Error String: ob_start(): second array member is not a valid method
Error File: /var/www/html/imgload/source/includes/data.php
Error Line: 78
====================================================================
====================================================================
Time Encountered: October 15, 2019, 7:57:22 AM
Error Type: Unknown Error (Error #8192)
Error String: mysql_connect(): The mysql extension is deprecated and will be removed in the future: use mysqli or PDO instead
Error File: /var/www/html/imgload/source/includes/database.php
Error Line: 20
====================================================================
====================================================================
Time Encountered: October 15, 2019, 7:57:22 AM
Error Type: Unknown Error (Error #8192)
Error String: mysql_connect(): The mysql extension is deprecated and will be removed in the future: use mysqli or PDO instead
Error File: /var/www/html/imgload/conexion.php
Error Line: 6
====================================================================
====================================================================
Time Encountered: October 15, 2019, 7:57:34 AM
Error Type: Warning (Error #2)
Error String: ob_start(): second array member is not a valid method
Error File: /var/www/html/imgload/source/includes/data.php
Error Line: 78
====================================================================
====================================================================
Time Encountered: October 15, 2019, 7:57:34 AM
Error Type: Unknown Error (Error #8192)
Error String: mysql_connect(): The mysql extension is deprecated and will be removed in the future: use mysqli or PDO instead
Error File: /var/www/html/imgload/source/includes/database.php
Error Line: 20
====================================================================
====================================================================
Time Encountered: October 15, 2019, 7:57:34 AM
Error Type: Unknown Error (Error #8192)
Error String: mysql_connect(): The mysql extension is deprecated and will be removed in the future: use mysqli or PDO instead
Error File: /var/www/html/imgload/conexion.php
Error Line: 6
====================================================================
====================================================================
Time Encountered: October 15, 2019, 7:57:34 AM
Error Type: Warning (Error #2)
Error String: ob_start(): second array member is not a valid method
Error File: /var/www/html/imgload/source/includes/data.php
Error Line: 78
====================================================================
====================================================================
Time Encountered: October 15, 2019, 7:57:34 AM
Error Type: Unknown Error (Error #8192)
Error String: mysql_connect(): The mysql extension is deprecated and will be removed in the future: use mysqli or PDO instead
Error File: /var/www/html/imgload/source/includes/database.php
Error Line: 20
====================================================================
====================================================================
Time Encountered: October 15, 2019, 7:57:34 AM
Error Type: Unknown Error (Error #8192)
Error String: mysql_connect(): The mysql extension is deprecated and will be removed in the future: use mysqli or PDO instead
Error File: /var/www/html/imgload/conexion.php
Error Line: 6
====================================================================
====================================================================
Time Encountered: October 15, 2019, 7:57:38 AM
Error Type: Warning (Error #2)
Error String: ob_start(): second array member is not a valid method
Error File: /var/www/html/imgload/source/includes/data.php
Error Line: 78
====================================================================
====================================================================
Time Encountered: October 15, 2019, 7:57:38 AM
Error Type: Unknown Error (Error #8192)
Error String: mysql_connect(): The mysql extension is deprecated and will be removed in the future: use mysqli or PDO instead
Error File: /var/www/html/imgload/source/includes/database.php
Error Line: 20
====================================================================
====================================================================
Time Encountered: October 15, 2019, 7:57:38 AM
Error Type: Unknown Error (Error #8192)
Error String: mysql_connect(): The mysql extension is deprecated and will be removed in the future: use mysqli or PDO instead
Error File: /var/www/html/imgload/configuracion.php
Error Line: 6
====================================================================
====================================================================
Time Encountered: October 15, 2019, 7:57:41 AM
Error Type: Warning (Error #2)
Error String: ob_start(): second array member is not a valid method
Error File: /var/www/html/imgload/source/includes/data.php
Error Line: 78
====================================================================
====================================================================
Time Encountered: October 15, 2019, 7:57:41 AM
Error Type: Unknown Error (Error #8192)
Error String: mysql_connect(): The mysql extension is deprecated and will be removed in the future: use mysqli or PDO instead
Error File: /var/www/html/imgload/source/includes/database.php
Error Line: 20
====================================================================
====================================================================
Time Encountered: October 15, 2019, 7:57:41 AM
Error Type: Unknown Error (Error #8192)
Error String: mysql_connect(): The mysql extension is deprecated and will be removed in the future: use mysqli or PDO instead
Error File: /var/www/html/imgload/configuracion.php
Error Line: 6
====================================================================
====================================================================
Time Encountered: October 15, 2019, 7:57:41 AM
Error Type: Unknown Error (Error #8192)
Error String: mysql_connect(): The mysql extension is deprecated and will be removed in the future: use mysqli or PDO instead
Error File: /var/www/html/imgload/conexion.php
Error Line: 6
====================================================================
====================================================================
Time Encountered: October 15, 2019, 7:57:41 AM
Error Type: Unknown Error (Error #8192)
Error String: mysql_connect(): The mysql extension is deprecated and will be removed in the future: use mysqli or PDO instead
Error File: /var/www/html/imgload/configuracion.php
Error Line: 6
====================================================================
====================================================================
Time Encountered: October 15, 2019, 7:57:41 AM
Error Type: Warning (Error #2)
Error String: ob_start(): second array member is not a valid method
Error File: /var/www/html/imgload/source/includes/data.php
Error Line: 78
====================================================================
====================================================================
Time Encountered: October 15, 2019, 7:57:41 AM
Error Type: Unknown Error (Error #8192)
Error String: mysql_connect(): The mysql extension is deprecated and will be removed in the future: use mysqli or PDO instead
Error File: /var/www/html/imgload/source/includes/database.php
Error Line: 20
====================================================================
====================================================================
Time Encountered: October 15, 2019, 7:57:41 AM
Error Type: Unknown Error (Error #8192)
Error String: mysql_connect(): The mysql extension is deprecated and will be removed in the future: use mysqli or PDO instead
Error File: /var/www/html/imgload/conexion.php
Error Line: 6
====================================================================
====================================================================
Time Encountered: October 15, 2019, 7:57:52 AM
Error Type: Warning (Error #2)
Error String: ob_start(): second array member is not a valid method
Error File: /var/www/html/imgload/source/includes/data.php
Error Line: 78
====================================================================
====================================================================
Time Encountered: October 15, 2019, 7:57:52 AM
Error Type: Unknown Error (Error #8192)
Error String: mysql_connect(): The mysql extension is deprecated and will be removed in the future: use mysqli or PDO instead
Error File: /var/www/html/imgload/source/includes/database.php
Error Line: 20
====================================================================
====================================================================
Time Encountered: October 15, 2019, 7:57:57 AM
Error Type: Warning (Error #2)
Error String: ob_start(): second array member is not a valid method
Error File: /var/www/html/imgload/source/includes/data.php
Error Line: 78
====================================================================
====================================================================
Time Encountered: October 15, 2019, 7:57:57 AM
Error Type: Unknown Error (Error #8192)
Error String: mysql_connect(): The mysql extension is deprecated and will be removed in the future: use mysqli or PDO instead
Error File: /var/www/html/imgload/source/includes/database.php
Error Line: 20
====================================================================
====================================================================
Time Encountered: October 15, 2019, 7:57:57 AM
Error Type: Unknown Error (Error #8192)
Error String: mysql_connect(): The mysql extension is deprecated and will be removed in the future: use mysqli or PDO instead
Error File: /var/www/html/imgload/conexion.php
Error Line: 6
====================================================================
====================================================================
Time Encountered: October 15, 2019, 7:58:06 AM
Error Type: Warning (Error #2)
Error String: ob_start(): second array member is not a valid method
Error File: /var/www/html/imgload/source/includes/data.php
Error Line: 78
====================================================================
====================================================================
Time Encountered: October 15, 2019, 7:58:06 AM
Error Type: Unknown Error (Error #8192)
Error String: mysql_connect(): The mysql extension is deprecated and will be removed in the future: use mysqli or PDO instead
Error File: /var/www/html/imgload/source/includes/database.php
Error Line: 20
====================================================================
====================================================================
Time Encountered: October 15, 2019, 7:58:06 AM
Error Type: Unknown Error (Error #8192)
Error String: mysql_connect(): The mysql extension is deprecated and will be removed in the future: use mysqli or PDO instead
Error File: /var/www/html/imgload/conexion.php
Error Line: 6
====================================================================
====================================================================
Time Encountered: October 15, 2019, 7:58:26 AM
Error Type: Warning (Error #2)
Error String: ob_start(): second array member is not a valid method
Error File: /var/www/html/imgload/source/includes/data.php
Error Line: 78
====================================================================
====================================================================
Time Encountered: October 15, 2019, 7:58:26 AM
Error Type: Unknown Error (Error #8192)
Error String: mysql_connect(): The mysql extension is deprecated and will be removed in the future: use mysqli or PDO instead
Error File: /var/www/html/imgload/source/includes/database.php
Error Line: 20
====================================================================
====================================================================
Time Encountered: October 15, 2019, 7:58:26 AM
Error Type: Unknown Error (Error #8192)
Error String: mysql_connect(): The mysql extension is deprecated and will be removed in the future: use mysqli or PDO instead
Error File: /var/www/html/imgload/conexion.php
Error Line: 6
====================================================================
====================================================================
Time Encountered: October 15, 2019, 7:58:33 AM
Error Type: Warning (Error #2)
Error String: ob_start(): second array member is not a valid method
Error File: /var/www/html/imgload/source/includes/data.php
Error Line: 78
====================================================================
====================================================================
Time Encountered: October 15, 2019, 7:58:33 AM
Error Type: Unknown Error (Error #8192)
Error String: mysql_connect(): The mysql extension is deprecated and will be removed in the future: use mysqli or PDO instead
Error File: /var/www/html/imgload/source/includes/database.php
Error Line: 20
====================================================================
====================================================================
Time Encountered: October 15, 2019, 7:58:45 AM
Error Type: Warning (Error #2)
Error String: ob_start(): second array member is not a valid method
Error File: /var/www/html/imgload/source/includes/data.php
Error Line: 78
====================================================================
====================================================================
Time Encountered: October 15, 2019, 7:58:45 AM
Error Type: Unknown Error (Error #8192)
Error String: mysql_connect(): The mysql extension is deprecated and will be removed in the future: use mysqli or PDO instead
Error File: /var/www/html/imgload/source/includes/database.php
Error Line: 20
====================================================================
====================================================================
Time Encountered: October 15, 2019, 7:59:05 AM
Error Type: Warning (Error #2)
Error String: ob_start(): second array member is not a valid method
Error File: /var/www/html/imgload/source/includes/data.php
Error Line: 78
====================================================================
====================================================================
Time Encountered: October 15, 2019, 7:59:05 AM
Error Type: Unknown Error (Error #8192)
Error String: mysql_connect(): The mysql extension is deprecated and will be removed in the future: use mysqli or PDO instead
Error File: /var/www/html/imgload/source/includes/database.php
Error Line: 20
====================================================================
====================================================================
Time Encountered: October 15, 2019, 8:01:27 AM
Error Type: Warning (Error #2)
Error String: ob_start(): second array member is not a valid method
Error File: /var/www/html/imgload/source/includes/data.php
Error Line: 78
====================================================================
====================================================================
Time Encountered: October 15, 2019, 8:01:27 AM
Error Type: Unknown Error (Error #8192)
Error String: mysql_connect(): The mysql extension is deprecated and will be removed in the future: use mysqli or PDO instead
Error File: /var/www/html/imgload/source/includes/database.php
Error Line: 20
====================================================================
====================================================================
Time Encountered: October 15, 2019, 8:01:27 AM
Error Type: Unknown Error (Error #8192)
Error String: mysql_connect(): The mysql extension is deprecated and will be removed in the future: use mysqli or PDO instead
Error File: /var/www/html/imgload/conexion.php
Error Line: 6
====================================================================
====================================================================
Time Encountered: October 15, 2019, 8:01:36 AM
Error Type: Warning (Error #2)
Error String: ob_start(): second array member is not a valid method
Error File: /var/www/html/imgload/source/includes/data.php
Error Line: 78
====================================================================
====================================================================
Time Encountered: October 15, 2019, 8:01:36 AM
Error Type: Unknown Error (Error #8192)
Error String: mysql_connect(): The mysql extension is deprecated and will be removed in the future: use mysqli or PDO instead
Error File: /var/www/html/imgload/source/includes/database.php
Error Line: 20
====================================================================
====================================================================
Time Encountered: October 15, 2019, 8:01:39 AM
Error Type: Warning (Error #2)
Error String: ob_start(): second array member is not a valid method
Error File: /var/www/html/imgload/source/includes/data.php
Error Line: 78
====================================================================
====================================================================
Time Encountered: October 15, 2019, 8:01:39 AM
Error Type: Unknown Error (Error #8192)
Error String: mysql_connect(): The mysql extension is deprecated and will be removed in the future: use mysqli or PDO instead
Error File: /var/www/html/imgload/source/includes/database.php
Error Line: 20
====================================================================
====================================================================
Time Encountered: October 15, 2019, 8:04:16 AM
Error Type: Warning (Error #2)
Error String: ob_start(): second array member is not a valid method
Error File: /var/www/html/imgload/source/includes/data.php
Error Line: 78
====================================================================
====================================================================
Time Encountered: October 15, 2019, 8:04:16 AM
Error Type: Unknown Error (Error #8192)
Error String: mysql_connect(): The mysql extension is deprecated and will be removed in the future: use mysqli or PDO instead
Error File: /var/www/html/imgload/source/includes/database.php
Error Line: 20
====================================================================
====================================================================
Time Encountered: October 15, 2019, 8:04:22 AM
Error Type: Warning (Error #2)
Error String: ob_start(): second array member is not a valid method
Error File: /var/www/html/imgload/source/includes/data.php
Error Line: 78
====================================================================
====================================================================
Time Encountered: October 15, 2019, 8:04:22 AM
Error Type: Unknown Error (Error #8192)
Error String: mysql_connect(): The mysql extension is deprecated and will be removed in the future: use mysqli or PDO instead
Error File: /var/www/html/imgload/source/includes/database.php
Error Line: 20
====================================================================
====================================================================
Time Encountered: October 15, 2019, 8:04:22 AM
Error Type: Unknown Error (Error #8192)
Error String: mysql_connect(): The mysql extension is deprecated and will be removed in the future: use mysqli or PDO instead
Error File: /var/www/html/imgload/conexion.php
Error Line: 6
====================================================================
====================================================================
Time Encountered: October 15, 2019, 8:04:25 AM
Error Type: Warning (Error #2)
Error String: ob_start(): second array member is not a valid method
Error File: /var/www/html/imgload/source/includes/data.php
Error Line: 78
====================================================================
====================================================================
Time Encountered: October 15, 2019, 8:04:25 AM
Error Type: Unknown Error (Error #8192)
Error String: mysql_connect(): The mysql extension is deprecated and will be removed in the future: use mysqli or PDO instead
Error File: /var/www/html/imgload/source/includes/database.php
Error Line: 20
====================================================================
====================================================================
Time Encountered: October 15, 2019, 8:04:25 AM
Error Type: Unknown Error (Error #8192)
Error String: mysql_connect(): The mysql extension is deprecated and will be removed in the future: use mysqli or PDO instead
Error File: /var/www/html/imgload/conexion.php
Error Line: 6
====================================================================
====================================================================
Time Encountered: October 15, 2019, 8:04:30 AM
Error Type: Warning (Error #2)
Error String: ob_start(): second array member is not a valid method
Error File: /var/www/html/imgload/source/includes/data.php
Error Line: 78
====================================================================
====================================================================
Time Encountered: October 15, 2019, 8:04:30 AM
Error Type: Unknown Error (Error #8192)
Error String: mysql_connect(): The mysql extension is deprecated and will be removed in the future: use mysqli or PDO instead
Error File: /var/www/html/imgload/source/includes/database.php
Error Line: 20
====================================================================
====================================================================
Time Encountered: October 15, 2019, 8:04:30 AM
Error Type: Unknown Error (Error #8192)
Error String: mysql_connect(): The mysql extension is deprecated and will be removed in the future: use mysqli or PDO instead
Error File: /var/www/html/imgload/conexion.php
Error Line: 6
====================================================================
====================================================================
Time Encountered: October 15, 2019, 8:04:40 AM
Error Type: Warning (Error #2)
Error String: ob_start(): second array member is not a valid method
Error File: /var/www/html/imgload/source/includes/data.php
Error Line: 78
====================================================================
====================================================================
Time Encountered: October 15, 2019, 8:04:40 AM
Error Type: Unknown Error (Error #8192)
Error String: mysql_connect(): The mysql extension is deprecated and will be removed in the future: use mysqli or PDO instead
Error File: /var/www/html/imgload/source/includes/database.php
Error Line: 20
====================================================================
====================================================================
Time Encountered: October 15, 2019, 8:04:40 AM
Error Type: Unknown Error (Error #8192)
Error String: mysql_connect(): The mysql extension is deprecated and will be removed in the future: use mysqli or PDO instead
Error File: /var/www/html/imgload/conexion.php
Error Line: 6
====================================================================
====================================================================
Time Encountered: October 15, 2019, 8:04:40 AM
Error Type: Warning (Error #2)
Error String: ob_start(): second array member is not a valid method
Error File: /var/www/html/imgload/source/includes/data.php
Error Line: 78
====================================================================
====================================================================
Time Encountered: October 15, 2019, 8:04:40 AM
Error Type: Unknown Error (Error #8192)
Error String: mysql_connect(): The mysql extension is deprecated and will be removed in the future: use mysqli or PDO instead
Error File: /var/www/html/imgload/source/includes/database.php
Error Line: 20
====================================================================
====================================================================
Time Encountered: October 15, 2019, 8:04:43 AM
Error Type: Warning (Error #2)
Error String: ob_start(): second array member is not a valid method
Error File: /var/www/html/imgload/source/includes/data.php
Error Line: 78
====================================================================
====================================================================
Time Encountered: October 15, 2019, 8:04:43 AM
Error Type: Unknown Error (Error #8192)
Error String: mysql_connect(): The mysql extension is deprecated and will be removed in the future: use mysqli or PDO instead
Error File: /var/www/html/imgload/source/includes/database.php
Error Line: 20
====================================================================
====================================================================
Time Encountered: October 15, 2019, 8:04:43 AM
Error Type: Unknown Error (Error #8192)
Error String: mysql_connect(): The mysql extension is deprecated and will be removed in the future: use mysqli or PDO instead
Error File: /var/www/html/imgload/conexion.php
Error Line: 6
====================================================================
====================================================================
Time Encountered: October 15, 2019, 8:04:46 AM
Error Type: Warning (Error #2)
Error String: ob_start(): second array member is not a valid method
Error File: /var/www/html/imgload/source/includes/data.php
Error Line: 78
====================================================================
====================================================================
Time Encountered: October 15, 2019, 8:04:46 AM
Error Type: Unknown Error (Error #8192)
Error String: mysql_connect(): The mysql extension is deprecated and will be removed in the future: use mysqli or PDO instead
Error File: /var/www/html/imgload/source/includes/database.php
Error Line: 20
====================================================================
====================================================================
Time Encountered: October 15, 2019, 8:04:46 AM
Error Type: Unknown Error (Error #8192)
Error String: mysql_connect(): The mysql extension is deprecated and will be removed in the future: use mysqli or PDO instead
Error File: /var/www/html/imgload/conexion.php
Error Line: 6
====================================================================
====================================================================
Time Encountered: October 15, 2019, 8:05:53 AM
Error Type: Warning (Error #2)
Error String: ob_start(): second array member is not a valid method
Error File: /var/www/html/imgload/source/includes/data.php
Error Line: 78
====================================================================
====================================================================
Time Encountered: October 15, 2019, 8:05:53 AM
Error Type: Unknown Error (Error #8192)
Error String: mysql_connect(): The mysql extension is deprecated and will be removed in the future: use mysqli or PDO instead
Error File: /var/www/html/imgload/source/includes/database.php
Error Line: 20
====================================================================
====================================================================
Time Encountered: October 15, 2019, 8:05:53 AM
Error Type: Unknown Error (Error #8192)
Error String: mysql_connect(): The mysql extension is deprecated and will be removed in the future: use mysqli or PDO instead
Error File: /var/www/html/imgload/conexion.php
Error Line: 6
====================================================================
====================================================================
Time Encountered: October 15, 2019, 8:05:53 AM
Error Type: Warning (Error #2)
Error String: ob_start(): second array member is not a valid method
Error File: /var/www/html/imgload/source/includes/data.php
Error Line: 78
====================================================================
====================================================================
Time Encountered: October 15, 2019, 8:05:53 AM
Error Type: Unknown Error (Error #8192)
Error String: mysql_connect(): The mysql extension is deprecated and will be removed in the future: use mysqli or PDO instead
Error File: /var/www/html/imgload/source/includes/database.php
Error Line: 20
====================================================================
====================================================================
Time Encountered: October 15, 2019, 8:05:57 AM
Error Type: Warning (Error #2)
Error String: ob_start(): second array member is not a valid method
Error File: /var/www/html/imgload/source/includes/data.php
Error Line: 78
====================================================================
====================================================================
Time Encountered: October 15, 2019, 8:05:57 AM
Error Type: Unknown Error (Error #8192)
Error String: mysql_connect(): The mysql extension is deprecated and will be removed in the future: use mysqli or PDO instead
Error File: /var/www/html/imgload/source/includes/database.php
Error Line: 20
====================================================================
====================================================================
Time Encountered: October 15, 2019, 8:05:57 AM
Error Type: Unknown Error (Error #8192)
Error String: mysql_connect(): The mysql extension is deprecated and will be removed in the future: use mysqli or PDO instead
Error File: /var/www/html/imgload/conexion.php
Error Line: 6
====================================================================
====================================================================
Time Encountered: October 15, 2019, 8:06:00 AM
Error Type: Warning (Error #2)
Error String: ob_start(): second array member is not a valid method
Error File: /var/www/html/imgload/source/includes/data.php
Error Line: 78
====================================================================
====================================================================
Time Encountered: October 15, 2019, 8:06:00 AM
Error Type: Unknown Error (Error #8192)
Error String: mysql_connect(): The mysql extension is deprecated and will be removed in the future: use mysqli or PDO instead
Error File: /var/www/html/imgload/source/includes/database.php
Error Line: 20
====================================================================
====================================================================
Time Encountered: October 15, 2019, 8:06:00 AM
Error Type: Unknown Error (Error #8192)
Error String: mysql_connect(): The mysql extension is deprecated and will be removed in the future: use mysqli or PDO instead
Error File: /var/www/html/imgload/conexion.php
Error Line: 6
====================================================================
====================================================================
Time Encountered: October 15, 2019, 8:06:05 AM
Error Type: Warning (Error #2)
Error String: ob_start(): second array member is not a valid method
Error File: /var/www/html/imgload/source/includes/data.php
Error Line: 78
====================================================================
====================================================================
Time Encountered: October 15, 2019, 8:06:05 AM
Error Type: Unknown Error (Error #8192)
Error String: mysql_connect(): The mysql extension is deprecated and will be removed in the future: use mysqli or PDO instead
Error File: /var/www/html/imgload/source/includes/database.php
Error Line: 20
====================================================================
====================================================================
Time Encountered: October 15, 2019, 8:06:05 AM
Error Type: Unknown Error (Error #8192)
Error String: mysql_connect(): The mysql extension is deprecated and will be removed in the future: use mysqli or PDO instead
Error File: /var/www/html/imgload/conexion.php
Error Line: 6
====================================================================
====================================================================
Time Encountered: October 15, 2019, 8:06:06 AM
Error Type: Warning (Error #2)
Error String: ob_start(): second array member is not a valid method
Error File: /var/www/html/imgload/source/includes/data.php
Error Line: 78
====================================================================
====================================================================
Time Encountered: October 15, 2019, 8:06:06 AM
Error Type: Unknown Error (Error #8192)
Error String: mysql_connect(): The mysql extension is deprecated and will be removed in the future: use mysqli or PDO instead
Error File: /var/www/html/imgload/source/includes/database.php
Error Line: 20
====================================================================
====================================================================
Time Encountered: October 15, 2019, 8:06:06 AM
Error Type: Warning (Error #2)
Error String: ob_start(): second array member is not a valid method
Error File: /var/www/html/imgload/source/includes/data.php
Error Line: 78
====================================================================
====================================================================
Time Encountered: October 15, 2019, 8:06:06 AM
Error Type: Unknown Error (Error #8192)
Error String: mysql_connect(): The mysql extension is deprecated and will be removed in the future: use mysqli or PDO instead
Error File: /var/www/html/imgload/source/includes/database.php
Error Line: 20
====================================================================
====================================================================
Time Encountered: October 15, 2019, 8:06:06 AM
Error Type: Unknown Error (Error #8192)
Error String: mysql_connect(): The mysql extension is deprecated and will be removed in the future: use mysqli or PDO instead
Error File: /var/www/html/imgload/conexion.php
Error Line: 6
====================================================================
====================================================================
Time Encountered: October 15, 2019, 8:13:33 AM
Error Type: Warning (Error #2)
Error String: ob_start(): second array member is not a valid method
Error File: /var/www/html/imgload/source/includes/data.php
Error Line: 78
====================================================================
====================================================================
Time Encountered: October 15, 2019, 8:13:33 AM
Error Type: Unknown Error (Error #8192)
Error String: mysql_connect(): The mysql extension is deprecated and will be removed in the future: use mysqli or PDO instead
Error File: /var/www/html/imgload/source/includes/database.php
Error Line: 20
====================================================================
====================================================================
Time Encountered: October 15, 2019, 8:13:33 AM
Error Type: Unknown Error (Error #8192)
Error String: mysql_connect(): The mysql extension is deprecated and will be removed in the future: use mysqli or PDO instead
Error File: /var/www/html/imgload/conexion.php
Error Line: 6
====================================================================
