====================================================================
Time Encountered: December 11, 2013, 12:15:13 AM
Error Type: Fatal Error (Error #1)
Error String: Class 'DateInterval' not found
Error File: /home/a8607771/public_html/imgdino/stats.php
Error Line: 431
====================================================================
====================================================================
Time Encountered: December 11, 2013, 12:18:17 AM
Error Type: Fatal Error (Error #1)
Error String: Class 'DateInterval' not found
Error File: /home/a8607771/public_html/imgdino/stats.php
Error Line: 431
====================================================================
====================================================================
Time Encountered: December 11, 2013, 12:51:22 AM
Error Type: Fatal Error (Error #1)
Error String: Class 'DateInterval' not found
Error File: /home/a8607771/public_html/imgdino/stats.php
Error Line: 431
====================================================================
====================================================================
Time Encountered: December 11, 2013, 12:52:50 AM
Error Type: Fatal Error (Error #1)
Error String: Class 'DateInterval' not found
Error File: /home/a8607771/public_html/imgdino/stats.php
Error Line: 431
====================================================================
====================================================================
Time Encountered: December 11, 2013, 1:00:16 AM
Error Type: Fatal Error (Error #1)
Error String: Class 'DateInterval' not found
Error File: /home/a8607771/public_html/imgdino/stats.php
Error Line: 431
====================================================================
====================================================================
Time Encountered: December 11, 2013, 1:00:42 AM
Error Type: Fatal Error (Error #1)
Error String: Class 'DateInterval' not found
Error File: /home/a8607771/public_html/imgdino/stats.php
Error Line: 431
====================================================================
====================================================================
Time Encountered: December 11, 2013, 1:04:46 AM
Error Type: Fatal Error (Error #1)
Error String: Class 'DateInterval' not found
Error File: /home/a8607771/public_html/imgdino/stats.php
Error Line: 431
====================================================================
====================================================================
Time Encountered: December 11, 2013, 1:06:00 AM
Error Type: Fatal Error (Error #1)
Error String: Class 'DateInterval' not found
Error File: /home/a8607771/public_html/imgdino/stats.php
Error Line: 431
====================================================================
====================================================================
Time Encountered: December 11, 2013, 3:13:37 AM
Error Type: Warning (Error #2)
Error String: gethostbyaddr() [<a href='function.gethostbyaddr'>function.gethostbyaddr</a>]: Address is not a valid IPv4 or IPv6 address
Error File: /home/a8607771/public_html/imgdino/flash.php
Error Line: 53
====================================================================
====================================================================
Time Encountered: December 11, 2013, 3:13:43 AM
Error Type: Warning (Error #2)
Error String: gethostbyaddr() [<a href='function.gethostbyaddr'>function.gethostbyaddr</a>]: Address is not a valid IPv4 or IPv6 address
Error File: /home/a8607771/public_html/imgdino/flash.php
Error Line: 53
====================================================================
====================================================================
Time Encountered: December 11, 2013, 3:13:49 AM
Error Type: Warning (Error #2)
Error String: gethostbyaddr() [<a href='function.gethostbyaddr'>function.gethostbyaddr</a>]: Address is not a valid IPv4 or IPv6 address
Error File: /home/a8607771/public_html/imgdino/flash.php
Error Line: 53
====================================================================
====================================================================
Time Encountered: December 11, 2013, 3:13:55 AM
Error Type: Warning (Error #2)
Error String: gethostbyaddr() [<a href='function.gethostbyaddr'>function.gethostbyaddr</a>]: Address is not a valid IPv4 or IPv6 address
Error File: /home/a8607771/public_html/imgdino/flash.php
Error Line: 53
====================================================================
====================================================================
Time Encountered: December 11, 2013, 3:22:32 AM
Error Type: Warning (Error #2)
Error String: gethostbyaddr() [<a href='function.gethostbyaddr'>function.gethostbyaddr</a>]: Address is not a valid IPv4 or IPv6 address
Error File: /home/a8607771/public_html/imgdino/flash.php
Error Line: 53
====================================================================
====================================================================
Time Encountered: December 11, 2013, 3:29:09 AM
Error Type: Warning (Error #2)
Error String: gethostbyaddr() [<a href='function.gethostbyaddr'>function.gethostbyaddr</a>]: Address is not a valid IPv4 or IPv6 address
Error File: /home/a8607771/public_html/imgdino/shower.php
Error Line: 53
====================================================================
====================================================================
Time Encountered: December 11, 2013, 4:12:17 AM
Error Type: Warning (Error #2)
Error String: gethostbyaddr() [<a href='function.gethostbyaddr'>function.gethostbyaddr</a>]: Address is not a valid IPv4 or IPv6 address
Error File: /home/a8607771/public_html/imgdino/flash.php
Error Line: 53
====================================================================
====================================================================
Time Encountered: December 11, 2013, 4:15:25 AM
Error Type: Warning (Error #2)
Error String: gethostbyaddr() [<a href='function.gethostbyaddr'>function.gethostbyaddr</a>]: Address is not a valid IPv4 or IPv6 address
Error File: /home/a8607771/public_html/imgdino/flash.php
Error Line: 53
====================================================================
====================================================================
Time Encountered: December 11, 2013, 4:16:25 AM
Error Type: Warning (Error #2)
Error String: gethostbyaddr() [<a href='function.gethostbyaddr'>function.gethostbyaddr</a>]: Address is not a valid IPv4 or IPv6 address
Error File: /home/a8607771/public_html/imgdino/flash.php
Error Line: 53
====================================================================
====================================================================
Time Encountered: December 11, 2013, 4:16:50 AM
Error Type: Warning (Error #2)
Error String: gethostbyaddr() [<a href='function.gethostbyaddr'>function.gethostbyaddr</a>]: Address is not a valid IPv4 or IPv6 address
Error File: /home/a8607771/public_html/imgdino/flash.php
Error Line: 53
====================================================================
====================================================================
Time Encountered: December 11, 2013, 4:19:04 AM
Error Type: Fatal Error (Error #1)
Error String: Class 'DateInterval' not found
Error File: /home/a8607771/public_html/imgdino/stats.php
Error Line: 431
====================================================================
====================================================================
Time Encountered: December 11, 2013, 3:33:31 PM
Error Type: Fatal Error (Error #1)
Error String: Class 'DateInterval' not found
Error File: /home/a8607771/public_html/imgdino/stats.php
Error Line: 431
====================================================================
====================================================================
Time Encountered: December 11, 2013, 3:34:20 PM
Error Type: Fatal Error (Error #1)
Error String: Class 'DateInterval' not found
Error File: /home/a8607771/public_html/imgdino/stats.php
Error Line: 431
====================================================================
====================================================================
Time Encountered: December 11, 2013, 3:35:59 PM
Error Type: Fatal Error (Error #1)
Error String: Class 'DateInterval' not found
Error File: /home/a8607771/public_html/imgdino/stats.php
Error Line: 431
====================================================================
====================================================================
Time Encountered: December 11, 2013, 3:37:13 PM
Error Type: Fatal Error (Error #1)
Error String: Class 'DateInterval' not found
Error File: /home/a8607771/public_html/imgdino/adminstats.php
Error Line: 407
====================================================================
====================================================================
Time Encountered: December 11, 2013, 3:37:59 PM
Error Type: Fatal Error (Error #1)
Error String: Class 'DateInterval' not found
Error File: /home/a8607771/public_html/imgdino/adminstats.php
Error Line: 407
====================================================================
====================================================================
Time Encountered: December 11, 2013, 3:38:03 PM
Error Type: Fatal Error (Error #1)
Error String: Class 'DateInterval' not found
Error File: /home/a8607771/public_html/imgdino/adminstats.php
Error Line: 407
====================================================================
====================================================================
Time Encountered: December 11, 2013, 3:38:07 PM
Error Type: Fatal Error (Error #1)
Error String: Class 'DateInterval' not found
Error File: /home/a8607771/public_html/imgdino/adminstats.php
Error Line: 407
====================================================================
====================================================================
Time Encountered: December 11, 2013, 3:38:30 PM
Error Type: Fatal Error (Error #1)
Error String: Class 'DateInterval' not found
Error File: /home/a8607771/public_html/imgdino/stats.php
Error Line: 431
====================================================================
====================================================================
Time Encountered: December 11, 2013, 11:51:55 PM
Error Type: Warning (Error #2)
Error String: gethostbyaddr() [<a href='function.gethostbyaddr'>function.gethostbyaddr</a>]: Address is not a valid IPv4 or IPv6 address
Error File: /home/a8607771/public_html/imgdino/flash.php
Error Line: 53
====================================================================
====================================================================
Time Encountered: December 11, 2013, 11:53:07 PM
Error Type: Fatal Error (Error #1)
Error String: Class 'DateInterval' not found
Error File: /home/a8607771/public_html/imgdino/stats.php
Error Line: 431
====================================================================
