====================================================================
Time Encountered: December 29, 2013, 4:52:04 AM
Error Type: Fatal Error (Error #1)
Error String: Class 'DateInterval' not found
Error File: /home/a8607771/public_html/imgrex/stats.php
Error Line: 431
====================================================================
====================================================================
Time Encountered: December 29, 2013, 4:54:37 AM
Error Type: Fatal Error (Error #1)
Error String: Class 'DateInterval' not found
Error File: /home/a8607771/public_html/imgrex/adminstats.php
Error Line: 407
====================================================================
====================================================================
Time Encountered: December 29, 2013, 4:54:42 AM
Error Type: Fatal Error (Error #1)
Error String: Class 'DateInterval' not found
Error File: /home/a8607771/public_html/imgrex/adminstats.php
Error Line: 407
====================================================================
====================================================================
Time Encountered: December 29, 2013, 5:21:17 AM
Error Type: Fatal Error (Error #1)
Error String: Class 'DateInterval' not found
Error File: /home/a8607771/public_html/imgrex/stats.php
Error Line: 431
====================================================================
====================================================================
Time Encountered: December 29, 2013, 5:22:11 AM
Error Type: Fatal Error (Error #1)
Error String: Class 'DateInterval' not found
Error File: /home/a8607771/public_html/imgrex/stats.php
Error Line: 431
====================================================================
