====================================================================
Query Executed: No Query Executed
Time Encountered: September 30, 2013, 11:10:43 PM
URL Location: http://imgcookie.net23.net/index.php?module=thumbnail&file=50440124894407312768.jpg
IP Address: 190.30.83.151
Error: User a8607771_imgcook already has more than 'max_user_connections' active connections
Error Number: 1203
====================================================================
====================================================================
Query Executed: No Query Executed
Time Encountered: September 30, 2013, 11:16:33 PM
URL Location: http://imgcookie.net23.net/index.php?module=thumbnail&file=50548556933159809620.jpg
IP Address: 190.30.83.151
Error: User a8607771_imgcook already has more than 'max_user_connections' active connections
Error Number: 1203
====================================================================
====================================================================
Query Executed: No Query Executed
Time Encountered: September 30, 2013, 11:20:28 PM
URL Location: http://imgcookie.net23.net/index.php?module=thumbnail&file=10591348511176635177.jpg
IP Address: 190.30.83.151
Error: User a8607771_imgcook already has more than 'max_user_connections' active connections
Error Number: 1203
====================================================================
====================================================================
Query Executed: No Query Executed
Time Encountered: September 30, 2013, 11:25:17 PM
URL Location: http://imgcookie.net23.net/index.php?module=thumbnail&file=18700398418181397828.jpg
IP Address: 190.30.83.151
Error: User a8607771_imgcook already has more than 'max_user_connections' active connections
Error Number: 1203
====================================================================
====================================================================
Query Executed: No Query Executed
Time Encountered: September 30, 2013, 11:33:27 PM
URL Location: http://imgcookie.net23.net/index.php?module=thumbnail&file=91437305791952994964.jpg
IP Address: 190.30.83.151
Error: User a8607771_imgcook already has more than 'max_user_connections' active connections
Error Number: 1203
====================================================================
====================================================================
Query Executed: No Query Executed
Time Encountered: September 30, 2013, 11:33:27 PM
URL Location: http://imgcookie.net23.net/index.php?module=thumbnail&file=83966542031884708741.jpg
IP Address: 190.30.83.151
Error: User a8607771_imgcook already has more than 'max_user_connections' active connections
Error Number: 1203
====================================================================
====================================================================
Query Executed: No Query Executed
Time Encountered: September 30, 2013, 11:33:27 PM
URL Location: http://imgcookie.net23.net/index.php?module=thumbnail&file=05883660076232910208.jpg
IP Address: 190.30.83.151
Error: User a8607771_imgcook already has more than 'max_user_connections' active connections
Error Number: 1203
====================================================================
====================================================================
Query Executed: No Query Executed
Time Encountered: September 30, 2013, 11:36:50 PM
URL Location: http://imgcookie.net23.net/index.php?module=thumbnail&file=18700398418181397828.jpg
IP Address: 190.30.83.151
Error: User a8607771_imgcook already has more than 'max_user_connections' active connections
Error Number: 1203
====================================================================
====================================================================
Query Executed: No Query Executed
Time Encountered: September 30, 2013, 11:40:51 PM
URL Location: http://imgcookie.net23.net/index.php?module=thumbnail&file=83966542031884708741.jpg
IP Address: 190.30.83.151
Error: User a8607771_imgcook already has more than 'max_user_connections' active connections
Error Number: 1203
====================================================================
====================================================================
Query Executed: No Query Executed
Time Encountered: September 30, 2013, 11:42:50 PM
URL Location: http://imgcookie.net23.net/index.php?module=thumbnail&file=83966542031884708741.jpg
IP Address: 190.30.83.151
Error: User a8607771_imgcook already has more than 'max_user_connections' active connections
Error Number: 1203
====================================================================
====================================================================
Query Executed: No Query Executed
Time Encountered: September 30, 2013, 11:45:56 PM
URL Location: http://imgcookie.net23.net/index.php?module=thumbnail&file=05883660076232910208.jpg
IP Address: 190.30.83.151
Error: User a8607771_imgcook already has more than 'max_user_connections' active connections
Error Number: 1203
====================================================================
====================================================================
Query Executed: No Query Executed
Time Encountered: September 30, 2013, 11:45:56 PM
URL Location: http://imgcookie.net23.net/index.php?module=thumbnail&file=83966542031884708741.jpg
IP Address: 190.30.83.151
Error: User a8607771_imgcook already has more than 'max_user_connections' active connections
Error Number: 1203
====================================================================
====================================================================
Query Executed: No Query Executed
Time Encountered: September 30, 2013, 11:56:47 PM
URL Location: http://imgcookie.net23.net/index.php?module=thumbnail&file=83966542031884708741.jpg
IP Address: 190.30.83.151
Error: User a8607771_imgcook already has more than 'max_user_connections' active connections
Error Number: 1203
====================================================================
====================================================================
Query Executed: No Query Executed
Time Encountered: September 30, 2013, 11:56:47 PM
URL Location: http://imgcookie.net23.net/index.php?module=thumbnail&file=18700398418181397828.jpg
IP Address: 190.30.83.151
Error: User a8607771_imgcook already has more than 'max_user_connections' active connections
Error Number: 1203
====================================================================
