====================================================================
Query Executed: No Query Executed
Time Encountered: October 2, 2013, 6:41:41 PM
URL Location: http://imgcookie.net23.net/index.php?module=thumbnail&file=92008334918745352562.gif
IP Address: 190.224.210.8
Error: User a8607771_imgcook already has more than 'max_user_connections' active connections
Error Number: 1203
====================================================================
====================================================================
Query Executed: No Query Executed
Time Encountered: October 2, 2013, 6:41:41 PM
URL Location: http://imgcookie.net23.net/index.php?module=thumbnail&file=30919495448234428994.jpg
IP Address: 190.224.210.8
Error: User a8607771_imgcook already has more than 'max_user_connections' active connections
Error Number: 1203
====================================================================
====================================================================
Query Executed: No Query Executed
Time Encountered: October 2, 2013, 6:42:26 PM
URL Location: http://imgcookie.net23.net/index.php?module=thumbnail&file=91612167654312451356.jpg
IP Address: 190.224.210.8
Error: User a8607771_imgcook already has more than 'max_user_connections' active connections
Error Number: 1203
====================================================================
====================================================================
Query Executed: No Query Executed
Time Encountered: October 2, 2013, 6:42:26 PM
URL Location: http://imgcookie.net23.net/index.php?module=thumbnail&file=92008334918745352562.gif
IP Address: 190.224.210.8
Error: User a8607771_imgcook already has more than 'max_user_connections' active connections
Error Number: 1203
====================================================================
