====================================================================
Query Executed: No Query Executed
Time Encountered: October 1, 2013, 12:05:25 AM
URL Location: http://imgcookie.net23.net/index.php?module=thumbnail&file=18700398418181397828.jpg
IP Address: 190.30.83.151
Error: User a8607771_imgcook already has more than 'max_user_connections' active connections
Error Number: 1203
====================================================================
====================================================================
Query Executed: No Query Executed
Time Encountered: October 1, 2013, 12:05:25 AM
URL Location: http://imgcookie.net23.net/index.php?module=thumbnail&file=83966542031884708741.jpg
IP Address: 190.30.83.151
Error: User a8607771_imgcook already has more than 'max_user_connections' active connections
Error Number: 1203
====================================================================
====================================================================
Query Executed: No Query Executed
Time Encountered: October 1, 2013, 1:23:32 AM
URL Location: http://imgcookie.net23.net/index.php?module=thumbnail&file=91437305791952994964.jpg
IP Address: 190.137.230.61
Error: User a8607771_imgcook already has more than 'max_user_connections' active connections
Error Number: 1203
====================================================================
====================================================================
Query Executed: No Query Executed
Time Encountered: October 1, 2013, 1:38:53 AM
URL Location: http://imgcookie.net23.net/index.php?module=thumbnail&file=05883660076232910208.jpg
IP Address: 190.137.230.61
Error: User a8607771_imgcook already has more than 'max_user_connections' active connections
Error Number: 1203
====================================================================
====================================================================
Query Executed: No Query Executed
Time Encountered: October 1, 2013, 1:38:53 AM
URL Location: http://imgcookie.net23.net/index.php?module=thumbnail&file=83966542031884708741.jpg
IP Address: 190.137.230.61
Error: User a8607771_imgcook already has more than 'max_user_connections' active connections
Error Number: 1203
====================================================================
